

   Time         sum(rTop)     sum(rRoot)    sum(vTop)     sum(vRoot)     sum(vBot)    hTop       hRoot      hBot      A-level
    [T]           [L]           [L]           [L]           [L]            [L]        [L]         [L]       [L] 

     1.00000 -0.239353E+00  0.259784E+00 -0.239353E+00  0.259784E+00 -0.534871E-01   -285.150   -330.907   -338.715       1
     2.00000 -0.233314E+00  0.463930E+00 -0.233244E+00  0.463930E+00 -0.104674E+00   -341.134   -337.937   -343.877       2
     3.00000 -0.226565E+00  0.676084E+00 -0.226516E+00  0.676084E+00 -0.154135E+00   -362.106   -344.721   -348.331       3
     4.00000 -0.344319E+00  0.834074E+00 -0.344269E+00  0.834074E+00 -0.202589E+00   -332.507   -346.894   -351.344       4
     5.00000 -0.313767E+00  0.121879E+01 -0.314002E+00  0.121879E+01 -0.249096E+00   -383.871   -357.282   -358.290       5
     6.00000 -0.282296E+00  0.161577E+01 -0.282561E+00  0.161577E+01 -0.292274E+00   -412.755   -369.503   -367.126       6
     7.00000 -0.249268E+00  0.203002E+01 -0.249577E+00  0.203002E+01 -0.332196E+00   -439.830   -382.675   -376.425       7
     8.00000 -0.214221E+00  0.247011E+01 -0.214660E+00  0.247011E+01 -0.367959E+00   -465.813   -396.754   -386.268       8
     9.00000 -0.172775E+00  0.297638E+01 -0.173546E+00  0.297638E+01 -0.401682E+00   -496.070   -413.342   -399.825       9
    10.00000 -0.128239E+00  0.351991E+01 -0.129198E+00  0.351991E+01 -0.432839E+00   -531.516   -432.813   -415.345      10
    11.00000 -0.776470E-01  0.413356E+01 -0.789578E-01  0.413356E+01 -0.461235E+00   -573.543   -454.067   -432.355      11
    12.00000 -0.324790E-01  0.468853E+01 -0.334950E-01  0.468853E+01 -0.486510E+00   -612.993   -478.302   -451.902      12
    13.00000  0.433359E-02  0.514873E+01  0.379372E-02  0.514873E+01 -0.508894E+00   -645.657   -500.378   -469.233      13
    14.00000  0.488459E-01  0.569625E+01  0.478674E-01  0.569625E+01 -0.528863E+00   -689.806   -520.908   -484.137      14
    15.00000  0.100626E+00  0.632640E+01  0.992319E-01  0.632640E+01 -0.547204E+00   -748.495   -548.923   -507.605      15
    16.00000  0.146054E+00  0.688686E+01  0.145010E+00  0.688685E+01 -0.563571E+00   -802.963   -580.099   -533.804      16
    17.00000  0.168293E+00  0.717293E+01  0.168628E+00  0.717293E+01 -0.578201E+00   -819.143   -607.217   -557.233      17
    18.00000  0.200234E+00  0.757543E+01  0.199984E+00  0.757543E+01 -0.591907E+00   -855.068   -622.615   -569.275      18
    19.00000  0.237365E+00  0.803656E+01  0.236820E+00  0.803656E+01 -0.604441E+00   -907.634   -647.363   -588.292      19
    20.00000  0.279430E+00  0.855250E+01  0.278610E+00  0.855249E+01 -0.615568E+00   -975.689   -673.948   -607.089      20
    21.00000  0.325049E+00  0.910873E+01  0.324027E+00  0.910873E+01 -0.625652E+00  -1062.889   -708.633   -635.010      21
    22.00000  0.369455E+00  0.965250E+01  0.368496E+00  0.965250E+01 -0.634727E+00  -1155.188   -746.315   -666.000      22
    23.00000  0.410984E+00  0.101643E+02  0.410185E+00  0.101643E+02 -0.642841E+00  -1246.584   -784.452   -696.455      23
    24.00000  0.456686E+00  0.107243E+02  0.455645E+00  0.107243E+02 -0.650059E+00  -1373.989   -822.905   -725.393      24
    25.00000  0.496825E+00  0.112225E+02  0.496094E+00  0.112225E+02 -0.656309E+00  -1485.841   -867.111   -757.173      25
    26.00000  0.543541E+00  0.117933E+02  0.542445E+00  0.117933E+02 -0.661827E+00  -1668.241   -912.014   -789.726      26
    27.00000 -0.148760E+00  0.118939E+02 -0.149853E+00  0.118939E+02 -0.667262E+00   -398.210   -861.263   -800.814      27
    28.00000 -0.871528E+00  0.121167E+02 -0.872709E+00  0.121166E+02 -0.672517E+00   -302.348   -833.761   -816.688      28
    29.00000 -0.855989E+00  0.124407E+02 -0.857298E+00  0.124407E+02 -0.677506E+00   -527.677   -847.525   -839.074      29
    30.00000 -0.809838E+00  0.130069E+02 -0.811755E+00  0.130069E+02 -0.682083E+00   -660.583   -880.474   -872.212      30
    31.00000 -0.770121E+00  0.136144E+02 -0.772141E+00  0.136144E+02 -0.686099E+00   -768.053   -925.539   -914.526      31
    32.00000 -0.725072E+00  0.141678E+02 -0.726821E+00  0.141678E+02 -0.689378E+00   -889.542   -978.843   -958.671      32
    33.00000 -0.681927E+00  0.147019E+02 -0.683578E+00  0.147019E+02 -0.692247E+00  -1000.512  -1033.877  -1009.898      33
    34.00000 -0.638590E+00  0.152370E+02 -0.640247E+00  0.152370E+02 -0.694808E+00  -1125.564  -1089.367  -1063.325      34
    35.00000 -0.591253E+00  0.158173E+02 -0.593138E+00  0.158173E+02 -0.697068E+00  -1280.540  -1148.704  -1116.477      35
    36.00000 -0.536314E+00  0.164849E+02 -0.538637E+00  0.164849E+02 -0.699006E+00  -1507.743  -1214.917  -1173.210      36
    37.00000 -0.482049E+00  0.171439E+02 -0.484328E+00  0.171439E+02 -0.700592E+00  -1787.891  -1305.023  -1242.091      37
    38.00000 -0.442403E+00  0.176374E+02 -0.443852E+00  0.176374E+02 -0.701979E+00  -1978.952  -1401.110  -1330.283      38
    39.00000 -0.412959E+00  0.180037E+02 -0.413767E+00  0.180037E+02 -0.703206E+00  -2097.570  -1473.454  -1396.458      39
    40.00000 -0.619937E+00  0.181711E+02 -0.620745E+00  0.181711E+02 -0.704386E+00   -904.371  -1465.307  -1426.896      40
    41.00000 -0.584613E+00  0.186150E+02 -0.585769E+00  0.186150E+02 -0.705475E+00  -1460.327  -1519.901  -1474.097      41
    42.00000 -0.191298E+01  0.190071E+02 -0.191413E+01  0.190071E+02 -0.706447E+00   -247.893  -1477.386  -1526.014      42
    43.00000 -0.187554E+01  0.195853E+02 -0.187680E+01  0.195853E+02 -0.707282E+00   -583.389  -1545.357  -1612.661      43
    44.00000 -0.181882E+01  0.202755E+02 -0.182027E+01  0.202755E+02 -0.708000E+00   -786.794  -1645.311  -1724.365      44
    45.00000 -0.177170E+01  0.208538E+02 -0.177287E+01  0.208538E+02 -0.708593E+00   -957.365  -1747.028  -1834.239      45
    46.00000 -0.175500E+01  0.210661E+02 -0.175432E+01  0.210661E+02 -0.709061E+00  -1037.478  -1861.494  -1936.508      46
    47.00000 -0.170330E+01  0.216945E+02 -0.170472E+01  0.216945E+02 -0.709493E+00  -1241.826  -1906.589  -1996.408      47
    48.00000 -0.165645E+01  0.222672E+02 -0.165759E+01  0.222672E+02 -0.709862E+00  -1463.102  -2049.594  -2137.487      48
    49.00000 -0.160457E+01  0.229005E+02 -0.160601E+01  0.229005E+02 -0.710179E+00  -1765.764  -2182.489  -2268.264      49
    50.00000 -0.153814E+01  0.237024E+02 -0.154042E+01  0.237024E+02 -0.710435E+00  -2365.501  -2357.592  -2409.483      50
    51.00000 -0.150823E+01  0.240785E+02 -0.150838E+01  0.240785E+02 -0.710639E+00  -2503.852  -2601.094  -2632.886      51
    52.00000 -0.154203E+01  0.245286E+02 -0.154218E+01  0.245286E+02 -0.710827E+00  -1807.122  -2726.482  -2793.919      52
    53.00000 -0.150389E+01  0.251162E+02 -0.150421E+01  0.251162E+02 -0.710985E+00  -2640.360  -2924.031  -2958.830      53
    54.00000 -0.145787E+01  0.256811E+02 -0.145813E+01  0.256811E+02 -0.711111E+00  -3630.377  -3166.342  -3148.776      54
    55.00000 -0.141025E+01  0.262679E+02 -0.141057E+01  0.262679E+02 -0.711217E+00  -5119.434  -3422.660  -3390.869      55
    56.00000 -0.141263E+01  0.264917E+02 -0.141295E+01  0.264917E+02 -0.711313E+00  -3521.469  -3509.257  -3529.694      56
    57.00000 -0.139081E+01  0.267660E+02 -0.139119E+01  0.267660E+02 -0.711400E+00  -4281.294  -3639.446  -3647.518      57
    58.00000 -0.135873E+01  0.271690E+02 -0.135943E+01  0.271690E+02 -0.711476E+00  -5704.864  -3836.668  -3784.223      58
    59.00000 -0.132007E+01  0.276517E+02 -0.132087E+01  0.276516E+02 -0.711541E+00  -8597.738  -4107.789  -3971.367      59
    60.00000 -0.128002E+01  0.281477E+02 -0.127895E+01  0.281455E+02 -0.711595E+00 -14019.449  -4424.763  -4236.177      60
    61.00000 -0.122807E+01  0.287776E+02 -0.122666E+01  0.287714E+02 -0.711641E+00 -32139.145  -4864.497  -4501.937      61
    62.00000 -0.117180E+01  0.294567E+02 -0.117233E+01  0.294417E+02 -0.711678E+00-100000.000  -5730.948  -4813.006      62
    63.00000 -0.112481E+01  0.300298E+02 -0.115012E+01  0.300059E+02 -0.711706E+00-100000.000  -6298.590  -5242.374      63
    64.00000 -0.107936E+01  0.305863E+02 -0.113354E+01  0.305528E+02 -0.711730E+00-100000.000  -6882.090  -5663.436      64
    65.00000 -0.103056E+01  0.311815E+02 -0.112071E+01  0.311370E+02 -0.711749E+00-100000.000  -7479.430  -6062.949      65
    66.00000 -0.984015E+00  0.317523E+02 -0.111020E+01  0.316791E+02 -0.711764E+00-100000.000  -8219.866  -6587.214      66
    67.00000 -0.939761E+00  0.322941E+02 -0.110159E+01  0.321519E+02 -0.711776E+00-100000.000  -8987.837  -7107.499      67
    68.00000 -0.902130E+00  0.327617E+02 -0.109420E+01  0.325250E+02 -0.711786E+00-100000.000  -9688.748  -7631.365      68
    69.00000 -0.858482E+00  0.333004E+02 -0.108776E+01  0.329156E+02 -0.711794E+00-100000.000 -10324.131  -8183.530      69
    70.00000 -0.837133E+00  0.335713E+02 -0.108200E+01  0.330875E+02 -0.711800E+00-100000.000 -11064.508  -8785.492      70
    71.00000 -0.795935E+00  0.340796E+02 -0.107681E+01  0.333903E+02 -0.711806E+00-100000.000 -11366.069  -9168.872      71
    72.00000 -0.754935E+00  0.345866E+02 -0.107199E+01  0.336410E+02 -0.711811E+00-100000.000 -12087.777  -9664.720      72
    73.00000 -0.709309E+00  0.351498E+02 -0.106756E+01  0.338793E+02 -0.711815E+00-100000.000 -12598.100 -10102.371      73
    74.00000 -0.817194E+00  0.356715E+02 -0.117568E+01  0.340812E+02 -0.711819E+00  -4372.128 -12454.453 -10613.068      74
    75.00000 -0.101298E+01  0.362135E+02 -0.137147E+01  0.342639E+02 -0.711822E+00  -1835.022 -12671.048 -11091.637      75
    76.00000 -0.966243E+00  0.367823E+02 -0.132475E+01  0.344268E+02 -0.711825E+00  -6671.474 -13068.668 -11546.622      76
    77.00000 -0.920924E+00  0.373368E+02 -0.127848E+01  0.345561E+02 -0.711828E+00 -18153.277 -13492.812 -11972.905      77
    78.00000 -0.868479E+00  0.379732E+02 -0.122604E+01  0.346695E+02 -0.711831E+00 -78767.664 -14172.244 -12367.069      78
    79.00000 -0.811349E+00  0.386646E+02 -0.120608E+01  0.347514E+02 -0.711833E+00-100000.000 -14623.865 -12738.509      79
    80.00000 -0.782524E+00  0.392615E+02 -0.119543E+01  0.348006E+02 -0.711835E+00-100000.000 -14905.534 -13086.440      80
    81.00000 -0.731962E+00  0.398790E+02 -0.118752E+01  0.348382E+02 -0.711837E+00-100000.000 -15076.663 -13378.842      81
    82.00000 -0.683615E+00  0.404682E+02 -0.118130E+01  0.348631E+02 -0.711839E+00-100000.000 -15228.952 -13642.940      82
    83.00000 -0.633534E+00  0.410776E+02 -0.117604E+01  0.348821E+02 -0.711840E+00-100000.000 -15327.317 -13861.746      83
    84.00000 -0.587234E+00  0.418739E+02 -0.117145E+01  0.348994E+02 -0.711842E+00-100000.000 -15412.181 -14053.021      84
    85.00000 -0.527010E+00  0.426002E+02 -0.116735E+01  0.349093E+02 -0.711844E+00-100000.000 -15486.585 -14226.342      85
    86.00000 -0.520309E+00  0.426875E+02 -0.116361E+01  0.349101E+02 -0.711846E+00-100000.000 -15534.272 -14368.367      86
    87.00000 -0.473910E+00  0.432559E+02 -0.116017E+01  0.349151E+02 -0.711847E+00-100000.000 -15552.907 -14461.809      87
    88.00000 -0.421678E+00  0.438902E+02 -0.115697E+01  0.349189E+02 -0.711849E+00-100000.000 -15588.526 -14554.740      88
    89.00000 -0.365833E+00  0.445661E+02 -0.115397E+01  0.349219E+02 -0.711850E+00-100000.000 -15612.431 -14627.498      89
    90.00000 -0.323010E+00  0.450933E+02 -0.115113E+01  0.349235E+02 -0.711852E+00-100000.000 -15637.144 -14695.140      90
    91.00000 -0.280087E+00  0.456215E+02 -0.114843E+01  0.349247E+02 -0.711854E+00-100000.000 -15654.531 -14746.675      91
    92.00000 -0.238452E+00  0.461314E+02 -0.114586E+01  0.349256E+02 -0.711855E+00-100000.000 -15671.727 -14791.105      92
    93.00000 -0.195966E+00  0.466520E+02 -0.114340E+01  0.349263E+02 -0.711857E+00-100000.000 -15686.361 -14826.173      93
    94.00000 -0.193038E+00  0.470588E+02 -0.114103E+01  0.349267E+02 -0.711858E+00-100000.000 -15700.402 -14855.824      94
    95.00000 -0.161972E+00  0.475610E+02 -0.113875E+01  0.349271E+02 -0.711860E+00-100000.000 -15712.851 -14878.756      95
    96.00000 -0.126465E+00  0.479983E+02 -0.113655E+01  0.349274E+02 -0.711861E+00-100000.000 -15725.196 -14898.809      96
    97.00000 -0.807583E-01  0.485549E+02 -0.113442E+01  0.349277E+02 -0.711863E+00-100000.000 -15736.532 -14914.606      97
    98.00000 -0.326972E-01  0.491352E+02 -0.113235E+01  0.349279E+02 -0.711864E+00-100000.000 -15747.784 -14928.928      98
    99.00000  0.163727E-01  0.497266E+02 -0.113035E+01  0.349281E+02 -0.711866E+00-100000.000 -15758.402 -14940.813      99
   100.00000  0.619863E-01  0.502771E+02 -0.112839E+01  0.349282E+02 -0.711867E+00-100000.000 -15768.689 -14951.138     100
   101.00000  0.101673E+00  0.507645E+02 -0.112649E+01  0.349283E+02 -0.711869E+00-100000.000 -15778.517 -14959.542     101
   102.00000  0.142888E+00  0.512671E+02 -0.112463E+01  0.349284E+02 -0.711870E+00-100000.000 -15788.030 -14966.414     102
   103.00000  0.190214E+00  0.518419E+02 -0.112281E+01  0.349284E+02 -0.711872E+00-100000.000 -15797.285 -14972.082     103
   104.00000  0.232936E+00  0.523625E+02 -0.112104E+01  0.349285E+02 -0.711873E+00-100000.000 -15806.315 -14976.906     104
   105.00000  0.272244E+00  0.528463E+02 -0.111930E+01  0.349285E+02 -0.711875E+00-100000.000 -15815.102 -14980.818     105
   106.00000  0.314338E+00  0.533579E+02 -0.111760E+01  0.349285E+02 -0.711876E+00-100000.000 -15823.703 -14984.046     106
   107.00000  0.355486E+00  0.538590E+02 -0.111593E+01  0.349285E+02 -0.711878E+00-100000.000 -15832.111 -14986.724     107
   108.00000  0.396189E+00  0.543544E+02 -0.111429E+01  0.349286E+02 -0.711879E+00-100000.000 -15840.350 -14988.938     108
   109.00000  0.443805E+00  0.549315E+02 -0.111268E+01  0.349286E+02 -0.711881E+00-100000.000 -15848.434 -14990.771     109
   110.00000  0.469452E+00  0.554872E+02 -0.111110E+01  0.349286E+02 -0.711882E+00-100000.000 -15856.387 -14992.357     110
   111.00000  0.507525E+00  0.559522E+02 -0.110955E+01  0.349286E+02 -0.711884E+00-100000.000 -15864.194 -14993.666     111
   112.00000  0.552660E+00  0.565008E+02 -0.110802E+01  0.349286E+02 -0.711885E+00-100000.000 -15871.859 -14994.718     112
   113.00000  0.596968E+00  0.570414E+02 -0.110651E+01  0.349286E+02 -0.711887E+00-100000.000 -15879.416 -14995.632     113
   114.00000  0.649117E+00  0.576682E+02 -0.110503E+01  0.349286E+02 -0.711888E+00-100000.000 -15886.847 -14996.370     114
   115.00000  0.690852E+00  0.581762E+02 -0.110357E+01  0.349286E+02 -0.711890E+00-100000.000 -15894.171 -14997.017     115
   116.00000  0.690349E+00  0.582999E+02 -0.110414E+01  0.349286E+02 -0.711891E+00 -86225.797 -15830.351 -14997.512     116
   117.00000  0.578815E+00  0.584095E+02 -0.121571E+01  0.349290E+02 -0.711893E+00  -4514.366 -15151.035 -14997.837     117
   118.00000 -0.211363E+00  0.585367E+02 -0.200589E+01  0.349330E+02 -0.711894E+00   -580.002 -14405.075 -14998.076     118
   119.00000 -0.204846E+00  0.586204E+02 -0.199936E+01  0.349383E+02 -0.711896E+00  -1554.824 -14199.084 -14998.280     119
   120.00000 -0.186886E+00  0.588493E+02 -0.198158E+01  0.349554E+02 -0.711897E+00  -2184.651 -14128.124 -14998.429     120
   121.00000 -0.228697E+00  0.589540E+02 -0.202339E+01  0.349639E+02 -0.711899E+00  -1873.121 -14068.200 -14998.560     121
   122.00000 -0.712581E+00  0.590353E+02 -0.250727E+01  0.349710E+02 -0.711900E+00   -626.775 -13921.899 -14998.663     122
   123.00000 -0.682977E+00  0.593999E+02 -0.247787E+01  0.350053E+02 -0.711902E+00  -1396.065 -13833.064 -14998.786     123
   124.00000 -0.657439E+00  0.597164E+02 -0.245226E+01  0.350377E+02 -0.711903E+00  -1842.830 -13778.637 -14998.904     124
   125.00000 -0.638049E+00  0.599573E+02 -0.243268E+01  0.350639E+02 -0.711905E+00  -2204.520 -13744.447 -14999.013     125
   126.00000 -0.741027E+00  0.600491E+02 -0.253565E+01  0.350743E+02 -0.711906E+00  -1367.027 -13682.913 -14999.104     126
   127.00000 -0.724670E+00  0.602560E+02 -0.251944E+01  0.350987E+02 -0.711908E+00  -2042.562 -13656.610 -14999.182     127
   128.00000 -0.711167E+00  0.605496E+02 -0.250616E+01  0.351345E+02 -0.711909E+00  -2398.258 -13643.622 -14999.253     128
   129.00000 -0.681164E+00  0.609189E+02 -0.247634E+01  0.351807E+02 -0.711911E+00  -3184.226 -13652.142 -14999.328     129
   130.00000 -0.653310E+00  0.612609E+02 -0.244835E+01  0.352242E+02 -0.711912E+00  -3979.717 -13672.702 -14999.396     130
   131.00000 -0.627738E+00  0.615766E+02 -0.242265E+01  0.352648E+02 -0.711914E+00  -4896.752 -13701.479 -14999.466     131
   132.00000 -0.600946E+00  0.619075E+02 -0.239593E+01  0.353076E+02 -0.711915E+00  -6244.869 -13736.027 -14999.535     132
   133.00000 -0.573112E+00  0.622496E+02 -0.236806E+01  0.353520E+02 -0.711917E+00  -8380.422 -13786.892 -14999.583     133
   134.00000 -0.538150E+00  0.626748E+02 -0.233187E+01  0.354055E+02 -0.711918E+00 -13694.634 -13864.834 -14999.637     134
   135.00000 -0.504369E+00  0.630868E+02 -0.229769E+01  0.354561E+02 -0.711920E+00 -22714.744 -13985.220 -14999.680     135
   136.00000 -0.476956E+00  0.634232E+02 -0.227028E+01  0.354959E+02 -0.711921E+00 -33740.402 -14122.691 -14999.717     136
   137.00000 -0.457474E+00  0.636660E+02 -0.225080E+01  0.355237E+02 -0.711923E+00 -41048.316 -14230.047 -14999.755     137
   138.00000 -0.869687E+00  0.638868E+02 -0.266303E+01  0.355512E+02 -0.711924E+00   -993.537 -13849.438 -14999.760     138
   139.00000 -0.847635E+00  0.641581E+02 -0.264100E+01  0.355851E+02 -0.711926E+00  -2471.656 -13844.378 -14999.779     139
   140.00000 -0.824927E+00  0.644373E+02 -0.261830E+01  0.356194E+02 -0.711927E+00  -3453.493 -13872.448 -14999.813     140
   141.00000 -0.799848E+00  0.647418E+02 -0.259329E+01  0.356562E+02 -0.711929E+00  -4660.616 -13912.807 -14999.836     141
   142.00000 -0.774969E+00  0.650471E+02 -0.256841E+01  0.356924E+02 -0.711930E+00  -6197.200 -13964.503 -14999.854     142
   143.00000 -0.756748E+00  0.652740E+02 -0.254980E+01  0.357189E+02 -0.711932E+00  -7441.777 -14017.133 -14999.866     143
   144.00000 -0.731817E+00  0.655795E+02 -0.252469E+01  0.357535E+02 -0.711933E+00 -10619.684 -14075.927 -14999.885     144
   145.00000 -0.705300E+00  0.659014E+02 -0.249721E+01  0.357883E+02 -0.711935E+00 -16311.806 -14164.908 -14999.895     145
   146.00000 -0.967104E+00  0.660070E+02 -0.275902E+01  0.358002E+02 -0.711936E+00  -1349.613 -13985.790 -14999.895     146
   147.00000 -0.104723E+01  0.662537E+02 -0.283915E+01  0.358279E+02 -0.711937E+00  -1695.783 -13956.258 -14999.897     147
   148.00000 -0.102657E+01  0.665079E+02 -0.281850E+01  0.358561E+02 -0.711939E+00  -2915.893 -13966.900 -14999.894     148
   149.00000 -0.100696E+01  0.667485E+02 -0.279885E+01  0.358824E+02 -0.711940E+00  -3794.020 -13989.689 -14999.905     149
   150.00000 -0.988612E+00  0.669741E+02 -0.278047E+01  0.359070E+02 -0.711942E+00  -4689.453 -14016.311 -14999.914     150
   151.00000 -0.120807E+01  0.671085E+02 -0.299992E+01  0.359216E+02 -0.711943E+00  -1262.705 -13935.906 -14999.909     151
   152.00000 -0.124780E+01  0.672386E+02 -0.303965E+01  0.359359E+02 -0.711945E+00  -1797.781 -13904.196 -14999.906     152
   153.00000 -0.123329E+01  0.674211E+02 -0.302521E+01  0.359561E+02 -0.711946E+00  -2581.479 -13898.170 -14999.916     153
   154.00000 -0.126014E+01  0.674622E+02 -0.305206E+01  0.359607E+02 -0.711948E+00  -2270.913 -13871.653 -14999.910     154
   155.00000 -0.125825E+01  0.676114E+02 -0.305030E+01  0.359777E+02 -0.711949E+00  -2760.274 -13863.541 -14999.912     155
   156.00000 -0.124057E+01  0.678298E+02 -0.303279E+01  0.360028E+02 -0.711951E+00  -3523.720 -13873.147 -14999.908     156
   157.00000 -0.123328E+01  0.680433E+02 -0.302550E+01  0.360276E+02 -0.711952E+00  -3790.774 -13885.389 -14999.907     157
   158.00000 -0.121743E+01  0.682390E+02 -0.300956E+01  0.360504E+02 -0.711954E+00  -4572.375 -13906.147 -14999.918     158
   159.00000 -0.120928E+01  0.683420E+02 -0.300094E+01  0.360624E+02 -0.711955E+00  -4848.268 -13924.698 -14999.925     159
   160.00000 -0.119415E+01  0.685314E+02 -0.298625E+01  0.360848E+02 -0.711957E+00  -5737.915 -13937.878 -14999.927     160
   161.00000 -0.122576E+01  0.686383E+02 -0.301785E+01  0.360975E+02 -0.711958E+00  -3507.814 -13921.460 -14999.931     161
   162.00000 -0.202156E+01  0.686937E+02 -0.381365E+01  0.361042E+02 -0.711960E+00   -480.481 -13700.047 -14999.931     162
   163.00000 -0.201793E+01  0.688646E+02 -0.381007E+01  0.361248E+02 -0.711961E+00  -1135.165 -13613.069 -14999.925     163
   164.00000 -0.200448E+01  0.690334E+02 -0.379662E+01  0.361458E+02 -0.711963E+00  -1474.500 -13564.218 -14999.927     164
   165.00000 -0.199949E+01  0.690978E+02 -0.379136E+01  0.361540E+02 -0.711964E+00  -1679.358 -13520.922 -14999.925     165
   166.00000 -0.199204E+01  0.691929E+02 -0.378407E+01  0.361667E+02 -0.711966E+00  -1867.105 -13483.964 -14999.932     166
   167.00000 -0.198009E+01  0.693432E+02 -0.377240E+01  0.361874E+02 -0.711967E+00  -2099.221 -13455.920 -14999.932     167
   168.00000 -0.275715E+01  0.693825E+02 -0.454946E+01  0.361928E+02 -0.711969E+00   -424.048 -13312.737 -14999.926     168
   169.00000 -0.104443E+02  0.694178E+02 -0.122367E+02  0.361987E+02 -0.711969E+00    -30.560 -11775.185 -14999.926     169
   170.00000 -0.124983E+02  0.694957E+02 -0.142906E+02  0.362200E+02 -0.711970E+00    -88.848 -10548.523 -14999.926     170
   171.00000 -0.125596E+02  0.696047E+02 -0.143520E+02  0.362564E+02 -0.711971E+00   -207.422  -9902.894 -14999.930     171
   172.00000 -0.125590E+02  0.697370E+02 -0.143513E+02  0.363057E+02 -0.711973E+00   -270.791  -9490.686 -14999.927     172
   173.00000 -0.125455E+02  0.699044E+02 -0.143378E+02  0.363728E+02 -0.711974E+00   -319.931  -9186.777 -14999.925     173
   174.00000 -0.125319E+02  0.700732E+02 -0.143242E+02  0.364440E+02 -0.711976E+00   -363.003  -8949.705 -14999.932     174
   175.00000 -0.125200E+02  0.702224E+02 -0.143123E+02  0.365095E+02 -0.711977E+00   -398.232  -8752.576 -14999.928     175
   176.00000 -0.125068E+02  0.703862E+02 -0.142991E+02  0.365839E+02 -0.711979E+00   -435.796  -8587.793 -14999.929     176
   177.00000 -0.124981E+02  0.704965E+02 -0.142903E+02  0.366355E+02 -0.711980E+00   -463.942  -8439.416 -14999.931     177
   178.00000 -0.124876E+02  0.706281E+02 -0.142799E+02  0.366987E+02 -0.711982E+00   -491.092  -8310.034 -14999.930     178
   179.00000 -0.124889E+02  0.707371E+02 -0.142812E+02  0.367519E+02 -0.711983E+00   -513.167  -8198.775 -14999.932     179
   180.00000 -0.124753E+02  0.709053E+02 -0.142676E+02  0.368356E+02 -0.711985E+00   -551.357  -8097.193 -14999.929     180
   181.00000 -0.124677E+02  0.710015E+02 -0.142598E+02  0.368844E+02 -0.711986E+00   -574.739  -8002.382 -14999.932     181
   182.00000 -0.124589E+02  0.711124E+02 -0.142511E+02  0.369415E+02 -0.711988E+00   -598.041  -7914.488 -14999.926     182
   183.00000 -0.124504E+02  0.712211E+02 -0.142425E+02  0.369986E+02 -0.711989E+00   -620.220  -7832.281 -14999.933     183
   184.00000 -0.124613E+02  0.713352E+02 -0.142535E+02  0.370589E+02 -0.711991E+00   -624.180  -7762.045 -14999.930     184
   185.00000 -0.124614E+02  0.714597E+02 -0.142535E+02  0.371255E+02 -0.711992E+00   -654.369  -7696.494 -14999.932     185
   186.00000 -0.124865E+02  0.715232E+02 -0.142786E+02  0.371598E+02 -0.711993E+00   -642.460  -7628.524 -14999.926     186
   187.00000 -0.128041E+02  0.715544E+02 -0.145963E+02  0.371768E+02 -0.711995E+00   -425.815  -7545.022 -14999.931     187
   188.00000 -0.128088E+02  0.716220E+02 -0.146009E+02  0.372142E+02 -0.711996E+00   -562.484  -7482.967 -14999.929     188
   189.00000 -0.128943E+02  0.716790E+02 -0.146865E+02  0.372459E+02 -0.711998E+00   -531.067  -7419.225 -14999.927     189
   190.00000 -0.129177E+02  0.717614E+02 -0.147099E+02  0.372923E+02 -0.711999E+00   -580.293  -7362.959 -14999.927     190
   191.00000 -0.134110E+02  0.718456E+02 -0.152032E+02  0.373401E+02 -0.712001E+00   -340.830  -7290.585 -14999.927     191
   192.00000 -0.238894E+02  0.718674E+02 -0.256816E+02  0.373522E+02 -0.712002E+00     -9.424  -6978.149 -14999.927     192
   193.00000 -0.244264E+02  0.719070E+02 -0.262186E+02  0.373750E+02 -0.712004E+00   -109.518  -6705.208 -14999.929     193
   194.00000 -0.254994E+02  0.719942E+02 -0.272916E+02  0.374263E+02 -0.712005E+00   -104.476  -6278.120 -14999.929     194
   195.00000 -0.278547E+02  0.720558E+02 -0.296468E+02  0.374642E+02 -0.712007E+00    -67.357  -5787.054 -14999.929     195
   196.00000 -0.294908E+02  0.721064E+02 -0.312830E+02  0.374970E+02 -0.712008E+00    -79.522  -5340.324 -14999.927     196
   197.00000 -0.296570E+02  0.721554E+02 -0.314492E+02  0.375301E+02 -0.712009E+00   -144.670  -4909.348 -14999.927     197
   198.00000 -0.296631E+02  0.722049E+02 -0.314552E+02  0.375651E+02 -0.712011E+00   -184.958  -4513.500 -14999.929     198
   199.00000 -0.296701E+02  0.722440E+02 -0.314622E+02  0.375937E+02 -0.712013E+00   -209.992  -4173.175 -14999.930     199
   200.00000 -0.296764E+02  0.722898E+02 -0.314686E+02  0.376284E+02 -0.712014E+00   -231.047  -3880.630 -14999.930     200
   201.00000 -0.310333E+02  0.723310E+02 -0.328255E+02  0.376603E+02 -0.712016E+00   -117.677  -3604.418 -14999.924     201
   202.00000 -0.313898E+02  0.723774E+02 -0.331819E+02  0.376971E+02 -0.712017E+00   -163.905  -3370.083 -14999.929     202
   203.00000 -0.348666E+02  0.724196E+02 -0.366587E+02  0.377313E+02 -0.712019E+00    -52.348  -3113.239 -14999.925     203
   204.00000 -0.350015E+02  0.724849E+02 -0.367937E+02  0.377851E+02 -0.712020E+00   -138.890  -2901.925 -14999.929     204
   205.00000 -0.363839E+02  0.725805E+02 -0.381760E+02  0.378653E+02 -0.712021E+00    -94.258  -2669.805 -14999.929     205
   206.00000 -0.363899E+02  0.726303E+02 -0.381821E+02  0.379078E+02 -0.712023E+00   -164.421  -2432.034 -14999.929     206
   207.00000 -0.366267E+02  0.726718E+02 -0.384189E+02  0.379439E+02 -0.712024E+00   -167.255  -2178.261 -14999.932     207
   208.00000 -0.372928E+02  0.727216E+02 -0.390850E+02  0.379881E+02 -0.712026E+00   -139.733  -1917.995 -14999.929     208
   209.00000 -0.374686E+02  0.727759E+02 -0.392607E+02  0.380374E+02 -0.712027E+00   -176.136  -1674.457 -14999.932     209
   210.00000 -0.444450E+02  0.728212E+02 -0.462372E+02  0.380788E+02 -0.712029E+00    -18.118  -1367.450 -14999.928     210
   211.00000 -0.447620E+02  0.728598E+02 -0.465541E+02  0.381151E+02 -0.712030E+00   -103.022  -1110.697 -14999.930     211
   212.00000 -0.448385E+02  0.729037E+02 -0.466307E+02  0.381570E+02 -0.712031E+00   -139.320   -783.012 -14999.790     212
   213.00000 -0.448317E+02  0.729888E+02 -0.466239E+02  0.382407E+02 -0.712033E+00   -166.879   -402.807 -14753.979     213
   214.00000 -0.448236E+02  0.730894E+02 -0.466158E+02  0.383412E+02 -0.712214E+00   -186.349   -216.991  -1805.166     214
   215.00000 -0.448185E+02  0.731517E+02 -0.466107E+02  0.384035E+02 -0.724105E+00   -201.360   -196.507   -462.295     215
   216.00000 -0.448126E+02  0.732252E+02 -0.466048E+02  0.384770E+02 -0.781071E+00   -214.752   -193.870   -300.695     216
   217.00000 -0.448080E+02  0.732842E+02 -0.466002E+02  0.385360E+02 -0.884379E+00   -226.359   -195.240   -243.296     217
   218.00000 -0.448037E+02  0.733387E+02 -0.465959E+02  0.385906E+02 -0.102962E+01   -236.694   -198.096   -217.232     218
   219.00000 -0.448105E+02  0.733793E+02 -0.466026E+02  0.386312E+02 -0.119725E+01   -243.983   -201.118   -202.289     219
   220.00000 -0.448178E+02  0.734139E+02 -0.466100E+02  0.386657E+02 -0.138198E+01   -251.604   -204.525   -195.320     220
   221.00000 -0.449554E+02  0.734459E+02 -0.467475E+02  0.386978E+02 -0.157333E+01   -234.331   -205.745   -191.741     221
   222.00000 -0.464643E+02  0.734600E+02 -0.482565E+02  0.387118E+02 -0.176955E+01   -111.820   -186.070   -190.450     222
   223.00000 -0.512218E+02  0.734926E+02 -0.530140E+02  0.387444E+02 -0.196720E+01    -34.140   -133.313   -190.470     223
   224.00000 -0.547900E+02  0.735170E+02 -0.565821E+02  0.387688E+02 -0.217355E+01    -38.894    -95.447   -182.163     224
   225.00000 -0.590689E+02  0.735316E+02 -0.608610E+02  0.387835E+02 -0.258065E+01    -30.597    -57.122   -111.057     225
   226.00000 -0.601776E+02  0.735491E+02 -0.619697E+02  0.388009E+02 -0.402047E+01    -74.153    -61.016    -54.965     226
   227.00000 -0.626812E+02  0.736298E+02 -0.644733E+02  0.388817E+02 -0.604536E+01    -51.599    -57.329    -54.270     227
   228.00000 -0.633676E+02  0.736770E+02 -0.651597E+02  0.389289E+02 -0.804135E+01    -91.355    -69.743    -55.613     228
   229.00000 -0.634337E+02  0.737264E+02 -0.652258E+02  0.389782E+02 -0.978375E+01   -131.452    -86.240    -63.437     229
   230.00000 -0.634406E+02  0.737661E+02 -0.652327E+02  0.390180E+02 -0.111921E+02   -153.943   -100.573    -73.544     230
   231.00000 -0.634476E+02  0.738055E+02 -0.652397E+02  0.390574E+02 -0.122979E+02   -168.892   -112.409    -83.198     231
   232.00000 -0.634546E+02  0.738444E+02 -0.652467E+02  0.390963E+02 -0.132065E+02   -180.912   -122.547    -92.083     232
   233.00000 -0.643027E+02  0.738708E+02 -0.660948E+02  0.391226E+02 -0.139977E+02   -122.826   -121.005   -100.177     233
   234.00000 -0.656993E+02  0.739147E+02 -0.674914E+02  0.391666E+02 -0.146989E+02    -91.571   -113.244   -106.868     234
   235.00000 -0.657837E+02  0.739867E+02 -0.675758E+02  0.392386E+02 -0.153461E+02   -148.720   -120.421   -109.872     235
   236.00000 -0.678867E+02  0.740746E+02 -0.696788E+02  0.393265E+02 -0.159779E+02    -70.849   -105.410   -110.502     236
   237.00000 -0.682050E+02  0.740977E+02 -0.699971E+02  0.393496E+02 -0.166212E+02   -122.898   -108.999   -107.593     237
   238.00000 -0.682220E+02  0.741359E+02 -0.700141E+02  0.393877E+02 -0.173122E+02   -157.875   -117.299   -103.594     238
   239.00000 -0.708400E+02  0.741625E+02 -0.726321E+02  0.394143E+02 -0.180241E+02    -59.888    -97.194   -103.331     239
   240.00000 -0.719132E+02  0.742472E+02 -0.737053E+02  0.394990E+02 -0.187476E+02    -87.445    -94.222   -100.070     240
   241.00000 -0.719597E+02  0.742920E+02 -0.737518E+02  0.395438E+02 -0.195542E+02   -139.019   -103.094    -92.687     241
   242.00000 -0.719661E+02  0.743365E+02 -0.737582E+02  0.395883E+02 -0.204285E+02   -161.987   -113.201    -92.071     242
   243.00000 -0.720341E+02  0.743630E+02 -0.738262E+02  0.396147E+02 -0.212553E+02   -170.944   -121.957    -96.245     243
   244.00000 -0.720306E+02  0.744078E+02 -0.738227E+02  0.396596E+02 -0.219997E+02   -187.831   -131.083   -102.506     244
   245.00000 -0.720371E+02  0.744517E+02 -0.738292E+02  0.397035E+02 -0.226775E+02   -198.002   -139.458   -109.181     245
   246.00000 -0.720627E+02  0.745071E+02 -0.738548E+02  0.397589E+02 -0.232789E+02   -204.850   -147.005   -115.857     246
   247.00000 -0.720676E+02  0.745711E+02 -0.738597E+02  0.398229E+02 -0.238089E+02   -215.488   -154.464   -122.297     247
   248.00000 -0.720625E+02  0.746357E+02 -0.738546E+02  0.398875E+02 -0.242873E+02   -225.094   -161.629   -128.662     248
   249.00000 -0.720682E+02  0.746890E+02 -0.738603E+02  0.399408E+02 -0.247318E+02   -231.118   -168.120   -134.696     249
   250.00000 -0.721159E+02  0.747180E+02 -0.739081E+02  0.399698E+02 -0.251409E+02   -230.073   -173.199   -140.198     250
   251.00000 -0.749537E+02  0.747467E+02 -0.767458E+02  0.399986E+02 -0.255173E+02    -65.859   -141.275   -145.371     251
   252.00000 -0.792122E+02  0.747662E+02 -0.810043E+02  0.400180E+02 -0.258675E+02    -35.347    -99.611   -147.849     252
   253.00000 -0.809780E+02  0.748208E+02 -0.827701E+02  0.400727E+02 -0.262706E+02    -64.061    -84.978   -125.183     253
   254.00000 -0.813934E+02  0.748798E+02 -0.831855E+02  0.401316E+02 -0.269883E+02   -107.183    -88.696    -90.526     254
   255.00000 -0.814102E+02  0.749212E+02 -0.832023E+02  0.401730E+02 -0.280117E+02   -144.416    -99.923    -82.329     255
   256.00000 -0.841166E+02  0.749680E+02 -0.859088E+02  0.402198E+02 -0.290444E+02    -55.715    -83.099    -85.143     256
   257.00000 -0.846821E+02  0.750272E+02 -0.864742E+02  0.402789E+02 -0.300637E+02   -102.393    -88.128    -82.765     257
   258.00000 -0.846980E+02  0.750804E+02 -0.864901E+02  0.403322E+02 -0.311415E+02   -144.112    -99.942    -81.487     258
   259.00000 -0.846945E+02  0.751267E+02 -0.864866E+02  0.403785E+02 -0.321579E+02   -163.888   -111.312    -86.463     259
   260.00000 -0.846894E+02  0.751917E+02 -0.864816E+02  0.404435E+02 -0.330343E+02   -178.582   -121.580    -93.347     260
   261.00000 -0.847071E+02  0.752237E+02 -0.864993E+02  0.404755E+02 -0.338161E+02   -187.984   -130.638   -100.472     261
   262.00000 -0.847021E+02  0.752878E+02 -0.864943E+02  0.405396E+02 -0.345022E+02   -200.123   -139.342   -107.955     262
   263.00000 -0.863697E+02  0.753207E+02 -0.881619E+02  0.405725E+02 -0.351161E+02    -92.176   -125.811   -114.803     263
   264.00000 -0.863946E+02  0.753855E+02 -0.881869E+02  0.406373E+02 -0.356614E+02   -161.889   -132.442   -119.792     264
   265.00000 -0.863940E+02  0.755171E+02 -0.881863E+02  0.407689E+02 -0.361711E+02   -184.591   -140.368   -122.434     265
   266.00000 -0.863824E+02  0.756593E+02 -0.881748E+02  0.409111E+02 -0.366610E+02   -201.081   -148.597   -125.705     266
   267.00000 -0.863733E+02  0.757723E+02 -0.881656E+02  0.410242E+02 -0.371259E+02   -213.886   -156.473   -129.863     267
   268.00000 -0.863679E+02  0.758417E+02 -0.881599E+02  0.410935E+02 -0.375539E+02   -223.667   -163.728   -134.803     268
   269.00000 -0.863613E+02  0.759249E+02 -0.881534E+02  0.411767E+02 -0.379526E+02   -232.222   -170.073   -139.404     269
   270.00000 -0.863635E+02  0.760231E+02 -0.881556E+02  0.412749E+02 -0.383338E+02   -239.258   -176.680   -144.573     270
   271.00000 -0.863576E+02  0.760981E+02 -0.881496E+02  0.413499E+02 -0.386801E+02   -247.593   -182.792   -149.543     271
   272.00000 -0.892456E+02  0.761231E+02 -0.910377E+02  0.413749E+02 -0.390033E+02    -66.222   -148.752   -154.009     272
   273.00000 -0.910291E+02  0.762071E+02 -0.928212E+02  0.414589E+02 -0.393100E+02    -75.791   -131.492   -157.824     273
   274.00000 -0.910821E+02  0.762961E+02 -0.928741E+02  0.415479E+02 -0.396172E+02   -144.443   -134.465   -153.527     274
   275.00000 -0.910722E+02  0.764178E+02 -0.928644E+02  0.416696E+02 -0.399722E+02   -172.834   -140.520   -143.476     275
   276.00000 -0.910645E+02  0.765170E+02 -0.928565E+02  0.417689E+02 -0.403766E+02   -190.687   -147.340   -137.622     276
   277.00000 -0.910594E+02  0.765826E+02 -0.928514E+02  0.418344E+02 -0.407966E+02   -204.353   -154.061   -135.939     277
   278.00000 -0.975677E+02  0.766055E+02 -0.993597E+02  0.418573E+02 -0.412186E+02    -20.430    -88.507   -135.725     278
   279.00000 -0.100472E+03  0.766862E+02 -0.102263E+03  0.419380E+02 -0.417335E+02    -44.184    -65.316   -105.156     279
   280.00000 -0.100641E+03  0.768182E+02 -0.102433E+03  0.420700E+02 -0.429143E+02   -110.315    -76.653    -66.812     280
   281.00000 -0.101782E+03  0.769254E+02 -0.103574E+03  0.421772E+02 -0.444129E+02    -87.222    -80.703    -68.210     281
   282.00000 -0.105835E+03  0.770188E+02 -0.107627E+03  0.422706E+02 -0.457918E+02    -34.426    -56.930    -69.057     282
   283.00000 -0.109482E+03  0.770633E+02 -0.111274E+03  0.423151E+02 -0.477368E+02    -35.359    -43.292    -47.583     283
   284.00000 -0.109963E+03  0.771766E+02 -0.111755E+03  0.424285E+02 -0.503653E+02    -93.440    -63.552    -46.176     284
   285.00000 -0.111085E+03  0.772779E+02 -0.112877E+03  0.425298E+02 -0.524485E+02    -84.195    -72.648    -57.825     285
   286.00000 -0.111207E+03  0.773709E+02 -0.112999E+03  0.426228E+02 -0.540667E+02   -128.729    -87.897    -66.630     286
   287.00000 -0.111689E+03  0.774740E+02 -0.113481E+03  0.427259E+02 -0.553868E+02   -121.994    -96.757    -75.692     287
   288.00000 -0.111700E+03  0.775935E+02 -0.113492E+03  0.428454E+02 -0.564802E+02   -159.138   -109.444    -84.430     288
   289.00000 -0.111688E+03  0.777379E+02 -0.113480E+03  0.429898E+02 -0.573872E+02   -177.768   -120.969    -92.778     289
   290.00000 -0.111896E+03  0.778849E+02 -0.113688E+03  0.431368E+02 -0.581680E+02   -168.600   -128.733   -101.123     290
   291.00000 -0.114367E+03  0.779964E+02 -0.116159E+03  0.432483E+02 -0.588542E+02    -66.372   -109.218   -108.697     291
   292.00000 -0.115718E+03  0.781106E+02 -0.117510E+03  0.433625E+02 -0.594797E+02    -82.712   -102.562   -111.153     292
   293.00000 -0.116056E+03  0.782626E+02 -0.117848E+03  0.435145E+02 -0.601305E+02   -122.947   -107.539   -106.071     293
   294.00000 -0.116092E+03  0.783121E+02 -0.117884E+03  0.435640E+02 -0.608442E+02   -156.176   -115.943   -101.565     294
   295.00000 -0.116536E+03  0.783963E+02 -0.118328E+03  0.436482E+02 -0.615719E+02   -139.283   -119.886   -102.746     295
   296.00000 -0.116530E+03  0.784655E+02 -0.118322E+03  0.437174E+02 -0.622602E+02   -175.941   -128.892   -106.703     296
   297.00000 -0.116515E+03  0.786597E+02 -0.118307E+03  0.439115E+02 -0.628892E+02   -193.276   -138.214   -112.169     297
   298.00000 -0.116515E+03  0.787768E+02 -0.118307E+03  0.440287E+02 -0.634649E+02   -204.806   -146.621   -117.737     298
   299.00000 -0.124393E+03  0.788067E+02 -0.126185E+03  0.440578E+02 -0.639859E+02    -14.005    -69.551   -122.029     299
   300.00000 -0.124572E+03  0.789468E+02 -0.126364E+03  0.441978E+02 -0.647391E+02   -103.128    -75.871    -81.449     300
   301.00000 -0.125785E+03  0.790376E+02 -0.127577E+03  0.442886E+02 -0.660846E+02    -83.269    -78.101    -68.950     301
   302.00000 -0.125781E+03  0.792095E+02 -0.127573E+03  0.444605E+02 -0.674221E+02   -137.234    -92.920    -73.294     302
   303.00000 -0.129530E+03  0.793444E+02 -0.131323E+03  0.445954E+02 -0.686048E+02    -40.182    -69.025    -78.122     303
   304.00000 -0.134765E+03  0.794100E+02 -0.136558E+03  0.446610E+02 -0.700791E+02    -24.158    -37.044    -52.767     304
   305.00000 -0.135134E+03  0.795580E+02 -0.136926E+03  0.448089E+02 -0.729421E+02    -94.729    -61.054    -42.507     305
   306.00000 -0.135130E+03  0.797278E+02 -0.136923E+03  0.449788E+02 -0.750533E+02   -132.139    -81.947    -57.032     306
   307.00000 -0.139976E+03  0.797876E+02 -0.141768E+03  0.450386E+02 -0.766756E+02    -28.238    -52.006    -64.516     307
   308.00000 -0.143130E+03  0.798591E+02 -0.144923E+03  0.451100E+02 -0.787701E+02    -40.368    -44.184    -44.611     308
   309.00000 -0.144348E+03  0.798863E+02 -0.146140E+03  0.451372E+02 -0.814909E+02    -72.311    -57.668    -44.908     309
   310.00000 -0.144918E+03  0.800190E+02 -0.146710E+03  0.452700E+02 -0.836945E+02    -99.386    -73.484    -55.399     310
   311.00000 -0.145074E+03  0.801882E+02 -0.146867E+03  0.454391E+02 -0.853637E+02   -130.890    -89.515    -66.468     311
   312.00000 -0.145063E+03  0.804438E+02 -0.146856E+03  0.456948E+02 -0.866216E+02   -158.704   -104.708    -77.552     312
   313.00000 -0.145041E+03  0.807161E+02 -0.146834E+03  0.459670E+02 -0.876117E+02   -177.775   -118.284    -88.549     313
   314.00000 -0.145569E+03  0.808660E+02 -0.147362E+03  0.461170E+02 -0.884485E+02   -141.315   -122.396    -97.874     314
   315.00000 -0.147144E+03  0.809271E+02 -0.148937E+03  0.461781E+02 -0.891723E+02    -87.894   -112.896   -105.249     315
   316.00000 -0.147996E+03  0.810375E+02 -0.149788E+03  0.462885E+02 -0.898301E+02   -105.096   -111.832   -109.338     316
   317.00000 -0.147989E+03  0.812520E+02 -0.149781E+03  0.465030E+02 -0.904672E+02   -156.526   -121.380   -110.151     317
   318.00000 -0.147969E+03  0.814973E+02 -0.149762E+03  0.467483E+02 -0.910831E+02   -180.020   -131.667   -112.610     318
   319.00000 -0.147967E+03  0.816459E+02 -0.149759E+03  0.468968E+02 -0.916544E+02   -194.569   -140.881   -116.611     319
   320.00000 -0.147947E+03  0.818904E+02 -0.149740E+03  0.471414E+02 -0.921644E+02   -208.804   -149.508   -121.670     320
   321.00000 -0.147973E+03  0.820705E+02 -0.149766E+03  0.473215E+02 -0.926527E+02   -215.113   -157.783   -127.793     321
   322.00000 -0.147969E+03  0.823642E+02 -0.149762E+03  0.476152E+02 -0.930930E+02   -229.454   -167.197   -135.362     322
   323.00000 -0.147941E+03  0.827176E+02 -0.149734E+03  0.479686E+02 -0.934795E+02   -245.668   -177.353   -143.598     323
   324.00000 -0.147916E+03  0.830267E+02 -0.149709E+03  0.482777E+02 -0.938150E+02   -258.802   -187.232   -151.606     324
   325.00000 -0.147902E+03  0.831958E+02 -0.149695E+03  0.484468E+02 -0.941099E+02   -268.440   -196.569   -160.268     325
   326.00000 -0.147901E+03  0.833391E+02 -0.149693E+03  0.485901E+02 -0.943835E+02   -273.403   -203.107   -166.455     326
   327.00000 -0.147883E+03  0.835629E+02 -0.149676E+03  0.488138E+02 -0.946383E+02   -283.407   -209.928   -172.647     327
   328.00000 -0.147897E+03  0.838775E+02 -0.149690E+03  0.491285E+02 -0.948785E+02   -286.640   -218.458   -180.711     328
   329.00000 -0.147875E+03  0.841544E+02 -0.149668E+03  0.494054E+02 -0.950910E+02   -302.926   -227.194   -188.223     329
   330.00000 -0.148119E+03  0.843536E+02 -0.149912E+03  0.496046E+02 -0.952855E+02   -250.283   -228.933   -195.035     330
   331.00000 -0.148094E+03  0.846702E+02 -0.149886E+03  0.499212E+02 -0.954649E+02   -297.241   -237.865   -203.273     331
   332.00000 -0.148071E+03  0.849566E+02 -0.149863E+03  0.502076E+02 -0.956299E+02   -314.438   -246.808   -211.395     332
   333.00000 -0.148048E+03  0.852435E+02 -0.149840E+03  0.504945E+02 -0.957826E+02   -329.064   -255.540   -219.032     333
   334.00000 -0.148025E+03  0.855266E+02 -0.149817E+03  0.507776E+02 -0.959205E+02   -341.912   -264.183   -226.372     334
   335.00000 -0.147994E+03  0.859045E+02 -0.149787E+03  0.511555E+02 -0.960470E+02   -356.822   -273.001   -233.506     335
   336.00000 -0.147963E+03  0.862836E+02 -0.149756E+03  0.515346E+02 -0.961598E+02   -372.599   -284.092   -242.336     336
   337.00000 -0.147932E+03  0.866659E+02 -0.149725E+03  0.519169E+02 -0.962647E+02   -387.851   -295.212   -252.692     337
   338.00000 -0.147902E+03  0.870314E+02 -0.149695E+03  0.522824E+02 -0.963617E+02   -403.400   -306.661   -262.776     338
   339.00000 -0.147873E+03  0.873887E+02 -0.149666E+03  0.526397E+02 -0.964512E+02   -418.729   -317.776   -272.486     339
   340.00000 -0.147843E+03  0.877641E+02 -0.149636E+03  0.530150E+02 -0.965334E+02   -434.884   -329.003   -281.918     340
   341.00000 -0.147811E+03  0.881496E+02 -0.149605E+03  0.534006E+02 -0.966083E+02   -451.858   -340.891   -291.643     341
   342.00000 -0.147789E+03  0.884269E+02 -0.149582E+03  0.536779E+02 -0.966757E+02   -464.035   -353.002   -301.491     342
   343.00000 -0.147766E+03  0.887124E+02 -0.149559E+03  0.539634E+02 -0.967381E+02   -475.317   -362.586   -310.359     343
   344.00000 -0.147735E+03  0.890936E+02 -0.149529E+03  0.543445E+02 -0.967972E+02   -492.983   -373.367   -320.296     344
   345.00000 -0.147706E+03  0.894559E+02 -0.149499E+03  0.547068E+02 -0.968521E+02   -511.680   -386.735   -332.335     345
   346.00000 -0.147675E+03  0.898395E+02 -0.149468E+03  0.550905E+02 -0.969029E+02   -531.977   -399.488   -343.412     346
   347.00000 -0.147648E+03  0.901781E+02 -0.149441E+03  0.554290E+02 -0.969495E+02   -550.060   -413.462   -355.306     347
   348.00000 -0.147618E+03  0.905451E+02 -0.149411E+03  0.557960E+02 -0.969923E+02   -569.774   -426.077   -365.581     348
   349.00000 -0.147582E+03  0.909906E+02 -0.149375E+03  0.562415E+02 -0.970312E+02   -597.067   -440.874   -376.988     349
   350.00000 -0.147547E+03  0.914178E+02 -0.149340E+03  0.566687E+02 -0.970662E+02   -624.610   -458.868   -391.840     350
   351.00000 -0.148401E+03  0.915001E+02 -0.150194E+03  0.567510E+02 -0.971006E+02   -245.991   -431.961   -397.308     351
   352.00000 -0.151703E+03  0.917132E+02 -0.153497E+03  0.569642E+02 -0.971338E+02    -73.310   -368.757   -406.444     352
   353.00000 -0.152244E+03  0.919533E+02 -0.154037E+03  0.572043E+02 -0.971654E+02   -153.048   -353.261   -416.384     353
   354.00000 -0.152291E+03  0.922383E+02 -0.154084E+03  0.574893E+02 -0.971953E+02   -221.200   -354.070   -427.609     354
   355.00000 -0.152261E+03  0.926033E+02 -0.154055E+03  0.578542E+02 -0.972231E+02   -267.293   -361.019   -440.361     355
   356.00000 -0.152229E+03  0.929949E+02 -0.154023E+03  0.582458E+02 -0.972486E+02   -300.912   -370.375   -453.451     356
   357.00000 -0.152199E+03  0.933650E+02 -0.153993E+03  0.586160E+02 -0.972721E+02   -330.187   -380.709   -465.413     357
   358.00000 -0.152169E+03  0.937425E+02 -0.153963E+03  0.589935E+02 -0.972935E+02   -356.900   -391.931   -475.516     358
   359.00000 -0.152139E+03  0.941142E+02 -0.153933E+03  0.593652E+02 -0.973134E+02   -381.447   -403.356   -484.981     359
   360.00000 -0.152497E+03  0.942658E+02 -0.154291E+03  0.595168E+02 -0.973331E+02   -275.960   -398.299   -487.055     360
   361.00000 -0.154276E+03  0.944154E+02 -0.156069E+03  0.596663E+02 -0.973527E+02   -118.761   -366.712   -487.538     361
   362.00000 -0.154355E+03  0.946780E+02 -0.156149E+03  0.599290E+02 -0.973722E+02   -224.056   -367.243   -491.445     362
   363.00000 -0.154326E+03  0.950419E+02 -0.156120E+03  0.602928E+02 -0.973912E+02   -276.839   -375.020   -498.158     363
   364.00000 -0.154294E+03  0.954460E+02 -0.156088E+03  0.606970E+02 -0.974097E+02   -311.426   -385.132   -506.889     364
   365.00000 -0.154463E+03  0.956997E+02 -0.156257E+03  0.609507E+02 -0.974278E+02   -282.711   -387.605   -510.246     365
end
