 ******* Program HYDRUS
 ******* 
 Welcome to HYDRUS-1D                                                    
 Date:  17. 6.    Time:   0: 6:38
 Units: L = cm   , T = days , M = mmol 

----------------------------------------------------------
 Time       [T]        0.0000
----------------------------------------------------------
 Sub-region num.                     1
----------------------------------------------------------
 Length   [L]        0.20000E+03  0.20000E+03
 W-volume [L]        0.69911E+02  0.69911E+02
 In-flow  [L/T]      0.00000E+00  0.00000E+00
 h Mean   [L]       -0.32912E+03 -0.32912E+03
 Top Flux [L/T]     -0.46804E-01
 Bot Flux [L/T]     -0.54744E-01
----------------------------------------------------------

----------------------------------------------------------
 Time       [T]      365.0000
----------------------------------------------------------
 Sub-region num.                     1
----------------------------------------------------------
 Length   [L]        0.20000E+03  0.20000E+03
 W-volume [L]        0.67929E+02  0.67929E+02
 In-flow  [L/T]     -0.10215E+00 -0.10215E+00
 h Mean   [L]       -0.38822E+03 -0.38822E+03
 Top Flux [L/T]     -0.16744E+00
 Bot Flux [L/T]     -0.17660E-01
 WatBalT  [L]        0.13953E+00
 WatBalR  [%]              0.043
----------------------------------------------------------
 
 Calculation time [sec]  0.500000000000000     
