 ******* Program HYDRUS
 ******* 
 Welcome to HYDRUS-1D                                                    
 Date:  17. 6.    Time:   0: 6:38
 Units: L = cm   , T = days , M = mmol 
 
 CosAlf,MaxIt,TolTh,  TolH
 1.000   10   0.001 1.00000
 
 TopInF,BotInF,AtmBC,SinkF,WLayer,qGWLF,FreeD,SeepF,lWat,lChem,lTemp,lRoot,lWDep
     T     F     T     T     F     F     T     F     T     F     F     F     F

Nodal point information

node      x         hOld    MatN LayN  Beta      Ah       AK      ATh     Temp    Conc(1...NS)         Sorb(1...NS)

   1      0.000      0.343    1    1   0.005    1.000    1.000    1.000
   2     -2.000      0.343    1    1   0.005    1.000    1.000    1.000
   3     -4.000      0.343    1    1   0.005    1.000    1.000    1.000
   4     -6.000      0.361    2    1   0.005    1.000    1.000    1.000
   5     -8.000      0.361    2    1   0.005    1.000    1.000    1.000
   6    -10.000      0.361    2    1   0.005    1.000    1.000    1.000
   7    -12.000      0.361    2    1   0.005    1.000    1.000    1.000
   8    -14.000      0.361    2    1   0.005    1.000    1.000    1.000
   9    -16.000      0.361    2    1   0.005    1.000    1.000    1.000
  10    -18.000      0.361    2    1   0.005    1.000    1.000    1.000
  11    -20.000      0.361    2    1   0.005    1.000    1.000    1.000
  12    -22.000      0.328    3    1   0.005    1.000    1.000    1.000
  13    -24.000      0.328    3    1   0.005    1.000    1.000    1.000
  14    -26.000      0.328    3    1   0.005    1.000    1.000    1.000
  15    -28.000      0.328    3    1   0.005    1.000    1.000    1.000
  16    -30.000      0.328    3    1   0.005    1.000    1.000    1.000
  17    -32.000      0.328    3    1   0.005    1.000    1.000    1.000
  18    -34.000      0.328    3    1   0.005    1.000    1.000    1.000
  19    -36.000      0.328    3    1   0.005    1.000    1.000    1.000
  20    -38.000      0.328    3    1   0.005    1.000    1.000    1.000
  21    -40.000      0.328    3    1   0.005    1.000    1.000    1.000
  22    -42.000      0.328    3    1   0.005    1.000    1.000    1.000
  23    -44.000      0.328    3    1   0.005    1.000    1.000    1.000
  24    -46.000      0.328    3    1   0.005    1.000    1.000    1.000
  25    -48.000      0.335    4    1   0.005    1.000    1.000    1.000
  26    -50.000      0.335    4    1   0.005    1.000    1.000    1.000
  27    -52.000      0.335    4    1   0.005    1.000    1.000    1.000
  28    -54.000      0.335    4    1   0.005    1.000    1.000    1.000
  29    -56.000      0.335    4    1   0.005    1.000    1.000    1.000
  30    -58.000      0.335    4    1   0.005    1.000    1.000    1.000
  31    -60.000      0.335    4    1   0.005    1.000    1.000    1.000
  32    -62.000      0.335    4    1   0.005    1.000    1.000    1.000
  33    -64.000      0.335    4    1   0.005    1.000    1.000    1.000
  34    -66.000      0.335    4    1   0.005    1.000    1.000    1.000
  35    -68.000      0.335    4    1   0.005    1.000    1.000    1.000
  36    -70.000      0.335    4    1   0.005    1.000    1.000    1.000
  37    -72.000      0.345    5    1   0.005    1.000    1.000    1.000
  38    -74.000      0.345    5    1   0.005    1.000    1.000    1.000
  39    -76.000      0.345    5    1   0.005    1.000    1.000    1.000
  40    -78.000      0.345    5    1   0.005    1.000    1.000    1.000
  41    -80.000      0.345    5    1   0.005    1.000    1.000    1.000
  42    -82.000      0.345    5    1   0.005    1.000    1.000    1.000
  43    -84.000      0.345    5    1   0.005    1.000    1.000    1.000
  44    -86.000      0.345    5    1   0.005    1.000    1.000    1.000
  45    -88.000      0.345    5    1   0.005    1.000    1.000    1.000
  46    -90.000      0.345    5    1   0.005    1.000    1.000    1.000
  47    -92.000      0.345    5    1   0.005    1.000    1.000    1.000
  48    -94.000      0.345    5    1   0.005    1.000    1.000    1.000
  49    -96.000      0.345    5    1   0.005    1.000    1.000    1.000
  50    -98.000      0.345    5    1   0.005    1.000    1.000    1.000
  51   -100.000      0.345    5    1   0.005    1.000    1.000    1.000
  52   -102.000      0.345    5    1   0.005    1.000    1.000    1.000
  53   -104.000      0.345    5    1   0.005    1.000    1.000    1.000
  54   -106.000      0.345    5    1   0.005    1.000    1.000    1.000
  55   -108.000      0.345    5    1   0.005    1.000    1.000    1.000
  56   -110.000      0.345    5    1   0.005    1.000    1.000    1.000
  57   -112.000      0.345    5    1   0.005    1.000    1.000    1.000
  58   -114.000      0.345    5    1   0.005    1.000    1.000    1.000
  59   -116.000      0.345    5    1   0.005    1.000    1.000    1.000
  60   -118.000      0.345    5    1   0.005    1.000    1.000    1.000
  61   -120.000      0.345    5    1   0.005    1.000    1.000    1.000
  62   -122.000      0.361    6    1   0.005    1.000    1.000    1.000
  63   -124.000      0.361    6    1   0.005    1.000    1.000    1.000
  64   -126.000      0.361    6    1   0.005    1.000    1.000    1.000
  65   -128.000      0.361    6    1   0.005    1.000    1.000    1.000
  66   -130.000      0.361    6    1   0.005    1.000    1.000    1.000
  67   -132.000      0.361    6    1   0.005    1.000    1.000    1.000
  68   -134.000      0.361    6    1   0.005    1.000    1.000    1.000
  69   -136.000      0.361    6    1   0.005    1.000    1.000    1.000
  70   -138.000      0.361    6    1   0.005    1.000    1.000    1.000
  71   -140.000      0.361    6    1   0.005    1.000    1.000    1.000
  72   -142.000      0.361    6    1   0.005    1.000    1.000    1.000
  73   -144.000      0.361    6    1   0.005    1.000    1.000    1.000
  74   -146.000      0.361    6    1   0.005    1.000    1.000    1.000
  75   -148.000      0.361    6    1   0.005    1.000    1.000    1.000
  76   -150.000      0.361    6    1   0.005    1.000    1.000    1.000
  77   -152.000      0.361    6    1   0.005    1.000    1.000    1.000
  78   -154.000      0.361    6    1   0.005    1.000    1.000    1.000
  79   -156.000      0.361    6    1   0.005    1.000    1.000    1.000
  80   -158.000      0.361    6    1   0.005    1.000    1.000    1.000
  81   -160.000      0.361    6    1   0.005    1.000    1.000    1.000
  82   -162.000      0.361    6    1   0.005    1.000    1.000    1.000
  83   -164.000      0.361    6    1   0.005    1.000    1.000    1.000
  84   -166.000      0.361    6    1   0.005    1.000    1.000    1.000
  85   -168.000      0.361    6    1   0.005    1.000    1.000    1.000
  86   -170.000      0.361    6    1   0.005    1.000    1.000    1.000
  87   -172.000      0.361    6    1   0.005    1.000    1.000    1.000
  88   -174.000      0.361    6    1   0.005    1.000    1.000    1.000
  89   -176.000      0.361    6    1   0.005    1.000    1.000    1.000
  90   -178.000      0.361    6    1   0.005    1.000    1.000    1.000
  91   -180.000      0.361    6    1   0.005    1.000    1.000    1.000
  92   -182.000      0.361    6    1   0.005    1.000    1.000    1.000
  93   -184.000      0.361    6    1   0.005    1.000    1.000    1.000
  94   -186.000      0.361    6    1   0.005    1.000    1.000    1.000
  95   -188.000      0.361    6    1   0.005    1.000    1.000    1.000
  96   -190.000      0.361    6    1   0.005    1.000    1.000    1.000
  97   -192.000      0.361    6    1   0.005    1.000    1.000    1.000
  98   -194.000      0.361    6    1   0.005    1.000    1.000    1.000
  99   -196.000      0.361    6    1   0.005    1.000    1.000    1.000
 100   -198.000      0.361    6    1   0.005    1.000    1.000    1.000
 101   -200.000      0.361    6    1   1.000    1.000    1.000    1.000
end

 Number of species in the chain :   0


MatNum, Param. array:

   Mat     Qr     Qs        Alfa         n          Ks      l

    1    0.112  0.466   0.900E-02   0.133E+01   0.224E+02  0.500
    2    0.117  0.495   0.100E-01   0.133E+01   0.342E+02  0.500
    3    0.100  0.447   0.789E-02   0.138E+01   0.226E+02  0.500
    4    0.103  0.456   0.789E-02   0.137E+01   0.238E+02  0.500
    5    0.105  0.470   0.789E-02   0.138E+01   0.304E+02  0.500
    6    0.116  0.494   0.100E-01   0.132E+01   0.329E+02  0.500

       Table of Hydraulic Properties which are interpolated in simulation
       =================================================================

  theta         h        log h        C             K        log K          S          Kv
 
  0.4658  -0.100E-05 -0.6000E+01  0.2182E-05  0.2226E+02  0.1348E+01    1.0000  0.0000E+00
  0.4658  -0.126E-05 -0.5899E+01  0.2359E-05  0.2226E+02  0.1347E+01    1.0000  0.0000E+00
  0.4658  -0.159E-05 -0.5798E+01  0.2549E-05  0.2225E+02  0.1347E+01    1.0000  0.0000E+00
  0.4658  -0.201E-05 -0.5697E+01  0.2755E-05  0.2224E+02  0.1347E+01    1.0000  0.0000E+00
  0.4658  -0.254E-05 -0.5596E+01  0.2978E-05  0.2223E+02  0.1347E+01    1.0000  0.0000E+00
  0.4658  -0.320E-05 -0.5495E+01  0.3219E-05  0.2222E+02  0.1347E+01    1.0000  0.0000E+00
  0.4658  -0.404E-05 -0.5394E+01  0.3479E-05  0.2221E+02  0.1347E+01    1.0000  0.0000E+00
  0.4658  -0.509E-05 -0.5293E+01  0.3760E-05  0.2220E+02  0.1346E+01    1.0000  0.0000E+00
  0.4658  -0.643E-05 -0.5192E+01  0.4064E-05  0.2218E+02  0.1346E+01    1.0000  0.0000E+00
  0.4658  -0.811E-05 -0.5091E+01  0.4392E-05  0.2217E+02  0.1346E+01    1.0000  0.0000E+00
  0.4658  -0.102E-04 -0.4990E+01  0.4747E-05  0.2216E+02  0.1345E+01    1.0000  0.0000E+00
  0.4658  -0.129E-04 -0.4889E+01  0.5131E-05  0.2214E+02  0.1345E+01    1.0000  0.0000E+00
  0.4658  -0.163E-04 -0.4788E+01  0.5545E-05  0.2212E+02  0.1345E+01    1.0000  0.0000E+00
  0.4658  -0.206E-04 -0.4687E+01  0.5994E-05  0.2210E+02  0.1344E+01    1.0000  0.0000E+00
  0.4658  -0.260E-04 -0.4586E+01  0.6478E-05  0.2208E+02  0.1344E+01    1.0000  0.0000E+00
  0.4658  -0.327E-04 -0.4485E+01  0.7002E-05  0.2206E+02  0.1344E+01    1.0000  0.0000E+00
  0.4658  -0.413E-04 -0.4384E+01  0.7568E-05  0.2204E+02  0.1343E+01    1.0000  0.0000E+00
  0.4658  -0.521E-04 -0.4283E+01  0.8179E-05  0.2201E+02  0.1343E+01    1.0000  0.0000E+00
  0.4658  -0.658E-04 -0.4182E+01  0.8840E-05  0.2198E+02  0.1342E+01    1.0000  0.0000E+00
  0.4658  -0.830E-04 -0.4081E+01  0.9555E-05  0.2195E+02  0.1342E+01    1.0000  0.0000E+00
  0.4658  -0.105E-03 -0.3980E+01  0.1033E-04  0.2192E+02  0.1341E+01    1.0000  0.0000E+00
  0.4658  -0.132E-03 -0.3879E+01  0.1116E-04  0.2189E+02  0.1340E+01    1.0000  0.0000E+00
  0.4658  -0.167E-03 -0.3778E+01  0.1206E-04  0.2185E+02  0.1339E+01    1.0000  0.0000E+00
  0.4658  -0.210E-03 -0.3677E+01  0.1304E-04  0.2181E+02  0.1339E+01    1.0000  0.0000E+00
  0.4658  -0.266E-03 -0.3576E+01  0.1409E-04  0.2177E+02  0.1338E+01    1.0000  0.0000E+00
  0.4658  -0.335E-03 -0.3475E+01  0.1523E-04  0.2172E+02  0.1337E+01    1.0000  0.0000E+00
  0.4658  -0.423E-03 -0.3374E+01  0.1646E-04  0.2167E+02  0.1336E+01    1.0000  0.0000E+00
  0.4658  -0.534E-03 -0.3273E+01  0.1779E-04  0.2161E+02  0.1335E+01    1.0000  0.0000E+00
  0.4658  -0.673E-03 -0.3172E+01  0.1923E-04  0.2155E+02  0.1334E+01    1.0000  0.0000E+00
  0.4658  -0.850E-03 -0.3071E+01  0.2078E-04  0.2149E+02  0.1332E+01    1.0000  0.0000E+00
  0.4658  -0.107E-02 -0.2970E+01  0.2246E-04  0.2142E+02  0.1331E+01    1.0000  0.0000E+00
  0.4658  -0.135E-02 -0.2869E+01  0.2428E-04  0.2135E+02  0.1329E+01    1.0000  0.0000E+00
  0.4658  -0.171E-02 -0.2768E+01  0.2624E-04  0.2127E+02  0.1328E+01    1.0000  0.0000E+00
  0.4658  -0.215E-02 -0.2667E+01  0.2836E-04  0.2118E+02  0.1326E+01    1.0000  0.1010E-29
  0.4658  -0.272E-02 -0.2566E+01  0.3066E-04  0.2109E+02  0.1324E+01    1.0000  0.1010E-29
  0.4658  -0.343E-02 -0.2465E+01  0.3313E-04  0.2099E+02  0.1322E+01    1.0000  0.3902E-29
  0.4658  -0.433E-02 -0.2364E+01  0.3581E-04  0.2088E+02  0.1320E+01    1.0000  0.1018E-28
  0.4658  -0.546E-02 -0.2263E+01  0.3871E-04  0.2076E+02  0.1317E+01    1.0000  0.2142E-28
  0.4658  -0.689E-02 -0.2162E+01  0.4183E-04  0.2063E+02  0.1315E+01    1.0000  0.6575E-28
  0.4658  -0.870E-02 -0.2061E+01  0.4521E-04  0.2050E+02  0.1312E+01    1.0000  0.2159E-27
  0.4658  -0.110E-01 -0.1960E+01  0.4887E-04  0.2035E+02  0.1309E+01    1.0000  0.5176E-27
  0.4658  -0.138E-01 -0.1859E+01  0.5282E-04  0.2019E+02  0.1305E+01    1.0000  0.1532E-26
  0.4658  -0.175E-01 -0.1758E+01  0.5709E-04  0.2002E+02  0.1302E+01    1.0000  0.4578E-26
  0.4658  -0.221E-01 -0.1657E+01  0.6170E-04  0.1984E+02  0.1298E+01    1.0000  0.1276E-25
  0.4658  -0.278E-01 -0.1556E+01  0.6669E-04  0.1964E+02  0.1293E+01    1.0000  0.3754E-25
  0.4658  -0.351E-01 -0.1455E+01  0.7208E-04  0.1943E+02  0.1289E+01    1.0000  0.1051E-24
  0.4658  -0.443E-01 -0.1354E+01  0.7790E-04  0.1920E+02  0.1283E+01    1.0000  0.2924E-24
  0.4658  -0.559E-01 -0.1253E+01  0.8420E-04  0.1896E+02  0.1278E+01    1.0000  0.8075E-24
  0.4658  -0.705E-01 -0.1152E+01  0.9100E-04  0.1870E+02  0.1272E+01    1.0000  0.2275E-23
  0.4658  -0.890E-01 -0.1051E+01  0.9835E-04  0.1842E+02  0.1265E+01    1.0000  0.6441E-23
  0.4658  -0.112E+00 -0.9495E+00  0.1063E-03  0.1811E+02  0.1258E+01    1.0000  0.1811E-22
  0.4658  -0.142E+00 -0.8485E+00  0.1149E-03  0.1779E+02  0.1250E+01    1.0000  0.5130E-22
  0.4658  -0.179E+00 -0.7475E+00  0.1242E-03  0.1745E+02  0.1242E+01    1.0000  0.1442E-21
  0.4658  -0.226E+00 -0.6465E+00  0.1342E-03  0.1708E+02  0.1232E+01    0.9999  0.4049E-21
  0.4658  -0.285E+00 -0.5455E+00  0.1450E-03  0.1668E+02  0.1222E+01    0.9999  0.1138E-20
  0.4657  -0.359E+00 -0.4444E+00  0.1567E-03  0.1626E+02  0.1211E+01    0.9999  0.3202E-20
  0.4657  -0.453E+00 -0.3434E+00  0.1693E-03  0.1581E+02  0.1199E+01    0.9998  0.9000E-20
  0.4657  -0.572E+00 -0.2424E+00  0.1830E-03  0.1533E+02  0.1185E+01    0.9998  0.2532E-19
  0.4657  -0.722E+00 -0.1414E+00  0.1977E-03  0.1482E+02  0.1171E+01    0.9997  0.7119E-19
  0.4656  -0.911E+00 -0.4040E-01  0.2135E-03  0.1428E+02  0.1155E+01    0.9996  0.2000E-18
  0.4656  -0.115E+01  0.6061E-01  0.2306E-03  0.1370E+02  0.1137E+01    0.9994  0.5620E-18
  0.4655  -0.145E+01  0.1616E+00  0.2490E-03  0.1310E+02  0.1117E+01    0.9992  0.1578E-17
  0.4654  -0.183E+01  0.2626E+00  0.2688E-03  0.1246E+02  0.1095E+01    0.9990  0.4430E-17
  0.4653  -0.231E+01  0.3636E+00  0.2899E-03  0.1178E+02  0.1071E+01    0.9986  0.1242E-16
  0.4651  -0.292E+01  0.4646E+00  0.3125E-03  0.1108E+02  0.1044E+01    0.9981  0.3480E-16
  0.4649  -0.368E+01  0.5657E+00  0.3366E-03  0.1034E+02  0.1015E+01    0.9974  0.9733E-16
  0.4645  -0.464E+01  0.6667E+00  0.3621E-03  0.9578E+01  0.9813E+00    0.9964  0.2716E-15
  0.4641  -0.586E+01  0.7677E+00  0.3888E-03  0.8789E+01  0.9439E+00    0.9951  0.7560E-15
  0.4634  -0.739E+01  0.8687E+00  0.4166E-03  0.7978E+01  0.9019E+00    0.9934  0.2096E-14
  0.4626  -0.933E+01  0.9697E+00  0.4450E-03  0.7154E+01  0.8545E+00    0.9910  0.5781E-14
  0.4615  -0.118E+02  0.1071E+01  0.4733E-03  0.6323E+01  0.8009E+00    0.9878  0.1583E-13
  0.4600  -0.148E+02  0.1172E+01  0.5007E-03  0.5497E+01  0.7401E+00    0.9836  0.4296E-13
  0.4580  -0.187E+02  0.1273E+01  0.5258E-03  0.4687E+01  0.6709E+00    0.9780  0.1152E-12
  0.4553  -0.236E+02  0.1374E+01  0.5471E-03  0.3909E+01  0.5921E+00    0.9705  0.3038E-12
  0.4519  -0.298E+02  0.1475E+01  0.5623E-03  0.3177E+01  0.5021E+00    0.9608  0.7849E-12
  0.4475  -0.376E+02  0.1576E+01  0.5693E-03  0.2509E+01  0.3994E+00    0.9483  0.1975E-11
  0.4419  -0.475E+02  0.1677E+01  0.5657E-03  0.1917E+01  0.2826E+00    0.9325  0.4810E-11
  0.4349  -0.599E+02  0.1778E+01  0.5499E-03  0.1413E+01  0.1502E+00    0.9129  0.1126E-10
  0.4265  -0.756E+02  0.1879E+01  0.5210E-03  0.1002E+01  0.1038E-02    0.8891  0.2514E-10
  0.4166  -0.955E+02  0.1980E+01  0.4800E-03  0.6833E+00 -0.1654E+00    0.8611  0.5325E-10
  0.4052  -0.120E+03  0.2081E+01  0.4293E-03  0.4475E+00 -0.3492E+00    0.8291  0.1064E-09
  0.3926  -0.152E+03  0.2182E+01  0.3726E-03  0.2820E+00 -0.5498E+00    0.7934  0.2000E-09
  0.3790  -0.192E+03  0.2283E+01  0.3142E-03  0.1714E+00 -0.7659E+00    0.7550  0.3534E-09
  0.3647  -0.242E+03  0.2384E+01  0.2581E-03  0.1009E+00 -0.9959E+00    0.7146  0.5875E-09
  0.3500  -0.305E+03  0.2485E+01  0.2072E-03  0.5784E-01 -0.1238E+01    0.6732  0.9224E-09
  0.3354  -0.385E+03  0.2586E+01  0.1630E-03  0.3238E-01 -0.1490E+01    0.6318  0.1373E-08
  0.3209  -0.486E+03  0.2687E+01  0.1262E-03  0.1780E-01 -0.1750E+01    0.5910  0.1950E-08
  0.3069  -0.614E+03  0.2788E+01  0.9649E-04  0.9641E-02 -0.2016E+01    0.5513  0.2653E-08
  0.2934  -0.774E+03  0.2889E+01  0.7300E-04  0.5162E-02 -0.2287E+01    0.5133  0.3479E-08
  0.2806  -0.977E+03  0.2990E+01  0.5480E-04  0.2740E-02 -0.2562E+01    0.4772  0.4417E-08
  0.2685  -0.123E+04  0.3091E+01  0.4089E-04  0.1445E-02 -0.2840E+01    0.4430  0.5453E-08
  0.2572  -0.156E+04  0.3192E+01  0.3037E-04  0.7578E-03 -0.3120E+01    0.4110  0.6570E-08
  0.2465  -0.196E+04  0.3293E+01  0.2248E-04  0.3961E-03 -0.3402E+01    0.3810  0.7750E-08
  0.2366  -0.248E+04  0.3394E+01  0.1660E-04  0.2064E-03 -0.3685E+01    0.3530  0.8978E-08
  0.2274  -0.313E+04  0.3495E+01  0.1224E-04  0.1074E-03 -0.3969E+01    0.3269  0.1024E-07
  0.2188  -0.394E+04  0.3596E+01  0.9008E-05  0.5576E-04 -0.4254E+01    0.3027  0.1151E-07
  0.2108  -0.498E+04  0.3697E+01  0.6624E-05  0.2892E-04 -0.4539E+01    0.2803  0.1278E-07
  0.2035  -0.628E+04  0.3798E+01  0.4867E-05  0.1499E-04 -0.4824E+01    0.2594  0.1405E-07
  0.1966  -0.792E+04  0.3899E+01  0.3574E-05  0.7766E-05 -0.5110E+01    0.2401  0.1529E-07
  0.1903  -0.100E+05  0.4000E+01  0.2623E-05  0.4021E-05 -0.5396E+01    0.2222  0.1650E-07
end
 
  0.4950  -0.100E-05 -0.6000E+01  0.3082E-05  0.3400E+02  0.1532E+01    1.0000  0.0000E+00
  0.4950  -0.126E-05 -0.5899E+01  0.3325E-05  0.3399E+02  0.1531E+01    1.0000  0.0000E+00
  0.4950  -0.159E-05 -0.5798E+01  0.3586E-05  0.3397E+02  0.1531E+01    1.0000  0.0000E+00
  0.4950  -0.201E-05 -0.5697E+01  0.3867E-05  0.3396E+02  0.1531E+01    1.0000  0.0000E+00
  0.4950  -0.254E-05 -0.5596E+01  0.4171E-05  0.3394E+02  0.1531E+01    1.0000  0.0000E+00
  0.4950  -0.320E-05 -0.5495E+01  0.4499E-05  0.3392E+02  0.1531E+01    1.0000  0.0000E+00
  0.4950  -0.404E-05 -0.5394E+01  0.4852E-05  0.3390E+02  0.1530E+01    1.0000  0.0000E+00
  0.4950  -0.509E-05 -0.5293E+01  0.5233E-05  0.3388E+02  0.1530E+01    1.0000  0.0000E+00
  0.4950  -0.643E-05 -0.5192E+01  0.5644E-05  0.3386E+02  0.1530E+01    1.0000  0.0000E+00
  0.4950  -0.811E-05 -0.5091E+01  0.6088E-05  0.3384E+02  0.1529E+01    1.0000  0.0000E+00
  0.4950  -0.102E-04 -0.4990E+01  0.6566E-05  0.3381E+02  0.1529E+01    1.0000  0.0000E+00
  0.4950  -0.129E-04 -0.4889E+01  0.7082E-05  0.3378E+02  0.1529E+01    1.0000  0.0000E+00
  0.4950  -0.163E-04 -0.4788E+01  0.7638E-05  0.3375E+02  0.1528E+01    1.0000  0.0000E+00
  0.4950  -0.206E-04 -0.4687E+01  0.8238E-05  0.3372E+02  0.1528E+01    1.0000  0.0000E+00
  0.4950  -0.260E-04 -0.4586E+01  0.8885E-05  0.3368E+02  0.1527E+01    1.0000  0.0000E+00
  0.4950  -0.327E-04 -0.4485E+01  0.9583E-05  0.3364E+02  0.1527E+01    1.0000  0.0000E+00
  0.4950  -0.413E-04 -0.4384E+01  0.1034E-04  0.3360E+02  0.1526E+01    1.0000  0.0000E+00
  0.4950  -0.521E-04 -0.4283E+01  0.1115E-04  0.3356E+02  0.1526E+01    1.0000  0.0000E+00
  0.4950  -0.658E-04 -0.4182E+01  0.1202E-04  0.3351E+02  0.1525E+01    1.0000  0.0000E+00
  0.4950  -0.830E-04 -0.4081E+01  0.1297E-04  0.3346E+02  0.1524E+01    1.0000  0.0000E+00
  0.4950  -0.105E-03 -0.3980E+01  0.1399E-04  0.3340E+02  0.1524E+01    1.0000  0.0000E+00
  0.4950  -0.132E-03 -0.3879E+01  0.1509E-04  0.3334E+02  0.1523E+01    1.0000  0.0000E+00
  0.4950  -0.167E-03 -0.3778E+01  0.1627E-04  0.3328E+02  0.1522E+01    1.0000  0.0000E+00
  0.4950  -0.210E-03 -0.3677E+01  0.1755E-04  0.3321E+02  0.1521E+01    1.0000  0.0000E+00
  0.4950  -0.266E-03 -0.3576E+01  0.1893E-04  0.3313E+02  0.1520E+01    1.0000  0.0000E+00
  0.4950  -0.335E-03 -0.3475E+01  0.2041E-04  0.3305E+02  0.1519E+01    1.0000  0.0000E+00
  0.4950  -0.423E-03 -0.3374E+01  0.2202E-04  0.3296E+02  0.1518E+01    1.0000  0.0000E+00
  0.4950  -0.534E-03 -0.3273E+01  0.2375E-04  0.3287E+02  0.1517E+01    1.0000  0.0000E+00
  0.4950  -0.673E-03 -0.3172E+01  0.2561E-04  0.3277E+02  0.1515E+01    1.0000  0.0000E+00
  0.4950  -0.850E-03 -0.3071E+01  0.2762E-04  0.3266E+02  0.1514E+01    1.0000  0.0000E+00
  0.4950  -0.107E-02 -0.2970E+01  0.2979E-04  0.3254E+02  0.1512E+01    1.0000  0.0000E+00
  0.4950  -0.135E-02 -0.2869E+01  0.3213E-04  0.3241E+02  0.1511E+01    1.0000  0.0000E+00
  0.4950  -0.171E-02 -0.2768E+01  0.3466E-04  0.3228E+02  0.1509E+01    1.0000  0.0000E+00
  0.4950  -0.215E-02 -0.2667E+01  0.3738E-04  0.3213E+02  0.1507E+01    1.0000  0.8942E-30
  0.4950  -0.272E-02 -0.2566E+01  0.4032E-04  0.3197E+02  0.1505E+01    1.0000  0.3455E-29
  0.4950  -0.343E-02 -0.2465E+01  0.4349E-04  0.3180E+02  0.1502E+01    1.0000  0.9013E-29
  0.4950  -0.433E-02 -0.2364E+01  0.4690E-04  0.3162E+02  0.1500E+01    1.0000  0.1896E-28
  0.4950  -0.546E-02 -0.2263E+01  0.5059E-04  0.3142E+02  0.1497E+01    1.0000  0.5821E-28
  0.4950  -0.689E-02 -0.2162E+01  0.5456E-04  0.3121E+02  0.1494E+01    1.0000  0.1911E-27
  0.4950  -0.870E-02 -0.2061E+01  0.5884E-04  0.3098E+02  0.1491E+01    1.0000  0.4583E-27
  0.4950  -0.110E-01 -0.1960E+01  0.6347E-04  0.3074E+02  0.1488E+01    1.0000  0.1356E-26
  0.4950  -0.138E-01 -0.1859E+01  0.6845E-04  0.3048E+02  0.1484E+01    1.0000  0.3538E-26
  0.4950  -0.175E-01 -0.1758E+01  0.7383E-04  0.3019E+02  0.1480E+01    1.0000  0.1023E-25
  0.4950  -0.221E-01 -0.1657E+01  0.7963E-04  0.2989E+02  0.1476E+01    1.0000  0.2668E-25
  0.4950  -0.278E-01 -0.1556E+01  0.8588E-04  0.2957E+02  0.1471E+01    1.0000  0.7927E-25
  0.4950  -0.351E-01 -0.1455E+01  0.9263E-04  0.2922E+02  0.1466E+01    1.0000  0.2125E-24
  0.4950  -0.443E-01 -0.1354E+01  0.9990E-04  0.2885E+02  0.1460E+01    1.0000  0.6008E-24
  0.4950  -0.559E-01 -0.1253E+01  0.1077E-03  0.2845E+02  0.1454E+01    1.0000  0.1699E-23
  0.4950  -0.705E-01 -0.1152E+01  0.1162E-03  0.2802E+02  0.1447E+01    1.0000  0.4730E-23
  0.4950  -0.890E-01 -0.1051E+01  0.1253E-03  0.2756E+02  0.1440E+01    1.0000  0.1320E-22
  0.4950  -0.112E+00 -0.9495E+00  0.1352E-03  0.2707E+02  0.1433E+01    1.0000  0.3683E-22
  0.4950  -0.142E+00 -0.8485E+00  0.1458E-03  0.2655E+02  0.1424E+01    1.0000  0.1023E-21
  0.4950  -0.179E+00 -0.7475E+00  0.1572E-03  0.2599E+02  0.1415E+01    0.9999  0.2859E-21
  0.4950  -0.226E+00 -0.6465E+00  0.1696E-03  0.2540E+02  0.1405E+01    0.9999  0.7988E-21
  0.4950  -0.285E+00 -0.5455E+00  0.1829E-03  0.2476E+02  0.1394E+01    0.9999  0.2233E-20
  0.4950  -0.359E+00 -0.4444E+00  0.1972E-03  0.2409E+02  0.1382E+01    0.9999  0.6236E-20
  0.4949  -0.453E+00 -0.3434E+00  0.2126E-03  0.2337E+02  0.1369E+01    0.9998  0.1742E-19
  0.4949  -0.572E+00 -0.2424E+00  0.2292E-03  0.2261E+02  0.1354E+01    0.9997  0.4863E-19
  0.4949  -0.722E+00 -0.1414E+00  0.2471E-03  0.2180E+02  0.1339E+01    0.9996  0.1358E-18
  0.4948  -0.911E+00 -0.4040E-01  0.2664E-03  0.2095E+02  0.1321E+01    0.9995  0.3787E-18
  0.4948  -0.115E+01  0.6061E-01  0.2870E-03  0.2005E+02  0.1302E+01    0.9993  0.1056E-17
  0.4947  -0.145E+01  0.1616E+00  0.3092E-03  0.1910E+02  0.1281E+01    0.9991  0.2945E-17
  0.4946  -0.183E+01  0.2626E+00  0.3329E-03  0.1810E+02  0.1258E+01    0.9988  0.8205E-17
  0.4944  -0.231E+01  0.3636E+00  0.3583E-03  0.1706E+02  0.1232E+01    0.9983  0.2284E-16
  0.4942  -0.292E+01  0.4646E+00  0.3853E-03  0.1597E+02  0.1203E+01    0.9977  0.6348E-16
  0.4939  -0.368E+01  0.5657E+00  0.4138E-03  0.1483E+02  0.1171E+01    0.9969  0.1761E-15
  0.4934  -0.464E+01  0.6667E+00  0.4439E-03  0.1366E+02  0.1136E+01    0.9958  0.4875E-15
  0.4929  -0.586E+01  0.7677E+00  0.4751E-03  0.1246E+02  0.1096E+01    0.9944  0.1345E-14
  0.4921  -0.739E+01  0.8687E+00  0.5073E-03  0.1124E+02  0.1051E+01    0.9924  0.3694E-14
  0.4911  -0.933E+01  0.9697E+00  0.5397E-03  0.1000E+02  0.1000E+01    0.9897  0.1008E-13
  0.4898  -0.118E+02  0.1071E+01  0.5714E-03  0.8765E+01  0.9427E+00    0.9861  0.2731E-13
  0.4880  -0.148E+02  0.1172E+01  0.6013E-03  0.7547E+01  0.8778E+00    0.9813  0.7320E-13
  0.4856  -0.187E+02  0.1273E+01  0.6276E-03  0.6366E+01  0.8039E+00    0.9750  0.1935E-12
  0.4824  -0.236E+02  0.1374E+01  0.6482E-03  0.5245E+01  0.7198E+00    0.9667  0.5024E-12
  0.4784  -0.298E+02  0.1475E+01  0.6606E-03  0.4207E+01  0.6240E+00    0.9560  0.1275E-11
  0.4732  -0.376E+02  0.1576E+01  0.6622E-03  0.3273E+01  0.5149E+00    0.9423  0.3142E-11
  0.4667  -0.475E+02  0.1677E+01  0.6507E-03  0.2462E+01  0.3913E+00    0.9252  0.7474E-11
  0.4588  -0.599E+02  0.1778E+01  0.6247E-03  0.1785E+01  0.2517E+00    0.9042  0.1704E-10
  0.4493  -0.756E+02  0.1879E+01  0.5841E-03  0.1246E+01  0.9539E-01    0.8791  0.3701E-10
  0.4382  -0.955E+02  0.1980E+01  0.5307E-03  0.8355E+00 -0.7807E-01    0.8499  0.7607E-10
  0.4258  -0.120E+03  0.2081E+01  0.4683E-03  0.5390E+00 -0.2684E+00    0.8170  0.1474E-09
  0.4121  -0.152E+03  0.2182E+01  0.4014E-03  0.3352E+00 -0.4747E+00    0.7808  0.2689E-09
  0.3975  -0.192E+03  0.2283E+01  0.3348E-03  0.2016E+00 -0.6956E+00    0.7422  0.4615E-09
  0.3823  -0.242E+03  0.2384E+01  0.2724E-03  0.1177E+00 -0.9293E+00    0.7021  0.7471E-09
  0.3669  -0.305E+03  0.2485E+01  0.2170E-03  0.6701E-01 -0.1174E+01    0.6614  0.1145E-08
  0.3516  -0.385E+03  0.2586E+01  0.1698E-03  0.3738E-01 -0.1427E+01    0.6209  0.1669E-08
  0.3366  -0.486E+03  0.2687E+01  0.1309E-03  0.2051E-01 -0.1688E+01    0.5812  0.2326E-08
  0.3220  -0.614E+03  0.2788E+01  0.9979E-04  0.1110E-01 -0.1955E+01    0.5428  0.3117E-08
  0.3081  -0.774E+03  0.2889E+01  0.7538E-04  0.5952E-02 -0.2225E+01    0.5060  0.4033E-08
  0.2949  -0.977E+03  0.2990E+01  0.5655E-04  0.3166E-02 -0.2499E+01    0.4711  0.5064E-08
  0.2824  -0.123E+04  0.3091E+01  0.4220E-04  0.1674E-02 -0.2776E+01    0.4381  0.6194E-08
  0.2707  -0.156E+04  0.3192E+01  0.3136E-04  0.8814E-03 -0.3055E+01    0.4071  0.7405E-08
  0.2597  -0.196E+04  0.3293E+01  0.2324E-04  0.4625E-03 -0.3335E+01    0.3781  0.8681E-08
  0.2495  -0.248E+04  0.3394E+01  0.1718E-04  0.2421E-03 -0.3616E+01    0.3510  0.1000E-07
  0.2399  -0.313E+04  0.3495E+01  0.1269E-04  0.1265E-03 -0.3898E+01    0.3257  0.1136E-07
  0.2310  -0.394E+04  0.3596E+01  0.9353E-05  0.6601E-04 -0.4180E+01    0.3022  0.1272E-07
  0.2227  -0.498E+04  0.3697E+01  0.6889E-05  0.3441E-04 -0.4463E+01    0.2803  0.1409E-07
  0.2151  -0.628E+04  0.3798E+01  0.5072E-05  0.1792E-04 -0.4747E+01    0.2600  0.1545E-07
  0.2079  -0.792E+04  0.3899E+01  0.3731E-05  0.9332E-05 -0.5030E+01    0.2411  0.1678E-07
  0.2013  -0.100E+05  0.4000E+01  0.2745E-05  0.4856E-05 -0.5314E+01    0.2236  0.1808E-07
end
 
  0.4472  -0.100E-05 -0.6000E+01  0.8608E-06  0.2255E+02  0.1353E+01    1.0000  0.0000E+00
  0.4472  -0.126E-05 -0.5899E+01  0.9404E-06  0.2255E+02  0.1353E+01    1.0000  0.0000E+00
  0.4472  -0.159E-05 -0.5798E+01  0.1027E-05  0.2254E+02  0.1353E+01    1.0000  0.0000E+00
  0.4472  -0.201E-05 -0.5697E+01  0.1122E-05  0.2254E+02  0.1353E+01    1.0000  0.0000E+00
  0.4472  -0.254E-05 -0.5596E+01  0.1226E-05  0.2254E+02  0.1353E+01    1.0000  0.0000E+00
  0.4472  -0.320E-05 -0.5495E+01  0.1340E-05  0.2253E+02  0.1353E+01    1.0000  0.0000E+00
  0.4472  -0.404E-05 -0.5394E+01  0.1464E-05  0.2252E+02  0.1353E+01    1.0000  0.0000E+00
  0.4472  -0.509E-05 -0.5293E+01  0.1599E-05  0.2252E+02  0.1353E+01    1.0000  0.0000E+00
  0.4472  -0.643E-05 -0.5192E+01  0.1747E-05  0.2251E+02  0.1352E+01    1.0000  0.0000E+00
  0.4472  -0.811E-05 -0.5091E+01  0.1908E-05  0.2251E+02  0.1352E+01    1.0000  0.0000E+00
  0.4472  -0.102E-04 -0.4990E+01  0.2085E-05  0.2250E+02  0.1352E+01    1.0000  0.0000E+00
  0.4472  -0.129E-04 -0.4889E+01  0.2278E-05  0.2249E+02  0.1352E+01    1.0000  0.0000E+00
  0.4472  -0.163E-04 -0.4788E+01  0.2489E-05  0.2248E+02  0.1352E+01    1.0000  0.0000E+00
  0.4472  -0.206E-04 -0.4687E+01  0.2719E-05  0.2247E+02  0.1352E+01    1.0000  0.0000E+00
  0.4472  -0.260E-04 -0.4586E+01  0.2970E-05  0.2246E+02  0.1351E+01    1.0000  0.0000E+00
  0.4472  -0.327E-04 -0.4485E+01  0.3245E-05  0.2245E+02  0.1351E+01    1.0000  0.0000E+00
  0.4472  -0.413E-04 -0.4384E+01  0.3545E-05  0.2243E+02  0.1351E+01    1.0000  0.0000E+00
  0.4472  -0.521E-04 -0.4283E+01  0.3873E-05  0.2242E+02  0.1351E+01    1.0000  0.0000E+00
  0.4472  -0.658E-04 -0.4182E+01  0.4231E-05  0.2240E+02  0.1350E+01    1.0000  0.0000E+00
  0.4472  -0.830E-04 -0.4081E+01  0.4623E-05  0.2239E+02  0.1350E+01    1.0000  0.0000E+00
  0.4472  -0.105E-03 -0.3980E+01  0.5050E-05  0.2237E+02  0.1350E+01    1.0000  0.0000E+00
  0.4472  -0.132E-03 -0.3879E+01  0.5517E-05  0.2235E+02  0.1349E+01    1.0000  0.0000E+00
  0.4472  -0.167E-03 -0.3778E+01  0.6028E-05  0.2233E+02  0.1349E+01    1.0000  0.0000E+00
  0.4472  -0.210E-03 -0.3677E+01  0.6585E-05  0.2230E+02  0.1348E+01    1.0000  0.0000E+00
  0.4472  -0.266E-03 -0.3576E+01  0.7194E-05  0.2228E+02  0.1348E+01    1.0000  0.0000E+00
  0.4472  -0.335E-03 -0.3475E+01  0.7860E-05  0.2225E+02  0.1347E+01    1.0000  0.0000E+00
  0.4472  -0.423E-03 -0.3374E+01  0.8587E-05  0.2222E+02  0.1347E+01    1.0000  0.0000E+00
  0.4472  -0.534E-03 -0.3273E+01  0.9381E-05  0.2218E+02  0.1346E+01    1.0000  0.0000E+00
  0.4472  -0.673E-03 -0.3172E+01  0.1025E-04  0.2215E+02  0.1345E+01    1.0000  0.0000E+00
  0.4472  -0.850E-03 -0.3071E+01  0.1120E-04  0.2210E+02  0.1344E+01    1.0000  0.0000E+00
  0.4472  -0.107E-02 -0.2970E+01  0.1223E-04  0.2206E+02  0.1344E+01    1.0000  0.0000E+00
  0.4472  -0.135E-02 -0.2869E+01  0.1336E-04  0.2201E+02  0.1343E+01    1.0000  0.0000E+00
  0.4472  -0.171E-02 -0.2768E+01  0.1460E-04  0.2196E+02  0.1342E+01    1.0000  0.1087E-30
  0.4472  -0.215E-02 -0.2667E+01  0.1595E-04  0.2190E+02  0.1340E+01    1.0000  0.1087E-30
  0.4472  -0.272E-02 -0.2566E+01  0.1743E-04  0.2184E+02  0.1339E+01    1.0000  0.1087E-30
  0.4472  -0.343E-02 -0.2465E+01  0.1904E-04  0.2177E+02  0.1338E+01    1.0000  0.1096E-29
  0.4472  -0.433E-02 -0.2364E+01  0.2080E-04  0.2169E+02  0.1336E+01    1.0000  0.1096E-29
  0.4472  -0.546E-02 -0.2263E+01  0.2272E-04  0.2161E+02  0.1335E+01    1.0000  0.4233E-29
  0.4472  -0.689E-02 -0.2162E+01  0.2483E-04  0.2152E+02  0.1333E+01    1.0000  0.1104E-28
  0.4472  -0.870E-02 -0.2061E+01  0.2712E-04  0.2143E+02  0.1331E+01    1.0000  0.4266E-28
  0.4472  -0.110E-01 -0.1960E+01  0.2963E-04  0.2132E+02  0.1329E+01    1.0000  0.1113E-27
  0.4472  -0.138E-01 -0.1859E+01  0.3237E-04  0.2120E+02  0.1326E+01    1.0000  0.3217E-27
  0.4472  -0.175E-01 -0.1758E+01  0.3537E-04  0.2108E+02  0.1324E+01    1.0000  0.9047E-27
  0.4472  -0.221E-01 -0.1657E+01  0.3864E-04  0.2094E+02  0.1321E+01    1.0000  0.2777E-26
  0.4472  -0.278E-01 -0.1556E+01  0.4221E-04  0.2079E+02  0.1318E+01    1.0000  0.8145E-26
  0.4472  -0.351E-01 -0.1455E+01  0.4611E-04  0.2063E+02  0.1314E+01    1.0000  0.2187E-25
  0.4472  -0.443E-01 -0.1354E+01  0.5038E-04  0.2045E+02  0.1311E+01    1.0000  0.6469E-25
  0.4472  -0.559E-01 -0.1253E+01  0.5504E-04  0.2026E+02  0.1307E+01    1.0000  0.1934E-24
  0.4472  -0.705E-01 -0.1152E+01  0.6013E-04  0.2005E+02  0.1302E+01    1.0000  0.5568E-24
  0.4472  -0.890E-01 -0.1051E+01  0.6569E-04  0.1982E+02  0.1297E+01    1.0000  0.1624E-23
  0.4472  -0.112E+00 -0.9495E+00  0.7177E-04  0.1958E+02  0.1292E+01    1.0000  0.4754E-23
  0.4472  -0.142E+00 -0.8485E+00  0.7840E-04  0.1931E+02  0.1286E+01    1.0000  0.1383E-22
  0.4472  -0.179E+00 -0.7475E+00  0.8565E-04  0.1902E+02  0.1279E+01    1.0000  0.4024E-22
  0.4472  -0.226E+00 -0.6465E+00  0.9357E-04  0.1871E+02  0.1272E+01    1.0000  0.1175E-21
  0.4472  -0.285E+00 -0.5455E+00  0.1022E-03  0.1837E+02  0.1264E+01    0.9999  0.3438E-21
  0.4472  -0.359E+00 -0.4444E+00  0.1117E-03  0.1800E+02  0.1255E+01    0.9999  0.1002E-20
  0.4472  -0.453E+00 -0.3434E+00  0.1220E-03  0.1760E+02  0.1245E+01    0.9999  0.2919E-20
  0.4472  -0.572E+00 -0.2424E+00  0.1332E-03  0.1717E+02  0.1235E+01    0.9998  0.8510E-20
  0.4471  -0.722E+00 -0.1414E+00  0.1455E-03  0.1670E+02  0.1223E+01    0.9998  0.2478E-19
  0.4471  -0.911E+00 -0.4040E-01  0.1589E-03  0.1620E+02  0.1210E+01    0.9997  0.7225E-19
  0.4471  -0.115E+01  0.6061E-01  0.1735E-03  0.1567E+02  0.1195E+01    0.9996  0.2105E-18
  0.4470  -0.145E+01  0.1616E+00  0.1894E-03  0.1509E+02  0.1179E+01    0.9994  0.6129E-18
  0.4469  -0.183E+01  0.2626E+00  0.2067E-03  0.1447E+02  0.1161E+01    0.9992  0.1784E-17
  0.4468  -0.231E+01  0.3636E+00  0.2255E-03  0.1382E+02  0.1140E+01    0.9989  0.5192E-17
  0.4467  -0.292E+01  0.4646E+00  0.2459E-03  0.1311E+02  0.1118E+01    0.9985  0.1509E-16
  0.4465  -0.368E+01  0.5657E+00  0.2680E-03  0.1237E+02  0.1092E+01    0.9979  0.4381E-16
  0.4462  -0.464E+01  0.6667E+00  0.2917E-03  0.1158E+02  0.1064E+01    0.9972  0.1270E-15
  0.4459  -0.586E+01  0.7677E+00  0.3171E-03  0.1076E+02  0.1032E+01    0.9961  0.3672E-15
  0.4454  -0.739E+01  0.8687E+00  0.3441E-03  0.9891E+01  0.9952E+00    0.9946  0.1059E-14
  0.4447  -0.933E+01  0.9697E+00  0.3724E-03  0.8993E+01  0.9539E+00    0.9926  0.3039E-14
  0.4437  -0.118E+02  0.1071E+01  0.4017E-03  0.8070E+01  0.9069E+00    0.9899  0.8673E-14
  0.4424  -0.148E+02  0.1172E+01  0.4313E-03  0.7131E+01  0.8531E+00    0.9862  0.2457E-13
  0.4407  -0.187E+02  0.1273E+01  0.4603E-03  0.6188E+01  0.7915E+00    0.9812  0.6885E-13
  0.4384  -0.236E+02  0.1374E+01  0.4871E-03  0.5257E+01  0.7208E+00    0.9745  0.1903E-12
  0.4353  -0.298E+02  0.1475E+01  0.5100E-03  0.4358E+01  0.6393E+00    0.9655  0.5164E-12
  0.4312  -0.376E+02  0.1576E+01  0.5266E-03  0.3512E+01  0.5455E+00    0.9538  0.1368E-11
  0.4260  -0.475E+02  0.1677E+01  0.5343E-03  0.2739E+01  0.4377E+00    0.9387  0.3517E-11
  0.4193  -0.599E+02  0.1778E+01  0.5306E-03  0.2060E+01  0.3140E+00    0.9196  0.8703E-11
  0.4111  -0.756E+02  0.1879E+01  0.5138E-03  0.1489E+01  0.1729E+00    0.8959  0.2057E-10
  0.4012  -0.955E+02  0.1980E+01  0.4833E-03  0.1031E+01  0.1337E-01    0.8674  0.4611E-10
  0.3897  -0.120E+03  0.2081E+01  0.4405E-03  0.6837E+00 -0.1652E+00    0.8341  0.9730E-10
  0.3766  -0.152E+03  0.2182E+01  0.3885E-03  0.4340E+00 -0.3625E+00    0.7964  0.1924E-09
  0.3623  -0.192E+03  0.2283E+01  0.3319E-03  0.2645E+00 -0.5776E+00    0.7552  0.3559E-09
  0.3472  -0.242E+03  0.2384E+01  0.2750E-03  0.1553E+00 -0.8088E+00    0.7114  0.6158E-09
  0.3315  -0.305E+03  0.2485E+01  0.2218E-03  0.8828E-01 -0.1054E+01    0.6663  0.9996E-09
  0.3158  -0.385E+03  0.2586E+01  0.1748E-03  0.4883E-01 -0.1311E+01    0.6209  0.1529E-08
  0.3003  -0.486E+03  0.2687E+01  0.1351E-03  0.2641E-01 -0.1578E+01    0.5762  0.2217E-08
  0.2853  -0.614E+03  0.2788E+01  0.1029E-03  0.1404E-01 -0.1853E+01    0.5329  0.3065E-08
  0.2710  -0.774E+03  0.2889E+01  0.7738E-04  0.7359E-02 -0.2133E+01    0.4916  0.4064E-08
  0.2574  -0.977E+03  0.2990E+01  0.5766E-04  0.3818E-02 -0.2418E+01    0.4526  0.5199E-08
  0.2448  -0.123E+04  0.3091E+01  0.4267E-04  0.1965E-02 -0.2707E+01    0.4161  0.6447E-08
  0.2330  -0.156E+04  0.3192E+01  0.3140E-04  0.1005E-02 -0.2998E+01    0.3821  0.7785E-08
  0.2220  -0.196E+04  0.3293E+01  0.2303E-04  0.5122E-03 -0.3291E+01    0.3505  0.9188E-08
  0.2119  -0.248E+04  0.3394E+01  0.1683E-04  0.2601E-03 -0.3585E+01    0.3214  0.1063E-07
  0.2026  -0.313E+04  0.3495E+01  0.1228E-04  0.1318E-03 -0.3880E+01    0.2946  0.1209E-07
  0.1941  -0.394E+04  0.3596E+01  0.8945E-05  0.6664E-04 -0.4176E+01    0.2699  0.1356E-07
  0.1862  -0.498E+04  0.3697E+01  0.6509E-05  0.3366E-04 -0.4473E+01    0.2472  0.1500E-07
  0.1790  -0.628E+04  0.3798E+01  0.4732E-05  0.1699E-04 -0.4770E+01    0.2263  0.1641E-07
  0.1724  -0.792E+04  0.3899E+01  0.3438E-05  0.8566E-05 -0.5067E+01    0.2073  0.1778E-07
  0.1663  -0.100E+05  0.4000E+01  0.2497E-05  0.4318E-05 -0.5365E+01    0.1898  0.1909E-07
end
 
  0.4560  -0.100E-05 -0.6000E+01  0.1006E-05  0.2376E+02  0.1376E+01    1.0000  0.0000E+00
  0.4560  -0.126E-05 -0.5899E+01  0.1097E-05  0.2375E+02  0.1376E+01    1.0000  0.0000E+00
  0.4560  -0.159E-05 -0.5798E+01  0.1196E-05  0.2375E+02  0.1376E+01    1.0000  0.0000E+00
  0.4560  -0.201E-05 -0.5697E+01  0.1304E-05  0.2374E+02  0.1376E+01    1.0000  0.0000E+00
  0.4560  -0.254E-05 -0.5596E+01  0.1421E-05  0.2374E+02  0.1375E+01    1.0000  0.0000E+00
  0.4560  -0.320E-05 -0.5495E+01  0.1550E-05  0.2373E+02  0.1375E+01    1.0000  0.0000E+00
  0.4560  -0.404E-05 -0.5394E+01  0.1690E-05  0.2373E+02  0.1375E+01    1.0000  0.0000E+00
  0.4560  -0.509E-05 -0.5293E+01  0.1842E-05  0.2372E+02  0.1375E+01    1.0000  0.0000E+00
  0.4560  -0.643E-05 -0.5192E+01  0.2008E-05  0.2371E+02  0.1375E+01    1.0000  0.0000E+00
  0.4560  -0.811E-05 -0.5091E+01  0.2190E-05  0.2370E+02  0.1375E+01    1.0000  0.0000E+00
  0.4560  -0.102E-04 -0.4990E+01  0.2388E-05  0.2369E+02  0.1375E+01    1.0000  0.0000E+00
  0.4560  -0.129E-04 -0.4889E+01  0.2603E-05  0.2368E+02  0.1374E+01    1.0000  0.0000E+00
  0.4560  -0.163E-04 -0.4788E+01  0.2838E-05  0.2367E+02  0.1374E+01    1.0000  0.0000E+00
  0.4560  -0.206E-04 -0.4687E+01  0.3094E-05  0.2366E+02  0.1374E+01    1.0000  0.0000E+00
  0.4560  -0.260E-04 -0.4586E+01  0.3374E-05  0.2365E+02  0.1374E+01    1.0000  0.0000E+00
  0.4560  -0.327E-04 -0.4485E+01  0.3679E-05  0.2363E+02  0.1374E+01    1.0000  0.0000E+00
  0.4560  -0.413E-04 -0.4384E+01  0.4011E-05  0.2362E+02  0.1373E+01    1.0000  0.0000E+00
  0.4560  -0.521E-04 -0.4283E+01  0.4373E-05  0.2360E+02  0.1373E+01    1.0000  0.0000E+00
  0.4560  -0.658E-04 -0.4182E+01  0.4768E-05  0.2358E+02  0.1373E+01    1.0000  0.0000E+00
  0.4560  -0.830E-04 -0.4081E+01  0.5198E-05  0.2357E+02  0.1372E+01    1.0000  0.0000E+00
  0.4560  -0.105E-03 -0.3980E+01  0.5668E-05  0.2354E+02  0.1372E+01    1.0000  0.0000E+00
  0.4560  -0.132E-03 -0.3879E+01  0.6179E-05  0.2352E+02  0.1371E+01    1.0000  0.0000E+00
  0.4560  -0.167E-03 -0.3778E+01  0.6737E-05  0.2349E+02  0.1371E+01    1.0000  0.0000E+00
  0.4560  -0.210E-03 -0.3677E+01  0.7346E-05  0.2347E+02  0.1370E+01    1.0000  0.0000E+00
  0.4560  -0.266E-03 -0.3576E+01  0.8009E-05  0.2344E+02  0.1370E+01    1.0000  0.0000E+00
  0.4560  -0.335E-03 -0.3475E+01  0.8732E-05  0.2340E+02  0.1369E+01    1.0000  0.0000E+00
  0.4560  -0.423E-03 -0.3374E+01  0.9521E-05  0.2337E+02  0.1369E+01    1.0000  0.0000E+00
  0.4560  -0.534E-03 -0.3273E+01  0.1038E-04  0.2333E+02  0.1368E+01    1.0000  0.0000E+00
  0.4560  -0.673E-03 -0.3172E+01  0.1132E-04  0.2329E+02  0.1367E+01    1.0000  0.0000E+00
  0.4560  -0.850E-03 -0.3071E+01  0.1234E-04  0.2324E+02  0.1366E+01    1.0000  0.0000E+00
  0.4560  -0.107E-02 -0.2970E+01  0.1345E-04  0.2319E+02  0.1365E+01    1.0000  0.0000E+00
  0.4560  -0.135E-02 -0.2869E+01  0.1467E-04  0.2313E+02  0.1364E+01    1.0000  0.0000E+00
  0.4560  -0.171E-02 -0.2768E+01  0.1599E-04  0.2307E+02  0.1363E+01    1.0000  0.1046E-30
  0.4560  -0.215E-02 -0.2667E+01  0.1744E-04  0.2301E+02  0.1362E+01    1.0000  0.1046E-30
  0.4560  -0.272E-02 -0.2566E+01  0.1901E-04  0.2294E+02  0.1361E+01    1.0000  0.1046E-30
  0.4560  -0.343E-02 -0.2465E+01  0.2073E-04  0.2286E+02  0.1359E+01    1.0000  0.1054E-29
  0.4560  -0.433E-02 -0.2364E+01  0.2260E-04  0.2277E+02  0.1357E+01    1.0000  0.1054E-29
  0.4560  -0.546E-02 -0.2263E+01  0.2464E-04  0.2268E+02  0.1356E+01    1.0000  0.4072E-29
  0.4560  -0.689E-02 -0.2162E+01  0.2687E-04  0.2258E+02  0.1354E+01    1.0000  0.2235E-28
  0.4560  -0.870E-02 -0.2061E+01  0.2929E-04  0.2247E+02  0.1352E+01    1.0000  0.4104E-28
  0.4560  -0.110E-01 -0.1960E+01  0.3194E-04  0.2236E+02  0.1349E+01    1.0000  0.1586E-27
  0.4560  -0.138E-01 -0.1859E+01  0.3482E-04  0.2223E+02  0.1347E+01    1.0000  0.4137E-27
  0.4560  -0.175E-01 -0.1758E+01  0.3796E-04  0.2209E+02  0.1344E+01    1.0000  0.1079E-26
  0.4560  -0.221E-01 -0.1657E+01  0.4139E-04  0.2194E+02  0.1341E+01    1.0000  0.3120E-26
  0.4560  -0.278E-01 -0.1556E+01  0.4513E-04  0.2177E+02  0.1338E+01    1.0000  0.9786E-26
  0.4560  -0.351E-01 -0.1455E+01  0.4920E-04  0.2159E+02  0.1334E+01    1.0000  0.2693E-25
  0.4560  -0.443E-01 -0.1354E+01  0.5365E-04  0.2140E+02  0.1330E+01    1.0000  0.7898E-25
  0.4559  -0.559E-01 -0.1253E+01  0.5849E-04  0.2119E+02  0.1326E+01    1.0000  0.2307E-24
  0.4559  -0.705E-01 -0.1152E+01  0.6377E-04  0.2096E+02  0.1321E+01    1.0000  0.6669E-24
  0.4559  -0.890E-01 -0.1051E+01  0.6953E-04  0.2071E+02  0.1316E+01    1.0000  0.1917E-23
  0.4559  -0.112E+00 -0.9495E+00  0.7580E-04  0.2044E+02  0.1310E+01    1.0000  0.5576E-23
  0.4559  -0.142E+00 -0.8485E+00  0.8265E-04  0.2015E+02  0.1304E+01    1.0000  0.1631E-22
  0.4559  -0.179E+00 -0.7475E+00  0.9011E-04  0.1983E+02  0.1297E+01    1.0000  0.4689E-22
  0.4559  -0.226E+00 -0.6465E+00  0.9824E-04  0.1949E+02  0.1290E+01    1.0000  0.1358E-21
  0.4559  -0.285E+00 -0.5455E+00  0.1071E-03  0.1912E+02  0.1282E+01    0.9999  0.3937E-21
  0.4559  -0.359E+00 -0.4444E+00  0.1168E-03  0.1873E+02  0.1272E+01    0.9999  0.1143E-20
  0.4559  -0.453E+00 -0.3434E+00  0.1273E-03  0.1830E+02  0.1262E+01    0.9999  0.3303E-20
  0.4559  -0.572E+00 -0.2424E+00  0.1387E-03  0.1784E+02  0.1251E+01    0.9998  0.9572E-20
  0.4559  -0.722E+00 -0.1414E+00  0.1512E-03  0.1734E+02  0.1239E+01    0.9998  0.2772E-19
  0.4558  -0.911E+00 -0.4040E-01  0.1648E-03  0.1681E+02  0.1226E+01    0.9997  0.8017E-19
  0.4558  -0.115E+01  0.6061E-01  0.1796E-03  0.1624E+02  0.1210E+01    0.9996  0.2320E-18
  0.4557  -0.145E+01  0.1616E+00  0.1957E-03  0.1562E+02  0.1194E+01    0.9994  0.6712E-18
  0.4557  -0.183E+01  0.2626E+00  0.2131E-03  0.1497E+02  0.1175E+01    0.9992  0.1941E-17
  0.4556  -0.231E+01  0.3636E+00  0.2320E-03  0.1427E+02  0.1155E+01    0.9989  0.5607E-17
  0.4554  -0.292E+01  0.4646E+00  0.2525E-03  0.1353E+02  0.1131E+01    0.9985  0.1619E-16
  0.4552  -0.368E+01  0.5657E+00  0.2745E-03  0.1275E+02  0.1106E+01    0.9979  0.4668E-16
  0.4549  -0.464E+01  0.6667E+00  0.2982E-03  0.1193E+02  0.1077E+01    0.9971  0.1344E-15
  0.4546  -0.586E+01  0.7677E+00  0.3235E-03  0.1106E+02  0.1044E+01    0.9960  0.3859E-15
  0.4540  -0.739E+01  0.8687E+00  0.3503E-03  0.1016E+02  0.1007E+01    0.9946  0.1105E-14
  0.4533  -0.933E+01  0.9697E+00  0.3784E-03  0.9227E+01  0.9650E+00    0.9926  0.3150E-14
  0.4524  -0.118E+02  0.1071E+01  0.4072E-03  0.8269E+01  0.9175E+00    0.9899  0.8929E-14
  0.4511  -0.148E+02  0.1172E+01  0.4363E-03  0.7298E+01  0.8632E+00    0.9862  0.2511E-13
  0.4493  -0.187E+02  0.1273E+01  0.4645E-03  0.6325E+01  0.8011E+00    0.9812  0.6989E-13
  0.4470  -0.236E+02  0.1374E+01  0.4906E-03  0.5369E+01  0.7299E+00    0.9745  0.1918E-12
  0.4439  -0.298E+02  0.1475E+01  0.5125E-03  0.4447E+01  0.6480E+00    0.9657  0.5170E-12
  0.4398  -0.376E+02  0.1576E+01  0.5281E-03  0.3581E+01  0.5540E+00    0.9542  0.1361E-11
  0.4345  -0.475E+02  0.1677E+01  0.5349E-03  0.2792E+01  0.4459E+00    0.9393  0.3474E-11
  0.4279  -0.599E+02  0.1778E+01  0.5304E-03  0.2100E+01  0.3223E+00    0.9204  0.8546E-11
  0.4197  -0.756E+02  0.1879E+01  0.5128E-03  0.1519E+01  0.1815E+00    0.8972  0.2009E-10
  0.4098  -0.955E+02  0.1980E+01  0.4820E-03  0.1053E+01  0.2250E-01    0.8692  0.4481E-10
  0.3983  -0.120E+03  0.2081E+01  0.4391E-03  0.6996E+00 -0.1552E+00    0.8366  0.9418E-10
  0.3853  -0.152E+03  0.2182E+01  0.3874E-03  0.4453E+00 -0.3513E+00    0.7996  0.1857E-09
  0.3710  -0.192E+03  0.2283E+01  0.3311E-03  0.2723E+00 -0.5650E+00    0.7592  0.3428E-09
  0.3559  -0.242E+03  0.2384E+01  0.2747E-03  0.1605E+00 -0.7945E+00    0.7162  0.5925E-09
  0.3403  -0.305E+03  0.2485E+01  0.2219E-03  0.9162E-01 -0.1038E+01    0.6719  0.9615E-09
  0.3245  -0.385E+03  0.2586E+01  0.1752E-03  0.5091E-01 -0.1293E+01    0.6272  0.1472E-08
  0.3089  -0.486E+03  0.2687E+01  0.1357E-03  0.2768E-01 -0.1558E+01    0.5831  0.2136E-08
  0.2939  -0.614E+03  0.2788E+01  0.1035E-03  0.1478E-01 -0.1830E+01    0.5403  0.2957E-08
  0.2795  -0.774E+03  0.2889E+01  0.7802E-04  0.7790E-02 -0.2108E+01    0.4994  0.3928E-08
  0.2658  -0.977E+03  0.2990E+01  0.5827E-04  0.4062E-02 -0.2391E+01    0.4607  0.5034E-08
  0.2530  -0.123E+04  0.3091E+01  0.4321E-04  0.2102E-02 -0.2677E+01    0.4244  0.6256E-08
  0.2410  -0.156E+04  0.3192E+01  0.3187E-04  0.1081E-02 -0.2966E+01    0.3905  0.7569E-08
  0.2299  -0.196E+04  0.3293E+01  0.2342E-04  0.5536E-03 -0.3257E+01    0.3590  0.8952E-08
  0.2196  -0.248E+04  0.3394E+01  0.1716E-04  0.2826E-03 -0.3549E+01    0.3298  0.1038E-07
  0.2101  -0.313E+04  0.3495E+01  0.1254E-04  0.1439E-03 -0.3842E+01    0.3029  0.1183E-07
  0.2014  -0.394E+04  0.3596E+01  0.9156E-05  0.7314E-04 -0.4136E+01    0.2780  0.1329E-07
  0.1933  -0.498E+04  0.3697E+01  0.6676E-05  0.3713E-04 -0.4430E+01    0.2552  0.1473E-07
  0.1859  -0.628E+04  0.3798E+01  0.4863E-05  0.1884E-04 -0.4725E+01    0.2341  0.1615E-07
  0.1791  -0.792E+04  0.3899E+01  0.3541E-05  0.9547E-05 -0.5020E+01    0.2148  0.1752E-07
  0.1728  -0.100E+05  0.4000E+01  0.2577E-05  0.4837E-05 -0.5315E+01    0.1971  0.1885E-07
end
 
  0.4701  -0.100E-05 -0.6000E+01  0.9785E-06  0.3034E+02  0.1482E+01    1.0000  0.0000E+00
  0.4701  -0.126E-05 -0.5899E+01  0.1068E-05  0.3034E+02  0.1482E+01    1.0000  0.0000E+00
  0.4701  -0.159E-05 -0.5798E+01  0.1165E-05  0.3033E+02  0.1482E+01    1.0000  0.0000E+00
  0.4701  -0.201E-05 -0.5697E+01  0.1272E-05  0.3033E+02  0.1482E+01    1.0000  0.0000E+00
  0.4701  -0.254E-05 -0.5596E+01  0.1388E-05  0.3032E+02  0.1482E+01    1.0000  0.0000E+00
  0.4701  -0.320E-05 -0.5495E+01  0.1515E-05  0.3031E+02  0.1482E+01    1.0000  0.0000E+00
  0.4701  -0.404E-05 -0.5394E+01  0.1653E-05  0.3031E+02  0.1482E+01    1.0000  0.0000E+00
  0.4701  -0.509E-05 -0.5293E+01  0.1804E-05  0.3030E+02  0.1481E+01    1.0000  0.0000E+00
  0.4701  -0.643E-05 -0.5192E+01  0.1968E-05  0.3029E+02  0.1481E+01    1.0000  0.0000E+00
  0.4701  -0.811E-05 -0.5091E+01  0.2148E-05  0.3028E+02  0.1481E+01    1.0000  0.0000E+00
  0.4701  -0.102E-04 -0.4990E+01  0.2344E-05  0.3027E+02  0.1481E+01    1.0000  0.0000E+00
  0.4701  -0.129E-04 -0.4889E+01  0.2558E-05  0.3026E+02  0.1481E+01    1.0000  0.0000E+00
  0.4701  -0.163E-04 -0.4788E+01  0.2792E-05  0.3024E+02  0.1481E+01    1.0000  0.0000E+00
  0.4701  -0.206E-04 -0.4687E+01  0.3047E-05  0.3023E+02  0.1480E+01    1.0000  0.0000E+00
  0.4701  -0.260E-04 -0.4586E+01  0.3325E-05  0.3021E+02  0.1480E+01    1.0000  0.0000E+00
  0.4701  -0.327E-04 -0.4485E+01  0.3629E-05  0.3020E+02  0.1480E+01    1.0000  0.0000E+00
  0.4701  -0.413E-04 -0.4384E+01  0.3960E-05  0.3018E+02  0.1480E+01    1.0000  0.0000E+00
  0.4701  -0.521E-04 -0.4283E+01  0.4321E-05  0.3016E+02  0.1479E+01    1.0000  0.0000E+00
  0.4701  -0.658E-04 -0.4182E+01  0.4716E-05  0.3014E+02  0.1479E+01    1.0000  0.0000E+00
  0.4701  -0.830E-04 -0.4081E+01  0.5146E-05  0.3011E+02  0.1479E+01    1.0000  0.0000E+00
  0.4701  -0.105E-03 -0.3980E+01  0.5616E-05  0.3009E+02  0.1478E+01    1.0000  0.0000E+00
  0.4701  -0.132E-03 -0.3879E+01  0.6129E-05  0.3006E+02  0.1478E+01    1.0000  0.0000E+00
  0.4701  -0.167E-03 -0.3778E+01  0.6689E-05  0.3003E+02  0.1477E+01    1.0000  0.0000E+00
  0.4701  -0.210E-03 -0.3677E+01  0.7299E-05  0.2999E+02  0.1477E+01    1.0000  0.0000E+00
  0.4701  -0.266E-03 -0.3576E+01  0.7966E-05  0.2995E+02  0.1476E+01    1.0000  0.0000E+00
  0.4701  -0.335E-03 -0.3475E+01  0.8693E-05  0.2991E+02  0.1476E+01    1.0000  0.0000E+00
  0.4701  -0.423E-03 -0.3374E+01  0.9487E-05  0.2987E+02  0.1475E+01    1.0000  0.0000E+00
  0.4701  -0.534E-03 -0.3273E+01  0.1035E-04  0.2982E+02  0.1475E+01    1.0000  0.0000E+00
  0.4701  -0.673E-03 -0.3172E+01  0.1130E-04  0.2977E+02  0.1474E+01    1.0000  0.0000E+00
  0.4701  -0.850E-03 -0.3071E+01  0.1233E-04  0.2971E+02  0.1473E+01    1.0000  0.0000E+00
  0.4701  -0.107E-02 -0.2970E+01  0.1346E-04  0.2965E+02  0.1472E+01    1.0000  0.0000E+00
  0.4701  -0.135E-02 -0.2869E+01  0.1468E-04  0.2958E+02  0.1471E+01    1.0000  0.0000E+00
  0.4701  -0.171E-02 -0.2768E+01  0.1602E-04  0.2951E+02  0.1470E+01    1.0000  0.0000E+00
  0.4701  -0.215E-02 -0.2667E+01  0.1749E-04  0.2943E+02  0.1469E+01    1.0000  0.0000E+00
  0.4701  -0.272E-02 -0.2566E+01  0.1908E-04  0.2934E+02  0.1467E+01    1.0000  0.0000E+00
  0.4701  -0.343E-02 -0.2465E+01  0.2083E-04  0.2924E+02  0.1466E+01    1.0000  0.9915E-30
  0.4701  -0.433E-02 -0.2364E+01  0.2273E-04  0.2914E+02  0.1464E+01    1.0000  0.9915E-30
  0.4701  -0.546E-02 -0.2263E+01  0.2480E-04  0.2902E+02  0.1463E+01    1.0000  0.3831E-29
  0.4701  -0.689E-02 -0.2162E+01  0.2707E-04  0.2890E+02  0.1461E+01    1.0000  0.2103E-28
  0.4701  -0.870E-02 -0.2061E+01  0.2954E-04  0.2876E+02  0.1459E+01    1.0000  0.3861E-28
  0.4701  -0.110E-01 -0.1960E+01  0.3224E-04  0.2862E+02  0.1457E+01    1.0000  0.1492E-27
  0.4701  -0.138E-01 -0.1859E+01  0.3518E-04  0.2846E+02  0.1454E+01    1.0000  0.3892E-27
  0.4701  -0.175E-01 -0.1758E+01  0.3839E-04  0.2828E+02  0.1452E+01    1.0000  0.1015E-26
  0.4701  -0.221E-01 -0.1657E+01  0.4190E-04  0.2809E+02  0.1449E+01    1.0000  0.3404E-26
  0.4701  -0.278E-01 -0.1556E+01  0.4572E-04  0.2789E+02  0.1445E+01    1.0000  0.9206E-26
  0.4701  -0.351E-01 -0.1455E+01  0.4990E-04  0.2766E+02  0.1442E+01    1.0000  0.2740E-25
  0.4701  -0.443E-01 -0.1354E+01  0.5445E-04  0.2742E+02  0.1438E+01    1.0000  0.7865E-25
  0.4701  -0.559E-01 -0.1253E+01  0.5942E-04  0.2715E+02  0.1434E+01    1.0000  0.2262E-24
  0.4701  -0.705E-01 -0.1152E+01  0.6485E-04  0.2687E+02  0.1429E+01    1.0000  0.6662E-24
  0.4701  -0.890E-01 -0.1051E+01  0.7077E-04  0.2656E+02  0.1424E+01    1.0000  0.1926E-23
  0.4701  -0.112E+00 -0.9495E+00  0.7722E-04  0.2622E+02  0.1419E+01    1.0000  0.5589E-23
  0.4701  -0.142E+00 -0.8485E+00  0.8427E-04  0.2585E+02  0.1412E+01    1.0000  0.1606E-22
  0.4701  -0.179E+00 -0.7475E+00  0.9196E-04  0.2545E+02  0.1406E+01    1.0000  0.4677E-22
  0.4701  -0.226E+00 -0.6465E+00  0.1004E-03  0.2502E+02  0.1398E+01    1.0000  0.1365E-21
  0.4701  -0.285E+00 -0.5455E+00  0.1095E-03  0.2456E+02  0.1390E+01    0.9999  0.3958E-21
  0.4701  -0.359E+00 -0.4444E+00  0.1195E-03  0.2406E+02  0.1381E+01    0.9999  0.1150E-20
  0.4701  -0.453E+00 -0.3434E+00  0.1304E-03  0.2351E+02  0.1371E+01    0.9999  0.3340E-20
  0.4700  -0.572E+00 -0.2424E+00  0.1423E-03  0.2293E+02  0.1360E+01    0.9998  0.9686E-20
  0.4700  -0.722E+00 -0.1414E+00  0.1552E-03  0.2230E+02  0.1348E+01    0.9998  0.2814E-19
  0.4700  -0.911E+00 -0.4040E-01  0.1693E-03  0.2162E+02  0.1335E+01    0.9997  0.8167E-19
  0.4700  -0.115E+01  0.6061E-01  0.1847E-03  0.2090E+02  0.1320E+01    0.9996  0.2372E-18
  0.4699  -0.145E+01  0.1616E+00  0.2014E-03  0.2012E+02  0.1304E+01    0.9994  0.6882E-18
  0.4698  -0.183E+01  0.2626E+00  0.2195E-03  0.1928E+02  0.1285E+01    0.9992  0.1996E-17
  0.4697  -0.231E+01  0.3636E+00  0.2392E-03  0.1840E+02  0.1265E+01    0.9989  0.5784E-17
  0.4696  -0.292E+01  0.4646E+00  0.2606E-03  0.1745E+02  0.1242E+01    0.9985  0.1675E-16
  0.4693  -0.368E+01  0.5657E+00  0.2836E-03  0.1645E+02  0.1216E+01    0.9979  0.4846E-16
  0.4691  -0.464E+01  0.6667E+00  0.3084E-03  0.1540E+02  0.1187E+01    0.9971  0.1399E-15
  0.4687  -0.586E+01  0.7677E+00  0.3349E-03  0.1429E+02  0.1155E+01    0.9961  0.4031E-15
  0.4681  -0.739E+01  0.8687E+00  0.3629E-03  0.1313E+02  0.1118E+01    0.9946  0.1158E-14
  0.4674  -0.933E+01  0.9697E+00  0.3924E-03  0.1193E+02  0.1077E+01    0.9926  0.3311E-14
  0.4664  -0.118E+02  0.1071E+01  0.4227E-03  0.1070E+02  0.1029E+01    0.9899  0.9415E-14
  0.4651  -0.148E+02  0.1172E+01  0.4533E-03  0.9446E+01  0.9752E+00    0.9862  0.2657E-13
  0.4632  -0.187E+02  0.1273E+01  0.4832E-03  0.8192E+01  0.9134E+00    0.9812  0.7417E-13
  0.4608  -0.236E+02  0.1374E+01  0.5107E-03  0.6956E+01  0.8424E+00    0.9745  0.2042E-12
  0.4575  -0.298E+02  0.1475E+01  0.5341E-03  0.5764E+01  0.7607E+00    0.9656  0.5522E-12
  0.4533  -0.376E+02  0.1576E+01  0.5509E-03  0.4643E+01  0.6668E+00    0.9540  0.1458E-11
  0.4478  -0.475E+02  0.1677E+01  0.5584E-03  0.3621E+01  0.5588E+00    0.9390  0.3733E-11
  0.4409  -0.599E+02  0.1778E+01  0.5541E-03  0.2724E+01  0.4351E+00    0.9201  0.9208E-11
  0.4323  -0.756E+02  0.1879E+01  0.5361E-03  0.1969E+01  0.2942E+00    0.8966  0.2170E-10
  0.4220  -0.955E+02  0.1980E+01  0.5040E-03  0.1365E+01  0.1350E+00    0.8684  0.4851E-10
  0.4100  -0.120E+03  0.2081E+01  0.4593E-03  0.9056E+00 -0.4308E-01    0.8354  0.1021E-09
  0.3963  -0.152E+03  0.2182E+01  0.4052E-03  0.5758E+00 -0.2398E+00    0.7982  0.2017E-09
  0.3814  -0.192E+03  0.2283E+01  0.3462E-03  0.3515E+00 -0.4541E+00    0.7574  0.3726E-09
  0.3656  -0.242E+03  0.2384E+01  0.2871E-03  0.2068E+00 -0.6844E+00    0.7140  0.6444E-09
  0.3493  -0.305E+03  0.2485E+01  0.2317E-03  0.1178E+00 -0.9287E+00    0.6693  0.1046E-08
  0.3328  -0.385E+03  0.2586E+01  0.1828E-03  0.6534E-01 -0.1185E+01    0.6243  0.1600E-08
  0.3166  -0.486E+03  0.2687E+01  0.1415E-03  0.3544E-01 -0.1450E+01    0.5799  0.2321E-08
  0.3009  -0.614E+03  0.2788E+01  0.1078E-03  0.1889E-01 -0.1724E+01    0.5370  0.3212E-08
  0.2859  -0.774E+03  0.2889E+01  0.8118E-04  0.9929E-02 -0.2003E+01    0.4959  0.4263E-08
  0.2717  -0.977E+03  0.2990E+01  0.6057E-04  0.5166E-02 -0.2287E+01    0.4570  0.5459E-08
  0.2584  -0.123E+04  0.3091E+01  0.4487E-04  0.2666E-02 -0.2574E+01    0.4206  0.6777E-08
  0.2459  -0.156E+04  0.3192E+01  0.3307E-04  0.1368E-02 -0.2864E+01    0.3866  0.8193E-08
  0.2344  -0.196E+04  0.3293E+01  0.2427E-04  0.6989E-03 -0.3156E+01    0.3551  0.9680E-08
  0.2238  -0.248E+04  0.3394E+01  0.1777E-04  0.3559E-03 -0.3449E+01    0.3259  0.1121E-07
  0.2139  -0.313E+04  0.3495E+01  0.1298E-04  0.1808E-03 -0.3743E+01    0.2990  0.1277E-07
  0.2049  -0.394E+04  0.3596E+01  0.9463E-05  0.9170E-04 -0.4038E+01    0.2743  0.1433E-07
  0.1966  -0.498E+04  0.3697E+01  0.6893E-05  0.4645E-04 -0.4333E+01    0.2515  0.1587E-07
  0.1889  -0.628E+04  0.3798E+01  0.5016E-05  0.2350E-04 -0.4629E+01    0.2306  0.1738E-07
  0.1819  -0.792E+04  0.3899E+01  0.3649E-05  0.1189E-04 -0.4925E+01    0.2113  0.1885E-07
  0.1754  -0.100E+05  0.4000E+01  0.2653E-05  0.6008E-05 -0.5221E+01    0.1937  0.2026E-07
end
 
  0.4943  -0.100E-05 -0.6000E+01  0.3130E-05  0.3271E+02  0.1515E+01    1.0000  0.0000E+00
  0.4943  -0.126E-05 -0.5899E+01  0.3375E-05  0.3270E+02  0.1515E+01    1.0000  0.0000E+00
  0.4943  -0.159E-05 -0.5798E+01  0.3639E-05  0.3268E+02  0.1514E+01    1.0000  0.0000E+00
  0.4943  -0.201E-05 -0.5697E+01  0.3924E-05  0.3267E+02  0.1514E+01    1.0000  0.0000E+00
  0.4943  -0.254E-05 -0.5596E+01  0.4232E-05  0.3265E+02  0.1514E+01    1.0000  0.0000E+00
  0.4943  -0.320E-05 -0.5495E+01  0.4563E-05  0.3264E+02  0.1514E+01    1.0000  0.0000E+00
  0.4943  -0.404E-05 -0.5394E+01  0.4920E-05  0.3262E+02  0.1513E+01    1.0000  0.0000E+00
  0.4943  -0.509E-05 -0.5293E+01  0.5305E-05  0.3260E+02  0.1513E+01    1.0000  0.0000E+00
  0.4943  -0.643E-05 -0.5192E+01  0.5720E-05  0.3257E+02  0.1513E+01    1.0000  0.0000E+00
  0.4943  -0.811E-05 -0.5091E+01  0.6168E-05  0.3255E+02  0.1513E+01    1.0000  0.0000E+00
  0.4943  -0.102E-04 -0.4990E+01  0.6651E-05  0.3252E+02  0.1512E+01    1.0000  0.0000E+00
  0.4943  -0.129E-04 -0.4889E+01  0.7172E-05  0.3250E+02  0.1512E+01    1.0000  0.0000E+00
  0.4943  -0.163E-04 -0.4788E+01  0.7733E-05  0.3247E+02  0.1511E+01    1.0000  0.0000E+00
  0.4943  -0.206E-04 -0.4687E+01  0.8338E-05  0.3243E+02  0.1511E+01    1.0000  0.0000E+00
  0.4943  -0.260E-04 -0.4586E+01  0.8991E-05  0.3240E+02  0.1511E+01    1.0000  0.0000E+00
  0.4943  -0.327E-04 -0.4485E+01  0.9695E-05  0.3236E+02  0.1510E+01    1.0000  0.0000E+00
  0.4943  -0.413E-04 -0.4384E+01  0.1045E-04  0.3232E+02  0.1509E+01    1.0000  0.0000E+00
  0.4943  -0.521E-04 -0.4283E+01  0.1127E-04  0.3228E+02  0.1509E+01    1.0000  0.0000E+00
  0.4943  -0.658E-04 -0.4182E+01  0.1215E-04  0.3223E+02  0.1508E+01    1.0000  0.0000E+00
  0.4943  -0.830E-04 -0.4081E+01  0.1311E-04  0.3218E+02  0.1508E+01    1.0000  0.0000E+00
  0.4943  -0.105E-03 -0.3980E+01  0.1413E-04  0.3213E+02  0.1507E+01    1.0000  0.0000E+00
  0.4943  -0.132E-03 -0.3879E+01  0.1524E-04  0.3207E+02  0.1506E+01    1.0000  0.0000E+00
  0.4943  -0.167E-03 -0.3778E+01  0.1643E-04  0.3200E+02  0.1505E+01    1.0000  0.0000E+00
  0.4943  -0.210E-03 -0.3677E+01  0.1772E-04  0.3194E+02  0.1504E+01    1.0000  0.0000E+00
  0.4943  -0.266E-03 -0.3576E+01  0.1910E-04  0.3186E+02  0.1503E+01    1.0000  0.0000E+00
  0.4943  -0.335E-03 -0.3475E+01  0.2060E-04  0.3178E+02  0.1502E+01    1.0000  0.0000E+00
  0.4943  -0.423E-03 -0.3374E+01  0.2221E-04  0.3170E+02  0.1501E+01    1.0000  0.0000E+00
  0.4943  -0.534E-03 -0.3273E+01  0.2395E-04  0.3161E+02  0.1500E+01    1.0000  0.0000E+00
  0.4943  -0.673E-03 -0.3172E+01  0.2583E-04  0.3151E+02  0.1498E+01    1.0000  0.0000E+00
  0.4943  -0.850E-03 -0.3071E+01  0.2785E-04  0.3140E+02  0.1497E+01    1.0000  0.0000E+00
  0.4943  -0.107E-02 -0.2970E+01  0.3003E-04  0.3129E+02  0.1495E+01    1.0000  0.0000E+00
  0.4943  -0.135E-02 -0.2869E+01  0.3238E-04  0.3116E+02  0.1494E+01    1.0000  0.0000E+00
  0.4943  -0.171E-02 -0.2768E+01  0.3491E-04  0.3103E+02  0.1492E+01    1.0000  0.8968E-30
  0.4943  -0.215E-02 -0.2667E+01  0.3765E-04  0.3089E+02  0.1490E+01    1.0000  0.8968E-30
  0.4943  -0.272E-02 -0.2566E+01  0.4059E-04  0.3074E+02  0.1488E+01    1.0000  0.3465E-29
  0.4943  -0.343E-02 -0.2465E+01  0.4377E-04  0.3057E+02  0.1485E+01    1.0000  0.9040E-29
  0.4943  -0.433E-02 -0.2364E+01  0.4720E-04  0.3039E+02  0.1483E+01    1.0000  0.1902E-28
  0.4943  -0.546E-02 -0.2263E+01  0.5089E-04  0.3020E+02  0.1480E+01    1.0000  0.5838E-28
  0.4943  -0.689E-02 -0.2162E+01  0.5488E-04  0.3000E+02  0.1477E+01    1.0000  0.1917E-27
  0.4943  -0.870E-02 -0.2061E+01  0.5917E-04  0.2978E+02  0.1474E+01    1.0000  0.4597E-27
  0.4943  -0.110E-01 -0.1960E+01  0.6381E-04  0.2954E+02  0.1470E+01    1.0000  0.1360E-26
  0.4943  -0.138E-01 -0.1859E+01  0.6880E-04  0.2929E+02  0.1467E+01    1.0000  0.3548E-26
  0.4943  -0.175E-01 -0.1758E+01  0.7419E-04  0.2902E+02  0.1463E+01    1.0000  0.1026E-25
  0.4943  -0.221E-01 -0.1657E+01  0.7999E-04  0.2872E+02  0.1458E+01    1.0000  0.2884E-25
  0.4943  -0.278E-01 -0.1556E+01  0.8625E-04  0.2841E+02  0.1453E+01    1.0000  0.7950E-25
  0.4943  -0.351E-01 -0.1455E+01  0.9300E-04  0.2807E+02  0.1448E+01    1.0000  0.2219E-24
  0.4943  -0.443E-01 -0.1354E+01  0.1003E-03  0.2771E+02  0.1443E+01    1.0000  0.6207E-24
  0.4943  -0.559E-01 -0.1253E+01  0.1081E-03  0.2733E+02  0.1437E+01    1.0000  0.1704E-23
  0.4943  -0.705E-01 -0.1152E+01  0.1166E-03  0.2692E+02  0.1430E+01    1.0000  0.4744E-23
  0.4943  -0.890E-01 -0.1051E+01  0.1257E-03  0.2647E+02  0.1423E+01    1.0000  0.1340E-22
  0.4943  -0.112E+00 -0.9495E+00  0.1356E-03  0.2600E+02  0.1415E+01    1.0000  0.3726E-22
  0.4943  -0.142E+00 -0.8485E+00  0.1462E-03  0.2550E+02  0.1406E+01    1.0000  0.1039E-21
  0.4943  -0.179E+00 -0.7475E+00  0.1576E-03  0.2496E+02  0.1397E+01    0.9999  0.2895E-21
  0.4943  -0.226E+00 -0.6465E+00  0.1699E-03  0.2439E+02  0.1387E+01    0.9999  0.8094E-21
  0.4943  -0.285E+00 -0.5455E+00  0.1832E-03  0.2377E+02  0.1376E+01    0.9999  0.2256E-20
  0.4942  -0.359E+00 -0.4444E+00  0.1975E-03  0.2312E+02  0.1364E+01    0.9999  0.6301E-20
  0.4942  -0.453E+00 -0.3434E+00  0.2129E-03  0.2243E+02  0.1351E+01    0.9998  0.1759E-19
  0.4942  -0.572E+00 -0.2424E+00  0.2295E-03  0.2170E+02  0.1336E+01    0.9997  0.4906E-19
  0.4942  -0.722E+00 -0.1414E+00  0.2473E-03  0.2092E+02  0.1321E+01    0.9996  0.1369E-18
  0.4941  -0.911E+00 -0.4040E-01  0.2665E-03  0.2010E+02  0.1303E+01    0.9995  0.3815E-18
  0.4940  -0.115E+01  0.6061E-01  0.2871E-03  0.1923E+02  0.1284E+01    0.9993  0.1064E-17
  0.4940  -0.145E+01  0.1616E+00  0.3092E-03  0.1832E+02  0.1263E+01    0.9991  0.2963E-17
  0.4938  -0.183E+01  0.2626E+00  0.3329E-03  0.1736E+02  0.1239E+01    0.9988  0.8245E-17
  0.4937  -0.231E+01  0.3636E+00  0.3581E-03  0.1635E+02  0.1214E+01    0.9983  0.2293E-16
  0.4934  -0.292E+01  0.4646E+00  0.3850E-03  0.1531E+02  0.1185E+01    0.9977  0.6369E-16
  0.4931  -0.368E+01  0.5657E+00  0.4134E-03  0.1422E+02  0.1153E+01    0.9969  0.1766E-15
  0.4927  -0.464E+01  0.6667E+00  0.4433E-03  0.1310E+02  0.1117E+01    0.9958  0.4883E-15
  0.4922  -0.586E+01  0.7677E+00  0.4744E-03  0.1194E+02  0.1077E+01    0.9944  0.1346E-14
  0.4914  -0.739E+01  0.8687E+00  0.5064E-03  0.1077E+02  0.1032E+01    0.9924  0.3693E-14
  0.4904  -0.933E+01  0.9697E+00  0.5385E-03  0.9580E+01  0.9814E+00    0.9897  0.1007E-13
  0.4890  -0.118E+02  0.1071E+01  0.5701E-03  0.8395E+01  0.9240E+00    0.9861  0.2726E-13
  0.4872  -0.148E+02  0.1172E+01  0.5997E-03  0.7227E+01  0.8590E+00    0.9813  0.7300E-13
  0.4849  -0.187E+02  0.1273E+01  0.6258E-03  0.6096E+01  0.7850E+00    0.9750  0.1928E-12
  0.4817  -0.236E+02  0.1374E+01  0.6461E-03  0.5022E+01  0.7009E+00    0.9667  0.5001E-12
  0.4777  -0.298E+02  0.1475E+01  0.6584E-03  0.4028E+01  0.6050E+00    0.9560  0.1268E-11
  0.4725  -0.376E+02  0.1576E+01  0.6598E-03  0.3133E+01  0.4960E+00    0.9424  0.3122E-11
  0.4661  -0.475E+02  0.1677E+01  0.6483E-03  0.2357E+01  0.3724E+00    0.9253  0.7423E-11
  0.4582  -0.599E+02  0.1778E+01  0.6222E-03  0.1709E+01  0.2328E+00    0.9044  0.1691E-10
  0.4487  -0.756E+02  0.1879E+01  0.5817E-03  0.1193E+01  0.7659E-01    0.8793  0.3670E-10
  0.4377  -0.955E+02  0.1980E+01  0.5286E-03  0.8003E+00 -0.9677E-01    0.8503  0.7541E-10
  0.4253  -0.120E+03  0.2081E+01  0.4664E-03  0.5165E+00 -0.2869E+00    0.8174  0.1461E-09
  0.4117  -0.152E+03  0.2182E+01  0.3998E-03  0.3213E+00 -0.4931E+00    0.7813  0.2664E-09
  0.3971  -0.192E+03  0.2283E+01  0.3335E-03  0.1933E+00 -0.7138E+00    0.7429  0.4572E-09
  0.3820  -0.242E+03  0.2384E+01  0.2714E-03  0.1129E+00 -0.9472E+00    0.7029  0.7400E-09
  0.3667  -0.305E+03  0.2485E+01  0.2162E-03  0.6434E-01 -0.1192E+01    0.6623  0.1134E-08
  0.3514  -0.385E+03  0.2586E+01  0.1692E-03  0.3591E-01 -0.1445E+01    0.6218  0.1654E-08
  0.3364  -0.486E+03  0.2687E+01  0.1305E-03  0.1971E-01 -0.1705E+01    0.5822  0.2305E-08
  0.3219  -0.614E+03  0.2788E+01  0.9952E-04  0.1068E-01 -0.1971E+01    0.5438  0.3089E-08
  0.3080  -0.774E+03  0.2889E+01  0.7520E-04  0.5729E-02 -0.2242E+01    0.5071  0.3998E-08
  0.2949  -0.977E+03  0.2990E+01  0.5643E-04  0.3049E-02 -0.2516E+01    0.4722  0.5021E-08
  0.2824  -0.123E+04  0.3091E+01  0.4212E-04  0.1613E-02 -0.2792E+01    0.4393  0.6143E-08
  0.2707  -0.156E+04  0.3192E+01  0.3131E-04  0.8500E-03 -0.3071E+01    0.4083  0.7347E-08
  0.2597  -0.196E+04  0.3293E+01  0.2321E-04  0.4463E-03 -0.3350E+01    0.3793  0.8616E-08
  0.2495  -0.248E+04  0.3394E+01  0.1717E-04  0.2338E-03 -0.3631E+01    0.3522  0.9931E-08
  0.2400  -0.313E+04  0.3495E+01  0.1267E-04  0.1222E-03 -0.3913E+01    0.3269  0.1128E-07
  0.2311  -0.394E+04  0.3596E+01  0.9347E-05  0.6382E-04 -0.4195E+01    0.3034  0.1264E-07
  0.2228  -0.498E+04  0.3697E+01  0.6887E-05  0.3329E-04 -0.4478E+01    0.2815  0.1400E-07
  0.2151  -0.628E+04  0.3798E+01  0.5071E-05  0.1735E-04 -0.4761E+01    0.2612  0.1535E-07
  0.2080  -0.792E+04  0.3899E+01  0.3732E-05  0.9039E-05 -0.5044E+01    0.2423  0.1668E-07
  0.2013  -0.100E+05  0.4000E+01  0.2746E-05  0.4707E-05 -0.5327E+01    0.2247  0.1797E-07
end
