 ******* Program HYDRUS
 ******* 
 Welcome to HYDRUS-1D                                                    
 Date:  17. 6.    Time:   0: 6:38
 Units: L = cm   , T = days , M = mmol 



                               Node(  2)                      Node(  6)                      Node( 16)                      Node( 31)                      Node( 51)                      Node( 81)

         time            h        theta    Flux           h        theta    Flux           h        theta    Flux           h        theta    Flux           h        theta    Flux           h        theta    Flux  
          1.0000     -289.84  0.3537 -0.229E+00       -305.98  0.3668 -0.185E+00       -327.97  0.3271 -0.112E+00       -334.52  0.3345 -0.840E-01       -331.48  0.3439 -0.870E-01       -338.14  0.3604 -0.570E-01
          2.0000     -339.05  0.3438 -0.225E-02       -333.95  0.3615 -0.368E-01       -333.87  0.3259 -0.822E-01       -338.82  0.3337 -0.859E-01       -336.17  0.3429 -0.803E-01       -341.92  0.3597 -0.586E-01
          3.0000     -359.89  0.3400  0.201E-02       -353.15  0.3578 -0.171E-01       -345.79  0.3236 -0.544E-01       -344.82  0.3325 -0.757E-01       -340.52  0.3420 -0.756E-01       -345.60  0.3590 -0.583E-01
          4.0000     -335.24  0.3446 -0.113E+00       -343.43  0.3596 -0.946E-01       -350.95  0.3225 -0.672E-01       -350.25  0.3314 -0.675E-01       -343.89  0.3413 -0.711E-01       -348.10  0.3585 -0.578E-01
          5.0000     -380.26  0.3363  0.231E-01       -370.49  0.3544 -0.672E-02       -362.27  0.3203 -0.472E-01       -359.35  0.3296 -0.611E-01       -351.80  0.3397 -0.649E-01       -355.23  0.3571 -0.548E-01
          6.0000     -408.71  0.3320  0.274E-01       -395.87  0.3500  0.115E-01       -379.09  0.3170 -0.259E-01       -371.05  0.3273 -0.503E-01       -361.66  0.3377 -0.582E-01       -364.25  0.3554 -0.508E-01
          7.0000     -435.31  0.3282  0.296E-01       -420.79  0.3463  0.165E-01       -399.00  0.3137 -0.107E-01       -384.26  0.3247 -0.374E-01       -372.23  0.3355 -0.511E-01       -373.77  0.3536 -0.466E-01
          8.0000     -460.65  0.3246  0.318E-01       -444.22  0.3428  0.199E-01       -419.25  0.3106 -0.437E-02       -400.65  0.3222 -0.269E-01       -383.92  0.3331 -0.419E-01       -383.73  0.3517 -0.422E-01
          9.0000     -489.51  0.3206  0.379E-01       -469.32  0.3391  0.247E-01       -440.16  0.3074  0.111E-02       -418.15  0.3195 -0.208E-01       -398.80  0.3307 -0.344E-01       -397.35  0.3497 -0.399E-01
         10.0000     -523.85  0.3168  0.420E-01       -499.14  0.3351  0.313E-01       -463.37  0.3038  0.615E-02       -437.93  0.3164 -0.152E-01       -416.54  0.3278 -0.308E-01       -413.66  0.3472 -0.357E-01
         11.0000     -563.82  0.3124  0.470E-01       -534.02  0.3312  0.355E-01       -489.41  0.2999  0.137E-01       -458.82  0.3132 -0.102E-01       -435.41  0.3248 -0.264E-01       -431.32  0.3446 -0.319E-01
         12.0000     -602.25  0.3081  0.426E-01       -569.74  0.3270  0.336E-01       -521.45  0.2962  0.169E-01       -483.14  0.3095 -0.383E-02       -456.89  0.3214 -0.220E-01       -451.69  0.3416 -0.277E-01
         13.0000     -635.33  0.3050  0.365E-01       -601.07  0.3234  0.308E-01       -549.80  0.2928  0.165E-01       -508.43  0.3063  0.193E-02       -476.31  0.3182 -0.170E-01       -469.52  0.3389 -0.241E-01
         14.0000     -676.65  0.3016  0.422E-01       -635.27  0.3202  0.350E-01       -575.13  0.2898  0.175E-01       -530.73  0.3037  0.272E-02       -495.36  0.3155 -0.106E-01       -484.77  0.3366 -0.210E-01
         15.0000     -730.56  0.2972  0.479E-01       -679.23  0.3164  0.374E-01       -606.79  0.2862  0.200E-01       -557.58  0.3006  0.412E-02       -520.92  0.3124 -0.986E-02       -509.14  0.3339 -0.190E-01
         16.0000     -782.95  0.2928  0.433E-01       -725.17  0.3124  0.349E-01       -645.98  0.2824  0.230E-01       -587.41  0.2970  0.538E-02       -548.96  0.3089 -0.828E-02       -536.37  0.3307 -0.164E-01
         17.0000     -806.81  0.2912  0.251E-01       -759.11  0.3093  0.273E-01       -681.10  0.2792  0.202E-01       -615.83  0.2937  0.879E-02       -573.79  0.3058 -0.697E-02       -560.40  0.3279 -0.143E-01
         18.0000     -838.48  0.2894  0.311E-01       -783.95  0.3074  0.286E-01       -700.38  0.2774  0.196E-01       -633.79  0.2920  0.984E-02       -587.22  0.3040 -0.563E-02       -572.02  0.3265 -0.132E-01
         19.0000     -886.55  0.2864  0.348E-01       -823.48  0.3050  0.295E-01       -730.18  0.2750  0.192E-01       -660.57  0.2897  0.100E-01       -608.80  0.3016 -0.327E-02       -591.77  0.3245 -0.118E-01
         20.0000     -946.66  0.2826  0.386E-01       -868.93  0.3020  0.305E-01       -761.95  0.2721  0.196E-01       -688.24  0.2872  0.955E-02       -634.21  0.2990  0.115E-03       -611.35  0.3222 -0.102E-01
         21.0000    -1024.62  0.2784  0.424E-01       -923.58  0.2984  0.315E-01       -803.64  0.2691  0.215E-01       -719.96  0.2844  0.928E-02       -665.04  0.2961 -0.579E-03       -641.44  0.3196 -0.880E-02
         22.0000    -1109.66  0.2744  0.415E-01       -987.37  0.2944  0.327E-01       -850.20  0.2659  0.202E-01       -754.38  0.2813  0.960E-02       -697.37  0.2931 -0.445E-03       -673.35  0.3168 -0.770E-02
         23.0000    -1192.25  0.2704  0.389E-01      -1055.65  0.2911  0.319E-01       -896.31  0.2628  0.192E-01       -792.72  0.2782  0.121E-01       -729.02  0.2901 -0.381E-03       -704.87  0.3140 -0.667E-02
         24.0000    -1301.11  0.2662  0.422E-01      -1126.12  0.2876  0.315E-01       -942.15  0.2598  0.188E-01       -832.93  0.2755  0.113E-01       -759.56  0.2872  0.459E-03       -734.55  0.3115 -0.578E-02
         25.0000    -1405.41  0.2624  0.379E-01      -1204.57  0.2838  0.301E-01       -998.76  0.2564  0.200E-01       -877.13  0.2725  0.106E-01       -799.30  0.2842  0.315E-02       -767.70  0.3086 -0.484E-02
         26.0000    -1544.33  0.2576  0.416E-01      -1289.78  0.2804  0.310E-01      -1054.03  0.2536  0.191E-01       -916.32  0.2699  0.985E-02       -837.69  0.2814  0.238E-02       -803.67  0.3061 -0.389E-02
         27.0000     -445.50  0.3267 -0.639E+00       -734.14  0.3116 -0.333E+00      -1064.45  0.2531  0.137E-01       -926.72  0.2692  0.101E-01       -848.06  0.2807  0.224E-02       -811.46  0.3056 -0.370E-02
         28.0000     -325.62  0.3463 -0.694E+00       -449.62  0.3420 -0.534E+00       -953.23  0.2590 -0.632E-01       -945.17  0.2679  0.971E-02       -865.59  0.2795  0.216E-02       -827.45  0.3046 -0.348E-02
         29.0000     -525.44  0.3166 -0.117E-01       -548.36  0.3295 -0.110E+00       -811.31  0.2685 -0.118E+00       -965.90  0.2665  0.592E-02       -889.59  0.2778  0.202E-02       -850.77  0.3031 -0.321E-02
         30.0000     -649.84  0.3038  0.283E-01       -645.55  0.3193 -0.369E-01       -801.76  0.2692 -0.853E-01       -989.47  0.2652 -0.106E-02       -924.72  0.2754  0.172E-02       -886.36  0.3008 -0.285E-02
         31.0000     -753.75  0.2951  0.287E-01       -734.37  0.3116 -0.102E-01       -836.39  0.2669 -0.560E-01      -1022.25  0.2635 -0.787E-02       -968.65  0.2723  0.173E-02       -931.33  0.2979 -0.240E-02
         32.0000     -867.11  0.2876  0.360E-01       -825.88  0.3048  0.303E-02       -888.50  0.2634 -0.370E-01      -1060.72  0.2616 -0.106E-01      -1026.35  0.2691  0.254E-02       -978.71  0.2948 -0.168E-02
         33.0000     -969.54  0.2810  0.354E-01       -910.41  0.2992  0.928E-02       -939.89  0.2599 -0.249E-01      -1098.05  0.2597 -0.112E-01      -1079.81  0.2663  0.135E-02      -1036.66  0.2920 -0.139E-02
         34.0000    -1085.39  0.2755  0.374E-01       -996.85  0.2939  0.154E-01       -998.76  0.2564 -0.186E-01      -1138.39  0.2577 -0.106E-01      -1132.05  0.2636  0.713E-03      -1090.72  0.2893 -0.117E-02
         35.0000    -1218.83  0.2693  0.397E-01      -1098.98  0.2890  0.175E-01      -1068.61  0.2529 -0.113E-01      -1182.25  0.2555 -0.928E-02      -1183.91  0.2609  0.108E-03      -1146.39  0.2866 -0.978E-03
         36.0000    -1403.29  0.2625  0.461E-01      -1208.08  0.2836  0.210E-01      -1140.51  0.2493 -0.653E-02      -1235.44  0.2529 -0.823E-02      -1242.69  0.2580  0.358E-03      -1206.01  0.2837 -0.796E-03
         37.0000    -1626.54  0.2553  0.460E-01      -1348.72  0.2782  0.240E-01      -1222.60  0.2453 -0.311E-02      -1317.42  0.2499 -0.736E-02      -1329.92  0.2546 -0.118E-03      -1289.71  0.2804 -0.353E-03
         38.0000    -1809.73  0.2504  0.363E-01      -1487.82  0.2732  0.215E-01      -1331.14  0.2413 -0.860E-03      -1401.11  0.2468 -0.573E-02      -1414.84  0.2514 -0.379E-03      -1380.85  0.2771 -0.307E-03
         39.0000    -1939.69  0.2471  0.289E-01      -1607.40  0.2693  0.205E-01      -1413.12  0.2382  0.573E-03      -1464.42  0.2444 -0.464E-02      -1479.28  0.2489 -0.545E-03      -1448.27  0.2746 -0.228E-03
         40.0000    -1027.07  0.2784 -0.172E+00      -1475.65  0.2736 -0.316E-01      -1451.35  0.2368  0.146E-02      -1484.35  0.2437 -0.400E-02      -1500.68  0.2481 -0.699E-03      -1471.16  0.2738 -0.204E-03
         41.0000    -1408.15  0.2623  0.169E-01      -1436.31  0.2751 -0.161E-01      -1511.02  0.2346  0.578E-03      -1533.78  0.2418 -0.321E-02      -1549.41  0.2462 -0.738E-03      -1522.90  0.2719 -0.169E-03
         42.0000     -275.50  0.3569 -0.127E+01       -464.71  0.3397 -0.901E+00      -1552.17  0.2331 -0.738E-02      -1597.07  0.2399 -0.307E-02      -1615.95  0.2442 -0.629E-03      -1584.07  0.2699  0.880E-04
         43.0000     -578.24  0.3108  0.417E-03       -615.39  0.3219 -0.133E+00      -1305.16  0.2422 -0.914E-01      -1698.62  0.2371 -0.243E-02      -1714.42  0.2415 -0.670E-03      -1687.55  0.2672  0.809E-04
         44.0000     -767.26  0.2939  0.341E-01       -766.90  0.3087 -0.452E-01      -1210.30  0.2460 -0.853E-01      -1814.45  0.2340 -0.243E-02      -1829.89  0.2382 -0.633E-03      -1808.76  0.2639  0.693E-04
         45.0000     -929.95  0.2835  0.328E-01       -904.58  0.2995 -0.164E-01      -1235.69  0.2447 -0.630E-01      -1918.89  0.2311 -0.307E-02      -1941.39  0.2350 -0.554E-03      -1925.66  0.2607  0.583E-04
         46.0000    -1022.84  0.2782  0.128E-01      -1010.83  0.2932 -0.126E-01      -1301.63  0.2424 -0.482E-01      -2024.99  0.2287 -0.479E-02      -2077.52  0.2321 -0.481E-03      -2061.22  0.2578  0.228E-03
         47.0000    -1183.84  0.2708  0.373E-01      -1107.88  0.2885  0.699E-04      -1328.74  0.2412 -0.381E-01      -2044.33  0.2283 -0.608E-02      -2125.12  0.2310 -0.514E-03      -2110.46  0.2568  0.209E-03
         48.0000    -1380.16  0.2634  0.379E-01      -1243.82  0.2821  0.717E-02      -1424.02  0.2378 -0.278E-01      -2172.37  0.2258 -0.654E-02      -2280.09  0.2279 -0.456E-03      -2271.10  0.2536  0.169E-03
         49.0000    -1619.34  0.2555  0.411E-01      -1401.12  0.2763  0.110E-01      -1520.87  0.2342 -0.214E-01      -2281.93  0.2235 -0.660E-02      -2417.89  0.2250 -0.407E-03      -2413.75  0.2508  0.148E-03
         50.0000    -2006.85  0.2457  0.503E-01      -1580.44  0.2701  0.162E-01      -1646.69  0.2305 -0.172E-01      -2415.07  0.2209 -0.609E-02      -2606.72  0.2218 -0.377E-03      -2607.31  0.2476  0.242E-03
         51.0000    -2250.11  0.2410  0.304E-01      -1805.59  0.2640  0.142E-01      -1815.62  0.2260 -0.115E-01      -2637.98  0.2173 -0.630E-02      -2871.98  0.2178 -0.320E-03      -2879.76  0.2436  0.185E-03
         52.0000    -1913.35  0.2479 -0.191E-01      -1924.94  0.2607  0.698E-02      -1922.43  0.2231 -0.918E-02      -2760.61  0.2155 -0.574E-02      -3020.24  0.2155 -0.297E-03      -3031.82  0.2413  0.163E-03
         53.0000    -2357.41  0.2389  0.244E-01      -2066.93  0.2577  0.628E-02      -2077.68  0.2198 -0.783E-02      -2922.98  0.2131 -0.499E-02      -3233.55  0.2128 -0.295E-03      -3254.44  0.2386  0.216E-03
         54.0000    -2926.92  0.2302  0.321E-01      -2271.07  0.2536  0.816E-02      -2243.42  0.2165 -0.570E-02      -3106.09  0.2104 -0.463E-02      -3493.28  0.2099 -0.270E-03      -3518.44  0.2357  0.185E-03
         55.0000    -3638.51  0.2221  0.333E-01      -2511.20  0.2490  0.105E-01      -2409.40  0.2133 -0.437E-02      -3343.07  0.2078 -0.445E-02      -3755.34  0.2070 -0.233E-03      -3784.80  0.2328  0.151E-03
         56.0000    -3424.39  0.2243  0.805E-02      -2675.12  0.2466  0.104E-01      -2495.07  0.2117 -0.450E-02      -3423.39  0.2069 -0.417E-02      -3856.26  0.2059 -0.225E-03      -3887.15  0.2317  0.138E-03
         57.0000    -3667.67  0.2217  0.164E-01      -2819.46  0.2444  0.894E-02      -2607.23  0.2101 -0.368E-02      -3524.97  0.2059 -0.384E-02      -3986.43  0.2045 -0.262E-03      -4030.39  0.2304  0.186E-03
         58.0000    -4250.92  0.2165  0.220E-01      -2996.62  0.2419  0.847E-02      -2748.91  0.2081 -0.284E-02      -3668.36  0.2044 -0.342E-02      -4199.09  0.2029 -0.252E-03      -4244.21  0.2287  0.175E-03
         59.0000    -5165.51  0.2098  0.246E-01      -3251.42  0.2386  0.899E-02      -2922.05  0.2056 -0.210E-02      -3862.66  0.2023 -0.298E-02      -4474.05  0.2006 -0.227E-03      -4520.51  0.2265  0.151E-03
         60.0000    -6463.36  0.2027  0.250E-01      -3550.42  0.2353  0.849E-02      -3110.02  0.2029 -0.178E-02      -4126.66  0.2000 -0.309E-02      -4771.52  0.1982 -0.192E-03      -4819.65  0.2241  0.124E-03
         61.0000    -8883.06  0.1937  0.287E-01      -3886.16  0.2316  0.838E-02      -3363.92  0.2001 -0.158E-02      -4429.61  0.1976 -0.257E-02      -5118.14  0.1957 -0.203E-03      -5184.27  0.2216  0.148E-03
         62.0000   -13602.14  0.1827  0.299E-01      -4370.64  0.2276  0.816E-02      -3684.14  0.1968 -0.110E-02      -4824.52  0.1945 -0.201E-02      -5656.47  0.1926 -0.166E-03      -5719.87  0.2184  0.118E-03
         63.0000   -16011.46  0.1788  0.190E-01      -4913.53  0.2232  0.704E-02      -4059.15  0.1932 -0.970E-03      -5353.56  0.1912 -0.197E-02      -6236.52  0.1892 -0.120E-03      -6303.67  0.2150  0.116E-03
         64.0000   -17762.26  0.1766  0.144E-01      -5481.59  0.2198  0.646E-02      -4456.76  0.1902 -0.714E-03      -5848.05  0.1884 -0.153E-02      -6895.43  0.1863 -0.127E-03      -6967.20  0.2121  0.948E-04
         65.0000   -19198.88  0.1748  0.111E-01      -6060.72  0.2164  0.555E-02      -4837.11  0.1873 -0.521E-03      -6363.10  0.1856 -0.140E-02      -7547.15  0.1835 -0.959E-04      -7606.51  0.2093  0.740E-04
         66.0000   -20627.81  0.1734  0.903E-02      -6769.62  0.2130  0.486E-02      -5359.28  0.1841 -0.515E-03      -7081.70  0.1827 -0.117E-02      -8379.66  0.1805 -0.101E-03      -8443.36  0.2064  0.825E-04
         67.0000   -21884.91  0.1722  0.740E-02      -7494.84  0.2098  0.398E-02      -5882.80  0.1812 -0.347E-03      -7744.39  0.1798 -0.884E-03      -9243.92  0.1778 -0.634E-04      -9269.07  0.2037  0.502E-04
         68.0000   -23034.93  0.1711  0.636E-02      -8259.45  0.2069  0.332E-02      -6433.54  0.1784 -0.348E-03      -8585.42  0.1771 -0.912E-03      -9944.45  0.1756 -0.460E-04      -9952.61  0.2014  0.369E-04
         69.0000   -24040.35  0.1703  0.560E-02      -8965.87  0.2046  0.263E-02      -7037.28  0.1760 -0.255E-03      -9258.91  0.1750 -0.595E-03     -10616.05  0.1739 -0.428E-04     -10597.37  0.1997  0.351E-04
         70.0000   -24968.05  0.1696  0.502E-02      -9749.95  0.2021  0.199E-02      -7726.42  0.1732 -0.190E-03     -10021.13  0.1728 -0.455E-03     -11349.89  0.1722 -0.321E-04     -11304.52  0.1980  0.259E-04
         71.0000   -25748.64  0.1690  0.460E-02     -10074.56  0.2010  0.176E-02      -8105.08  0.1718 -0.209E-03     -10347.13  0.1719 -0.406E-03     -11625.44  0.1715 -0.291E-04     -11570.47  0.1973  0.233E-04
         72.0000   -26460.86  0.1684  0.429E-02     -10889.42  0.1991  0.143E-02      -9044.97  0.1692 -0.143E-03     -11149.98  0.1702 -0.314E-03     -12296.21  0.1702 -0.229E-04     -12218.10  0.1961  0.178E-04
         73.0000   -27139.98  0.1680  0.396E-02     -11490.00  0.1975  0.112E-02      -9722.87  0.1670 -0.947E-04     -11734.63  0.1688 -0.237E-03     -12744.56  0.1693 -0.181E-04     -12655.65  0.1951  0.137E-04
         74.0000   -11026.71  0.1878 -0.416E-01     -12089.32  0.1962  0.901E-03     -10469.85  0.1652 -0.782E-04     -12308.38  0.1677 -0.183E-03     -13176.42  0.1685 -0.146E-04     -13081.13  0.1943  0.105E-04
         75.0000    -2927.32  0.2302 -0.144E+00     -12601.46  0.1952  0.555E-03     -11209.91  0.1635 -0.590E-04     -12813.26  0.1667 -0.139E-03     -13538.77  0.1678 -0.117E-04     -13442.54  0.1936  0.789E-05
         76.0000    -4965.94  0.2109  0.346E-02     -12811.73  0.1948 -0.552E-03     -11912.81  0.1621 -0.441E-04     -13264.41  0.1659 -0.105E-03     -13853.06  0.1673 -0.936E-05     -13759.69  0.1930  0.575E-05
         77.0000    -7865.39  0.1968  0.121E-01     -12788.72  0.1948 -0.119E-02     -12526.68  0.1609 -0.332E-04     -13637.28  0.1653 -0.788E-04     -14106.50  0.1669 -0.757E-05     -14018.99  0.1925  0.410E-05
         78.0000   -13253.96  0.1832  0.177E-01     -12889.93  0.1946 -0.113E-02     -13090.20  0.1599 -0.246E-04     -13964.64  0.1647 -0.578E-04     -14324.66  0.1665 -0.609E-05     -14245.43  0.1922  0.272E-05
         79.0000   -17575.47  0.1767  0.111E-01     -13194.82  0.1940 -0.818E-03     -13612.80  0.1590 -0.176E-04     -14257.79  0.1643 -0.406E-04     -14516.99  0.1662 -0.484E-05     -14447.76  0.1918  0.154E-05
         80.0000   -20545.13  0.1735  0.748E-02     -13579.78  0.1933 -0.522E-03     -14043.67  0.1583 -0.123E-04     -14490.95  0.1639 -0.276E-04     -14668.06  0.1660 -0.388E-05     -14610.59  0.1915  0.618E-06
         81.0000   -22576.70  0.1714  0.583E-02     -13861.07  0.1928 -0.335E-03     -14294.40  0.1579 -0.934E-05     -14623.32  0.1637 -0.203E-04     -14753.53  0.1658 -0.334E-05     -14705.48  0.1914  0.866E-07
         82.0000   -24347.20  0.1700  0.480E-02     -14146.06  0.1923 -0.191E-03     -14516.12  0.1576 -0.696E-05     -14740.38  0.1635 -0.143E-04     -14829.07  0.1657 -0.288E-05     -14790.17  0.1912 -0.375E-06
         83.0000   -25685.34  0.1690  0.421E-02     -14355.02  0.1919 -0.984E-04     -14648.88  0.1574 -0.549E-05     -14809.86  0.1634 -0.107E-04     -14874.06  0.1656 -0.260E-05     -14842.45  0.1911 -0.658E-06
         84.0000   -26841.71  0.1682  0.377E-02     -14544.81  0.1916 -0.306E-04     -14759.91  0.1572 -0.430E-05     -14868.42  0.1633 -0.783E-05     -14912.07  0.1656 -0.237E-05     -14887.08  0.1911 -0.901E-06
         85.0000   -27809.09  0.1675  0.344E-02     -14724.35  0.1913  0.146E-04     -14854.91  0.1571 -0.319E-05     -14918.91  0.1633 -0.534E-05     -14945.07  0.1655 -0.217E-05     -14927.19  0.1910 -0.112E-05
         86.0000   -28660.37  0.1669  0.318E-02     -14834.12  0.1911  0.478E-04     -14904.68  0.1570 -0.262E-05     -14945.83  0.1632 -0.403E-05     -14962.89  0.1655 -0.206E-05     -14949.47  0.1910 -0.124E-05
         87.0000   -29409.94  0.1665  0.297E-02     -14878.76  0.1910  0.876E-04     -14908.79  0.1570 -0.265E-05     -14947.92  0.1632 -0.390E-05     -14964.30  0.1655 -0.205E-05     -14951.17  0.1910 -0.124E-05
         88.0000   -30083.41  0.1661  0.279E-02     -14962.37  0.1909  0.114E-03     -14941.40  0.1570 -0.224E-05     -14965.88  0.1632 -0.305E-05     -14976.30  0.1655 -0.197E-05     -14966.64  0.1910 -0.133E-05
         89.0000   -30692.45  0.1657  0.264E-02     -15021.07  0.1908  0.148E-03     -14955.71  0.1570 -0.205E-05     -14973.98  0.1632 -0.266E-05     -14981.83  0.1655 -0.194E-05     -14974.07  0.1909 -0.137E-05
         90.0000   -31248.72  0.1654  0.252E-02     -15086.67  0.1907  0.180E-03     -14972.59  0.1569 -0.181E-05     -14983.50  0.1632 -0.222E-05     -14988.30  0.1655 -0.190E-05     -14982.73  0.1909 -0.141E-05
         91.0000   -31760.07  0.1651  0.241E-02     -15153.64  0.1906  0.216E-03     -14978.59  0.1569 -0.172E-05     -14987.03  0.1632 -0.205E-05     -14990.75  0.1655 -0.188E-05     -14986.21  0.1909 -0.143E-05
         92.0000   -32233.10  0.1648  0.231E-02     -15224.77  0.1905  0.250E-03     -14985.29  0.1569 -0.162E-05     -14990.92  0.1631 -0.188E-05     -14993.44  0.1655 -0.187E-05     -14989.95  0.1909 -0.146E-05
         93.0000   -32672.99  0.1646  0.222E-02     -15297.95  0.1904  0.280E-03     -14988.67  0.1569 -0.156E-05     -14992.95  0.1631 -0.178E-05     -14994.88  0.1655 -0.186E-05     -14992.07  0.1909 -0.147E-05
         94.0000   -33084.03  0.1644  0.214E-02     -15373.12  0.1903  0.308E-03     -14991.90  0.1569 -0.151E-05     -14994.88  0.1631 -0.170E-05     -14996.25  0.1655 -0.185E-05     -14994.05  0.1909 -0.148E-05
         95.0000   -33469.66  0.1642  0.208E-02     -15449.48  0.1901  0.334E-03     -14993.40  0.1569 -0.148E-05     -14995.80  0.1631 -0.166E-05     -14996.91  0.1655 -0.185E-05     -14995.05  0.1909 -0.148E-05
         96.0000   -33832.86  0.1640  0.201E-02     -15526.67  0.1900  0.357E-03     -14995.24  0.1569 -0.144E-05     -14996.94  0.1631 -0.161E-05     -14997.72  0.1655 -0.184E-05     -14996.27  0.1909 -0.149E-05
         97.0000   -34176.03  0.1638  0.195E-02     -15604.30  0.1899  0.378E-03     -14996.15  0.1569 -0.142E-05     -14997.52  0.1631 -0.158E-05     -14998.14  0.1655 -0.184E-05     -14996.93  0.1909 -0.149E-05
         98.0000   -34501.30  0.1636  0.190E-02     -15682.11  0.1898  0.397E-03     -14997.33  0.1569 -0.139E-05     -14998.25  0.1631 -0.155E-05     -14998.67  0.1655 -0.184E-05     -14997.76  0.1909 -0.149E-05
         99.0000   -34810.41  0.1635  0.185E-02     -15759.83  0.1897  0.415E-03     -14998.03  0.1569 -0.137E-05     -14998.70  0.1631 -0.153E-05     -14999.01  0.1655 -0.183E-05     -14998.29  0.1909 -0.150E-05
        100.0000   -35104.90  0.1633  0.181E-02     -15837.31  0.1896  0.430E-03     -14998.64  0.1569 -0.135E-05     -14999.09  0.1631 -0.151E-05     -14999.30  0.1655 -0.184E-05     -14998.77  0.1909 -0.150E-05
        101.0000   -35386.10  0.1632  0.177E-02     -15914.40  0.1894  0.445E-03     -14999.01  0.1569 -0.133E-05     -14999.32  0.1631 -0.150E-05     -14999.47  0.1655 -0.183E-05     -14999.05  0.1909 -0.150E-05
        102.0000   -35655.21  0.1631  0.173E-02     -15990.98  0.1893  0.458E-03     -14999.27  0.1569 -0.132E-05     -14999.49  0.1631 -0.150E-05     -14999.60  0.1655 -0.183E-05     -14999.27  0.1909 -0.150E-05
        103.0000   -35913.20  0.1629  0.169E-02     -16066.96  0.1892  0.470E-03     -14999.46  0.1569 -0.130E-05     -14999.62  0.1631 -0.149E-05     -14999.69  0.1655 -0.183E-05     -14999.44  0.1909 -0.150E-05
        104.0000   -36161.00  0.1628  0.166E-02     -16142.28  0.1891  0.480E-03     -14999.63  0.1569 -0.129E-05     -14999.73  0.1631 -0.149E-05     -14999.79  0.1655 -0.183E-05     -14999.59  0.1909 -0.151E-05
        105.0000   -36399.38  0.1627  0.163E-02     -16216.88  0.1890  0.490E-03     -14999.75  0.1569 -0.127E-05     -14999.80  0.1631 -0.149E-05     -14999.83  0.1655 -0.182E-05     -14999.67  0.1909 -0.151E-05
        106.0000   -36629.04  0.1626  0.160E-02     -16290.72  0.1889  0.499E-03     -14999.84  0.1569 -0.124E-05     -14999.85  0.1631 -0.148E-05     -14999.88  0.1655 -0.183E-05     -14999.75  0.1909 -0.150E-05
        107.0000   -36850.60  0.1625  0.157E-02     -16363.78  0.1888  0.507E-03     -14999.93  0.1569 -0.119E-05     -14999.89  0.1631 -0.148E-05     -14999.90  0.1655 -0.183E-05     -14999.81  0.1909 -0.151E-05
        108.0000   -37064.66  0.1624  0.154E-02     -16436.02  0.1887  0.514E-03     -15000.03  0.1569 -0.113E-05     -14999.91  0.1631 -0.148E-05     -14999.92  0.1655 -0.183E-05     -14999.85  0.1909 -0.151E-05
        109.0000   -37271.73  0.1623  0.151E-02     -16507.46  0.1886  0.521E-03     -15000.14  0.1569 -0.104E-05     -14999.94  0.1631 -0.148E-05     -14999.95  0.1655 -0.183E-05     -14999.89  0.1909 -0.151E-05
        110.0000   -37472.23  0.1622  0.149E-02     -16578.07  0.1885  0.527E-03     -15000.30  0.1569 -0.927E-06     -14999.95  0.1631 -0.148E-05     -14999.96  0.1655 -0.183E-05     -14999.92  0.1909 -0.151E-05
        111.0000   -37666.62  0.1621  0.147E-02     -16647.86  0.1884  0.533E-03     -15000.48  0.1569 -0.789E-06     -14999.97  0.1631 -0.148E-05     -14999.97  0.1655 -0.183E-05     -14999.94  0.1909 -0.151E-05
        112.0000   -37855.20  0.1620  0.144E-02     -16716.82  0.1883  0.538E-03     -15000.72  0.1569 -0.633E-06     -14999.97  0.1631 -0.148E-05     -14999.97  0.1655 -0.182E-05     -14999.95  0.1909 -0.151E-05
        113.0000   -38038.42  0.1620  0.142E-02     -16784.96  0.1882  0.542E-03     -15000.99  0.1569 -0.453E-06     -14999.98  0.1631 -0.148E-05     -14999.98  0.1655 -0.183E-05     -14999.96  0.1909 -0.151E-05
        114.0000   -38216.49  0.1619  0.140E-02     -16852.29  0.1881  0.547E-03     -15001.32  0.1569 -0.243E-06     -14999.99  0.1631 -0.148E-05     -14999.99  0.1655 -0.182E-05     -14999.96  0.1909 -0.151E-05
        115.0000   -38389.77  0.1618  0.138E-02     -16918.81  0.1880  0.550E-03     -15001.71  0.1569 -0.145E-07     -14999.99  0.1631 -0.147E-05     -14999.99  0.1655 -0.183E-05     -14999.98  0.1909 -0.151E-05
        116.0000   -38377.88  0.1618  0.123E-02     -16985.11  0.1879  0.554E-03     -15002.12  0.1569  0.228E-06     -14999.99  0.1631 -0.148E-05     -14999.99  0.1655 -0.183E-05     -14999.98  0.1909 -0.151E-05
        117.0000   -12487.06  0.1847 -0.460E-01     -17050.53  0.1878  0.557E-03     -15002.59  0.1569  0.490E-06     -14999.99  0.1631 -0.148E-05     -14999.99  0.1655 -0.183E-05     -14999.98  0.1909 -0.151E-05
        118.0000     -750.60  0.2954 -0.718E+00     -12189.08  0.1960 -0.612E-01     -15003.17  0.1569  0.780E-06     -14999.99  0.1631 -0.148E-05     -14999.99  0.1655 -0.183E-05     -14999.98  0.1909 -0.151E-05
        119.0000    -1585.10  0.2564 -0.293E-01      -3765.80  0.2329 -0.828E-01     -15003.79  0.1569  0.111E-05     -14999.99  0.1631 -0.148E-05     -14999.99  0.1655 -0.183E-05     -14999.98  0.1909 -0.151E-05
        120.0000    -2138.71  0.2431 -0.293E-02      -3547.74  0.2353 -0.493E-01     -15004.49  0.1569  0.146E-05     -14999.99  0.1631 -0.148E-05     -14999.99  0.1655 -0.183E-05     -14999.98  0.1909 -0.151E-05
        121.0000    -2063.64  0.2446 -0.389E-01      -3574.04  0.2350 -0.364E-01     -15005.25  0.1569  0.184E-05     -14999.99  0.1631 -0.148E-05     -14999.99  0.1655 -0.183E-05     -14999.98  0.1909 -0.151E-05
        122.0000     -745.94  0.2958 -0.442E+00      -2252.80  0.2539 -0.161E+00     -15006.08  0.1569  0.218E-05     -14999.99  0.1631 -0.148E-05     -14999.99  0.1655 -0.183E-05     -14999.98  0.1909 -0.151E-05
        123.0000    -1373.10  0.2636 -0.448E-02      -1941.77  0.2603 -0.901E-01     -15006.91  0.1569  0.235E-05     -14999.99  0.1631 -0.148E-05     -14999.99  0.1655 -0.183E-05     -14999.98  0.1909 -0.151E-05
        124.0000    -1782.22  0.2512  0.660E-02      -2194.72  0.2551 -0.492E-01     -15007.38  0.1569  0.155E-05     -14999.99  0.1631 -0.148E-05     -14999.99  0.1655 -0.183E-05     -14999.98  0.1909 -0.151E-05
        125.0000    -2120.82  0.2435  0.739E-02      -2448.83  0.2500 -0.311E-01     -15005.76  0.1569 -0.339E-05     -14999.99  0.1631 -0.148E-05     -14999.99  0.1655 -0.183E-05     -14999.98  0.1909 -0.151E-05
        126.0000    -1561.66  0.2570 -0.853E-01      -2523.76  0.2488 -0.352E-01     -15000.67  0.1569 -0.145E-04     -14999.99  0.1631 -0.148E-05     -14999.99  0.1655 -0.183E-05     -14999.98  0.1909 -0.151E-05
        127.0000    -2000.63  0.2458 -0.880E-03      -2535.80  0.2486 -0.317E-01     -14985.43  0.1569 -0.418E-04     -14999.99  0.1631 -0.148E-05     -14999.99  0.1655 -0.183E-05     -14999.98  0.1909 -0.150E-05
        128.0000    -2329.06  0.2394  0.374E-02      -2707.95  0.2461 -0.225E-01     -14949.21  0.1570 -0.954E-04     -14999.99  0.1631 -0.148E-05     -14999.99  0.1655 -0.183E-05     -14999.98  0.1909 -0.151E-05
        129.0000    -2850.55  0.2313  0.150E-01      -2952.67  0.2425 -0.148E-01     -14893.06  0.1571 -0.166E-03     -14999.99  0.1631 -0.148E-05     -14999.99  0.1655 -0.183E-05     -14999.97  0.1909 -0.151E-05
        130.0000    -3385.57  0.2246  0.167E-01      -3247.97  0.2386 -0.103E-01     -14807.76  0.1572 -0.250E-03     -15000.00  0.1631 -0.148E-05     -14999.99  0.1655 -0.183E-05     -14999.98  0.1909 -0.151E-05
        131.0000    -3967.90  0.2186  0.160E-01      -3575.53  0.2351 -0.638E-02     -14714.34  0.1573 -0.331E-03     -14999.99  0.1631 -0.148E-05     -15000.00  0.1655 -0.183E-05     -14999.97  0.1909 -0.151E-05
        132.0000    -4668.12  0.2132  0.167E-01      -3882.19  0.2317 -0.429E-02     -14613.71  0.1575 -0.407E-03     -14999.99  0.1631 -0.148E-05     -14999.99  0.1655 -0.183E-05     -14999.98  0.1909 -0.151E-05
        133.0000    -5551.12  0.2076  0.171E-01      -4260.88  0.2285 -0.262E-02     -14521.64  0.1576 -0.462E-03     -15000.00  0.1631 -0.149E-05     -14999.99  0.1655 -0.183E-05     -14999.99  0.1909 -0.151E-05
        134.0000    -6868.77  0.2010  0.189E-01      -4647.15  0.2254 -0.124E-02     -14445.43  0.1577 -0.494E-03     -15000.01  0.1631 -0.148E-05     -15000.00  0.1655 -0.183E-05     -14999.98  0.1909 -0.151E-05
        135.0000    -8734.97  0.1941  0.184E-01      -5123.70  0.2219 -0.425E-03     -14416.77  0.1578 -0.482E-03     -15000.00  0.1631 -0.149E-05     -15000.00  0.1655 -0.183E-05     -14999.99  0.1909 -0.151E-05
        136.0000   -10730.85  0.1885  0.162E-01      -5672.44  0.2187  0.228E-03     -14406.69  0.1578 -0.457E-03     -15000.01  0.1631 -0.149E-05     -15000.00  0.1655 -0.183E-05     -14999.99  0.1909 -0.151E-05
        137.0000   -12458.66  0.1847  0.133E-01      -6126.29  0.2160  0.577E-03     -14383.99  0.1578 -0.444E-03     -15000.01  0.1631 -0.149E-05     -14999.99  0.1655 -0.183E-05     -14999.99  0.1909 -0.151E-05
        138.0000    -1398.50  0.2626 -0.336E+00      -6453.51  0.2143 -0.264E-02     -14337.34  0.1579 -0.454E-03     -15000.02  0.1631 -0.149E-05     -14999.99  0.1655 -0.183E-05     -14999.99  0.1909 -0.151E-05
        139.0000    -2420.90  0.2377 -0.843E-02      -5223.06  0.2213 -0.218E-01     -14314.91  0.1579 -0.445E-03     -15000.02  0.1631 -0.149E-05     -14999.99  0.1655 -0.183E-05     -14999.99  0.1909 -0.151E-05
        140.0000    -3170.06  0.2269  0.527E-02      -4846.06  0.2238 -0.187E-01     -14307.20  0.1579 -0.426E-03     -15000.02  0.1631 -0.149E-05     -14999.99  0.1655 -0.183E-05     -14999.99  0.1909 -0.151E-05
        141.0000    -3939.92  0.2188  0.103E-01      -4938.44  0.2231 -0.133E-01     -14316.46  0.1579 -0.399E-03     -15000.02  0.1631 -0.149E-05     -15000.00  0.1655 -0.183E-05     -14999.99  0.1909 -0.151E-05
        142.0000    -4804.62  0.2122  0.119E-01      -5227.49  0.2213 -0.945E-02     -14341.36  0.1579 -0.364E-03     -15000.02  0.1631 -0.149E-05     -15000.00  0.1655 -0.183E-05     -14999.99  0.1909 -0.151E-05
        143.0000    -5626.57  0.2071  0.108E-01      -5577.48  0.2192 -0.683E-02     -14373.85  0.1578 -0.330E-03     -15000.03  0.1631 -0.149E-05     -15000.00  0.1655 -0.183E-05     -14999.99  0.1909 -0.151E-05
        144.0000    -6671.77  0.2018  0.122E-01      -5902.05  0.2173 -0.486E-02     -14382.81  0.1578 -0.311E-03     -15000.03  0.1631 -0.149E-05     -15000.00  0.1655 -0.183E-05     -14999.99  0.1909 -0.151E-05
        145.0000    -8113.36  0.1961  0.129E-01      -6326.69  0.2149 -0.350E-02     -14423.32  0.1578 -0.279E-03     -15000.04  0.1631 -0.150E-05     -15000.00  0.1655 -0.183E-05     -14999.99  0.1909 -0.151E-05
        146.0000    -1917.61  0.2477 -0.197E+00      -6556.92  0.2139 -0.417E-02     -14403.30  0.1578 -0.280E-03     -15000.04  0.1631 -0.150E-05     -15000.00  0.1655 -0.183E-05     -14999.99  0.1909 -0.151E-05
        147.0000    -2001.31  0.2458 -0.753E-01      -5866.57  0.2175 -0.186E-01     -14426.12  0.1577 -0.261E-03     -15000.04  0.1631 -0.150E-05     -15000.00  0.1655 -0.183E-05     -14999.99  0.1909 -0.151E-05
        148.0000    -2805.47  0.2319 -0.184E-02      -5086.21  0.2221 -0.211E-01     -14452.40  0.1577 -0.242E-03     -15000.04  0.1631 -0.150E-05     -15000.00  0.1655 -0.183E-05     -14999.98  0.1909 -0.151E-05
        149.0000    -3488.25  0.2236  0.525E-02      -5006.89  0.2226 -0.166E-01     -14478.62  0.1577 -0.224E-03     -15000.04  0.1631 -0.150E-05     -15000.00  0.1655 -0.183E-05     -14999.99  0.1909 -0.151E-05
        150.0000    -4126.12  0.2174  0.764E-02      -5159.48  0.2217 -0.125E-01     -14501.55  0.1576 -0.209E-03     -15000.04  0.1631 -0.150E-05     -15000.00  0.1655 -0.183E-05     -14999.98  0.1909 -0.151E-05
        151.0000    -1650.28  0.2547 -0.175E+00      -5070.65  0.2222 -0.171E-01     -14500.46  0.1576 -0.206E-03     -15000.04  0.1631 -0.150E-05     -15000.00  0.1655 -0.183E-05     -14999.98  0.1909 -0.151E-05
        152.0000    -1979.44  0.2462 -0.459E-01      -4222.60  0.2288 -0.327E-01     -14498.92  0.1576 -0.204E-03     -15000.04  0.1631 -0.150E-05     -15000.00  0.1655 -0.183E-05     -14999.98  0.1909 -0.151E-05
        153.0000    -2527.30  0.2359 -0.325E-02      -3936.21  0.2312 -0.272E-01     -14507.49  0.1576 -0.198E-03     -15000.04  0.1631 -0.150E-05     -15000.00  0.1655 -0.183E-05     -14999.98  0.1909 -0.151E-05
        154.0000    -2476.89  0.2366 -0.244E-01      -3877.34  0.2317 -0.227E-01     -14485.25  0.1577 -0.205E-03     -15000.04  0.1631 -0.150E-05     -15000.00  0.1655 -0.183E-05     -14999.98  0.1909 -0.151E-05
        155.0000    -2788.67  0.2322 -0.609E-02      -3911.49  0.2314 -0.194E-01     -14482.03  0.1577 -0.206E-03     -15000.04  0.1631 -0.150E-05     -15000.00  0.1655 -0.183E-05     -14999.99  0.1909 -0.151E-05
        156.0000    -3284.14  0.2257  0.533E-02      -4061.58  0.2301 -0.153E-01     -14494.81  0.1576 -0.202E-03     -15000.04  0.1631 -0.150E-05     -15000.00  0.1655 -0.183E-05     -14999.98  0.1909 -0.151E-05
        157.0000    -3635.69  0.2220  0.303E-02      -4270.99  0.2284 -0.118E-01     -14511.90  0.1576 -0.197E-03     -15000.05  0.1631 -0.150E-05     -15000.00  0.1655 -0.183E-05     -14999.99  0.1909 -0.151E-05
        158.0000    -4110.30  0.2175  0.703E-02      -4503.55  0.2265 -0.895E-02     -14526.20  0.1576 -0.195E-03     -15000.06  0.1631 -0.151E-05     -15000.00  0.1655 -0.183E-05     -14999.99  0.1909 -0.151E-05
        159.0000    -4475.94  0.2147  0.506E-02      -4750.20  0.2246 -0.716E-02     -14532.53  0.1576 -0.198E-03     -15000.05  0.1631 -0.150E-05     -15000.00  0.1655 -0.183E-05     -14999.98  0.1909 -0.151E-05
        160.0000    -4918.87  0.2113  0.753E-02      -4941.61  0.2230 -0.577E-02     -14512.23  0.1576 -0.214E-03     -15000.06  0.1631 -0.151E-05     -15000.00  0.1655 -0.183E-05     -14999.98  0.1909 -0.151E-05
        161.0000    -4210.01  0.2168 -0.161E-01      -5154.71  0.2217 -0.495E-02     -14492.15  0.1576 -0.230E-03     -15000.07  0.1631 -0.151E-05     -15000.00  0.1655 -0.183E-05     -14999.98  0.1909 -0.151E-05
        162.0000     -579.00  0.3106 -0.739E+00      -2323.13  0.2525 -0.238E+00     -14454.48  0.1577 -0.256E-03     -15000.07  0.1631 -0.151E-05     -15000.00  0.1655 -0.183E-05     -14999.98  0.1909 -0.151E-05
        163.0000    -1146.70  0.2726 -0.292E-01      -1679.10  0.2674 -0.118E+00     -14439.50  0.1577 -0.270E-03     -15000.07  0.1631 -0.151E-05     -15000.00  0.1655 -0.183E-05     -14999.98  0.1909 -0.151E-05
        164.0000    -1464.31  0.2603 -0.523E-02      -1851.81  0.2627 -0.627E-01     -14422.94  0.1578 -0.287E-03     -15000.07  0.1631 -0.151E-05     -15000.00  0.1655 -0.183E-05     -14999.99  0.1909 -0.151E-05
        165.0000    -1677.51  0.2540 -0.514E-02      -2013.79  0.2587 -0.412E-01     -14377.21  0.1578 -0.336E-03     -15000.07  0.1631 -0.151E-05     -15000.00  0.1655 -0.183E-05     -14999.98  0.1909 -0.151E-05
        166.0000    -1853.42  0.2494 -0.140E-02      -2153.76  0.2559 -0.308E-01     -14260.47  0.1580 -0.482E-03     -15000.08  0.1631 -0.152E-05     -15000.00  0.1655 -0.183E-05     -14999.99  0.1909 -0.151E-05
        167.0000    -2055.84  0.2447  0.313E-02      -2292.85  0.2531 -0.226E-01     -14059.49  0.1583 -0.742E-03     -15000.08  0.1631 -0.152E-05     -15000.00  0.1655 -0.183E-05     -14999.99  0.1909 -0.151E-05
        168.0000     -489.02  0.3206 -0.725E+00      -1112.06  0.2883 -0.367E+00     -13789.57  0.1587 -0.111E-02     -15000.07  0.1631 -0.152E-05     -15000.00  0.1655 -0.183E-05     -14999.99  0.1909 -0.151E-05
        169.0000      -33.71  0.4497 -0.766E+01        -48.02  0.4664 -0.750E+01       -157.88  0.3745 -0.607E+01     -15000.07  0.1631 -0.152E-05     -15000.00  0.1655 -0.183E-05     -14999.99  0.1909 -0.151E-05
        170.0000      -92.24  0.4182 -0.205E+01       -106.71  0.4326 -0.205E+01       -168.35  0.3708 -0.202E+01      -6204.97  0.1864 -0.242E+00     -15000.00  0.1655 -0.183E-05     -14999.99  0.1909 -0.151E-05
        171.0000     -206.49  0.3748 -0.984E-01       -206.73  0.3930 -0.253E+00       -236.98  0.3487 -0.634E+00       -673.50  0.2885 -0.813E+00     -15000.00  0.1655 -0.183E-05     -14999.99  0.1909 -0.151E-05
        172.0000     -269.06  0.3584 -0.227E-01       -267.03  0.3763 -0.119E+00       -293.21  0.3345 -0.353E+00       -579.82  0.2979 -0.554E+00     -15000.00  0.1655 -0.183E-05     -14999.99  0.1909 -0.151E-05
        173.0000     -317.74  0.3478 -0.332E-02       -314.63  0.3652 -0.732E-01       -340.47  0.3246 -0.239E+00       -582.76  0.2975 -0.405E+00     -15000.00  0.1655 -0.183E-05     -14999.99  0.1909 -0.151E-05
        174.0000     -360.63  0.3399  0.122E-02       -356.70  0.3571 -0.492E-01       -380.49  0.3167 -0.178E+00       -604.10  0.2950 -0.315E+00     -15000.00  0.1655 -0.183E-05     -14999.99  0.1909 -0.151E-05
        175.0000     -395.77  0.3339  0.228E-02       -391.85  0.3506 -0.398E-01       -417.84  0.3108 -0.141E+00       -630.63  0.2923 -0.256E+00     -14999.99  0.1655 -0.186E-05     -14999.99  0.1909 -0.151E-05
        176.0000     -433.09  0.3285  0.475E-02       -428.35  0.3452 -0.292E-01       -451.17  0.3057 -0.112E+00       -657.97  0.2899 -0.213E+00     -14999.70  0.1655 -0.310E-05     -14999.99  0.1909 -0.151E-05
        177.0000     -461.43  0.3245  0.210E-02       -457.07  0.3409 -0.250E-01       -480.95  0.3011 -0.966E-01       -684.27  0.2875 -0.182E+00     -14988.84  0.1655 -0.376E-04     -14999.99  0.1909 -0.151E-05
        178.0000     -488.23  0.3207  0.454E-02       -483.36  0.3370 -0.212E-01       -510.54  0.2974 -0.850E-01       -708.54  0.2854 -0.158E+00     -14887.27  0.1656 -0.323E-03     -14999.99  0.1909 -0.151E-05
        179.0000     -511.61  0.3181 -0.581E-02       -510.22  0.3338 -0.244E-01       -537.78  0.2942 -0.733E-01       -732.36  0.2832 -0.140E+00     -14475.45  0.1663 -0.164E-02     -14999.99  0.1909 -0.151E-05
        180.0000     -547.78  0.3141  0.806E-02       -541.16  0.3303 -0.141E-01       -564.54  0.2911 -0.634E-01       -758.71  0.2808 -0.124E+00     -12567.81  0.1696 -0.734E-02     -14999.99  0.1909 -0.151E-05
        181.0000     -571.82  0.3115  0.360E-02       -566.33  0.3274 -0.130E-01       -589.41  0.2881 -0.563E-01       -783.86  0.2788 -0.112E+00      -9523.84  0.1770 -0.173E-01     -14999.99  0.1909 -0.151E-05
        182.0000     -594.78  0.3089  0.482E-02       -588.60  0.3249 -0.110E-01       -613.11  0.2853 -0.525E-01       -807.07  0.2772 -0.101E+00      -7063.18  0.1856 -0.286E-01     -14999.99  0.1909 -0.151E-05
        183.0000     -616.77  0.3066  0.509E-02       -610.32  0.3224 -0.997E-02       -637.61  0.2831 -0.482E-01       -829.86  0.2757 -0.924E-01      -5593.44  0.1930 -0.360E-01     -14999.99  0.1909 -0.151E-05
        184.0000     -624.67  0.3059 -0.123E-01       -628.72  0.3207 -0.188E-01       -661.65  0.2810 -0.436E-01       -852.54  0.2742 -0.842E-01      -4606.59  0.1995 -0.439E-01     -14999.99  0.1909 -0.151E-05
        185.0000     -652.71  0.3036 -0.287E-02       -651.85  0.3187 -0.142E-01       -683.57  0.2790 -0.406E-01       -875.47  0.2726 -0.773E-01      -3993.43  0.2045 -0.467E-01     -14999.99  0.1909 -0.151E-05
        186.0000     -646.15  0.3041 -0.249E-01       -659.42  0.3181 -0.252E-01       -700.48  0.2775 -0.392E-01       -893.21  0.2714 -0.720E-01      -3589.40  0.2088 -0.505E-01     -14999.99  0.1909 -0.151E-05
        187.0000     -448.55  0.3264 -0.296E+00       -542.47  0.3302 -0.198E+00       -699.91  0.2776 -0.602E-01       -907.98  0.2704 -0.681E-01      -3261.84  0.2124 -0.503E-01     -14999.99  0.1909 -0.151E-05
        188.0000     -562.06  0.3125 -0.156E-01       -575.03  0.3264 -0.558E-01       -681.59  0.2792 -0.788E-01       -922.18  0.2695 -0.663E-01      -3055.73  0.2150 -0.519E-01     -14999.99  0.1909 -0.151E-05
        189.0000     -540.65  0.3149 -0.838E-01       -577.70  0.3261 -0.775E-01       -681.53  0.2792 -0.723E-01       -929.99  0.2690 -0.673E-01      -2898.92  0.2174 -0.513E-01     -14999.99  0.1909 -0.151E-05
        190.0000     -582.69  0.3103 -0.281E-01       -599.32  0.3237 -0.468E-01       -686.31  0.2788 -0.679E-01       -936.70  0.2685 -0.674E-01      -2769.73  0.2193 -0.498E-01     -14999.99  0.1909 -0.151E-05
        191.0000     -361.11  0.3399 -0.465E+00       -452.74  0.3416 -0.338E+00       -670.48  0.2802 -0.104E+00       -942.63  0.2681 -0.670E-01      -2677.62  0.2207 -0.497E-01     -14999.99  0.1909 -0.151E-05
        192.0000      -10.43  0.4621 -0.105E+02        -13.41  0.4888 -0.104E+02        -24.64  0.4379 -0.101E+02       -119.64  0.3986 -0.742E+01      -2584.41  0.2221 -0.490E-01     -14999.99  0.1909 -0.151E-05
        193.0000     -109.52  0.4102 -0.567E+00       -109.64  0.4312 -0.702E+00       -114.50  0.3924 -0.108E+01       -150.94  0.3857 -0.163E+01       -768.02  0.2864 -0.103E+01     -14999.99  0.1909 -0.151E-05
        194.0000     -106.11  0.4118 -0.108E+01       -111.97  0.4300 -0.109E+01       -128.14  0.3865 -0.113E+01       -170.68  0.3786 -0.121E+01       -430.53  0.3255 -0.109E+01     -14999.99  0.1909 -0.151E-05
        195.0000      -69.29  0.4299 -0.235E+01        -76.46  0.4488 -0.230E+01        -96.19  0.4009 -0.213E+01       -145.76  0.3879 -0.176E+01       -348.81  0.3403 -0.114E+01     -14999.99  0.1909 -0.151E-05
        196.0000      -81.05  0.4238 -0.164E+01        -86.27  0.4434 -0.164E+01       -100.06  0.3991 -0.165E+01       -134.41  0.3926 -0.163E+01       -269.24  0.3586 -0.134E+01     -14999.99  0.1909 -0.151E-05
        197.0000     -143.77  0.3959 -0.190E+00       -140.92  0.4169 -0.295E+00       -139.32  0.3819 -0.565E+00       -155.05  0.3842 -0.926E+00       -238.02  0.3669 -0.112E+01     -14999.99  0.1909 -0.151E-05
        198.0000     -183.12  0.3820 -0.256E-01       -177.38  0.4028 -0.107E+00       -171.25  0.3697 -0.311E+00       -180.54  0.3751 -0.583E+00       -240.63  0.3660 -0.814E+00     -14999.99  0.1909 -0.151E-05
        199.0000     -208.17  0.3743 -0.198E-01       -202.31  0.3943 -0.735E-01       -195.24  0.3613 -0.215E+00       -202.93  0.3677 -0.423E+00       -251.21  0.3632 -0.620E+00     -14999.99  0.1909 -0.151E-05
        200.0000     -229.24  0.3683 -0.168E-01       -223.44  0.3879 -0.602E-01       -216.19  0.3550 -0.170E+00       -221.43  0.3621 -0.326E+00       -263.15  0.3601 -0.496E+00     -14999.95  0.1909 -0.183E-05
        201.0000     -121.55  0.4048 -0.133E+01       -136.46  0.4188 -0.123E+01       -173.89  0.3688 -0.884E+00       -219.54  0.3627 -0.504E+00       -272.41  0.3578 -0.440E+00     -14984.38  0.1909 -0.103E-03
        202.0000     -164.82  0.3882 -0.365E+00       -168.28  0.4061 -0.405E+00       -179.00  0.3669 -0.498E+00       -208.06  0.3661 -0.556E+00       -268.60  0.3587 -0.487E+00     -13496.70  0.1935 -0.902E-02
        203.0000      -54.46  0.4380 -0.346E+01        -62.36  0.4573 -0.335E+01        -85.66  0.4061 -0.290E+01       -143.21  0.3889 -0.183E+01       -245.01  0.3648 -0.729E+00      -5346.54  0.2206 -0.799E-01
        204.0000     -137.73  0.3983 -0.164E+00       -134.07  0.4199 -0.290E+00       -131.22  0.3852 -0.604E+00       -143.51  0.3888 -0.967E+00       -195.97  0.3801 -0.101E+01      -2393.40  0.2511 -0.164E+00
        205.0000      -96.26  0.4162 -0.137E+01       -103.23  0.4344 -0.133E+01       -118.98  0.3904 -0.121E+01       -144.49  0.3884 -0.103E+01       -186.39  0.3835 -0.874E+00      -1359.49  0.2778 -0.275E+00
        206.0000     -162.56  0.3890 -0.290E-01       -156.59  0.4104 -0.125E+00       -149.56  0.3776 -0.372E+00       -154.47  0.3844 -0.661E+00       -179.81  0.3859 -0.795E+00       -869.78  0.3018 -0.392E+00
        207.0000     -167.26  0.3874 -0.243E+00       -166.97  0.4066 -0.272E+00       -166.38  0.3715 -0.354E+00       -170.07  0.3788 -0.483E+00       -185.27  0.3839 -0.622E+00       -635.96  0.3200 -0.463E+00
        208.0000     -141.62  0.3968 -0.660E+00       -148.23  0.4137 -0.633E+00       -161.26  0.3733 -0.568E+00       -174.77  0.3771 -0.518E+00       -191.83  0.3814 -0.551E+00       -527.00  0.3318 -0.477E+00
        209.0000     -175.81  0.3845 -0.186E+00       -174.66  0.4038 -0.229E+00       -173.93  0.3688 -0.336E+00       -179.41  0.3755 -0.450E+00       -195.29  0.3803 -0.523E+00       -469.16  0.3390 -0.465E+00
        210.0000      -19.07  0.4578 -0.697E+01        -21.66  0.4837 -0.691E+01        -28.53  0.4359 -0.666E+01        -53.51  0.4314 -0.577E+01       -125.42  0.4078 -0.277E+01       -429.54  0.3448 -0.463E+00
        211.0000     -102.10  0.4136 -0.345E+00        -98.58  0.4367 -0.473E+00        -92.50  0.4027 -0.823E+00        -89.99  0.4126 -0.130E+01        -95.12  0.4222 -0.173E+01       -285.05  0.3716 -0.105E+01
        212.0000     -137.81  0.3983 -0.960E-01       -132.40  0.4206 -0.179E+00       -122.54  0.3888 -0.388E+00       -114.92  0.4009 -0.696E+00       -110.68  0.4147 -0.104E+01       -210.06  0.3916 -0.117E+01
        213.0000     -164.88  0.3882 -0.758E-02       -157.89  0.4099 -0.677E-01       -145.32  0.3794 -0.231E+00       -134.46  0.3925 -0.460E+00       -126.21  0.4075 -0.731E+00       -198.34  0.3952 -0.972E+00
        214.0000     -184.32  0.3816 -0.275E-02       -177.17  0.4029 -0.482E-01       -163.80  0.3724 -0.162E+00       -151.19  0.3856 -0.327E+00       -140.64  0.4013 -0.556E+00       -200.39  0.3945 -0.801E+00
        215.0000     -199.34  0.3768 -0.257E-02       -192.11  0.3974 -0.357E-01       -178.48  0.3671 -0.131E+00       -165.06  0.3806 -0.266E+00       -153.00  0.3960 -0.439E+00       -204.38  0.3933 -0.658E+00
        216.0000     -212.72  0.3730 -0.779E-03       -205.39  0.3934 -0.285E-01       -191.16  0.3626 -0.103E+00       -177.14  0.3763 -0.223E+00       -164.21  0.3918 -0.376E+00       -203.26  0.3937 -0.522E+00
        217.0000     -224.33  0.3697 -0.123E-02       -217.03  0.3899 -0.255E-01       -202.63  0.3591 -0.871E-01       -187.81  0.3725 -0.184E+00       -173.62  0.3882 -0.316E+00       -199.19  0.3949 -0.411E+00
        218.0000     -234.66  0.3668 -0.855E-03       -227.34  0.3868 -0.223E-01       -212.81  0.3560 -0.768E-01       -197.28  0.3694 -0.156E+00       -181.52  0.3853 -0.264E+00       -194.87  0.3962 -0.333E+00
        219.0000     -242.15  0.3647 -0.104E-01       -235.42  0.3843 -0.275E-01       -221.48  0.3534 -0.718E-01       -205.63  0.3669 -0.138E+00       -188.26  0.3828 -0.221E+00       -191.19  0.3974 -0.276E+00
        220.0000     -249.79  0.3629 -0.105E-01       -243.03  0.3821 -0.238E-01       -228.95  0.3511 -0.646E-01       -212.60  0.3648 -0.123E+00       -193.71  0.3808 -0.190E+00       -189.61  0.3979 -0.242E+00
        221.0000     -234.78  0.3668 -0.135E+00       -235.29  0.3844 -0.124E+00       -230.78  0.3506 -0.107E+00       -217.85  0.3632 -0.122E+00       -198.41  0.3793 -0.170E+00       -189.34  0.3980 -0.218E+00
        222.0000     -115.73  0.4073 -0.148E+01       -131.38  0.4210 -0.135E+01       -169.60  0.3703 -0.917E+00       -203.09  0.3676 -0.384E+00       -199.69  0.3789 -0.200E+00       -189.83  0.3978 -0.202E+00
        223.0000      -35.55  0.4487 -0.474E+01        -40.28  0.4714 -0.466E+01        -53.58  0.4227 -0.429E+01        -90.85  0.4121 -0.322E+01       -157.02  0.3945 -0.119E+01       -189.26  0.3981 -0.221E+00
        224.0000      -39.86  0.4462 -0.357E+01        -42.49  0.4700 -0.355E+01        -47.96  0.4257 -0.349E+01        -60.40  0.4277 -0.331E+01        -80.83  0.4296 -0.269E+01       -152.43  0.4115 -0.812E+00
        225.0000      -31.37  0.4510 -0.428E+01        -33.19  0.4761 -0.426E+01        -36.18  0.4320 -0.421E+01        -42.96  0.4370 -0.407E+01        -49.09  0.4470 -0.368E+01        -78.90  0.4470 -0.230E+01
        226.0000      -74.29  0.4272 -0.112E+01        -74.01  0.4502 -0.118E+01        -71.68  0.4132 -0.136E+01        -67.72  0.4238 -0.163E+01        -58.60  0.4416 -0.196E+01        -52.76  0.4628 -0.222E+01
        227.0000      -52.50  0.4391 -0.250E+01        -54.88  0.4620 -0.248E+01        -58.51  0.4201 -0.241E+01        -62.67  0.4265 -0.229E+01        -59.60  0.4411 -0.215E+01        -54.18  0.4618 -0.202E+01
        228.0000      -91.20  0.4187 -0.700E+00        -89.95  0.4413 -0.762E+00        -85.73  0.4061 -0.936E+00        -79.40  0.4178 -0.118E+01        -67.54  0.4367 -0.147E+01        -56.58  0.4603 -0.180E+01
        229.0000     -129.83  0.4015 -0.839E-01       -123.89  0.4243 -0.160E+00       -112.05  0.3936 -0.366E+00        -98.65  0.4084 -0.636E+00        -81.23  0.4294 -0.954E+00        -65.66  0.4547 -0.137E+01
        230.0000     -152.04  0.3926 -0.198E-01       -145.14  0.4150 -0.765E-01       -131.18  0.3853 -0.217E+00       -114.99  0.4008 -0.415E+00        -94.57  0.4225 -0.668E+00        -76.33  0.4483 -0.103E+01
        231.0000     -166.99  0.3875 -0.161E-01       -159.97  0.4091 -0.544E-01       -145.37  0.3794 -0.159E+00       -127.85  0.3953 -0.312E+00       -105.96  0.4169 -0.516E+00        -86.44  0.4427 -0.833E+00
        232.0000     -179.02  0.3834 -0.145E-01       -171.99  0.4047 -0.458E-01       -157.03  0.3748 -0.125E+00       -138.75  0.3908 -0.252E+00       -115.88  0.4122 -0.420E+00        -95.38  0.4377 -0.683E+00
        233.0000     -124.74  0.4036 -0.836E+00       -130.92  0.4213 -0.778E+00       -139.66  0.3818 -0.616E+00       -138.95  0.3907 -0.448E+00       -122.67  0.4090 -0.431E+00       -103.53  0.4337 -0.599E+00
        234.0000      -93.39  0.4177 -0.138E+01        -99.68  0.4362 -0.133E+01       -111.72  0.3938 -0.116E+01       -123.01  0.3973 -0.872E+00       -120.15  0.4101 -0.642E+00       -109.08  0.4309 -0.586E+00
        235.0000     -147.34  0.3945 -0.103E+00       -142.45  0.4162 -0.180E+00       -133.88  0.3841 -0.365E+00       -126.80  0.3957 -0.561E+00       -117.05  0.4116 -0.656E+00       -109.96  0.4305 -0.638E+00
        236.0000      -72.67  0.4281 -0.209E+01        -79.08  0.4474 -0.200E+01        -92.78  0.4026 -0.172E+01       -109.48  0.4034 -0.127E+01       -113.47  0.4133 -0.853E+00       -110.09  0.4304 -0.650E+00
        237.0000     -122.39  0.4044 -0.333E+00       -120.26  0.4258 -0.400E+00       -115.87  0.3918 -0.580E+00       -112.21  0.4021 -0.786E+00       -105.60  0.4171 -0.885E+00       -105.05  0.4329 -0.772E+00
        238.0000     -156.06  0.3912 -0.312E-01       -149.62  0.4131 -0.971E-01       -137.72  0.3825 -0.261E+00       -125.73  0.3961 -0.459E+00       -111.01  0.4145 -0.641E+00       -102.57  0.4342 -0.746E+00
        239.0000      -61.66  0.4340 -0.260E+01        -67.64  0.4541 -0.251E+01        -81.51  0.4082 -0.217E+01       -100.30  0.4076 -0.157E+01       -106.70  0.4166 -0.985E+00       -103.26  0.4338 -0.718E+00
        240.0000      -88.11  0.4203 -0.108E+01        -89.84  0.4413 -0.110E+01        -92.26  0.4028 -0.115E+01        -95.18  0.4100 -0.122E+01        -93.73  0.4229 -0.119E+01        -96.55  0.4372 -0.919E+00
        241.0000     -137.34  0.3985 -0.667E-01       -131.37  0.4210 -0.152E+00       -120.40  0.3897 -0.363E+00       -110.01  0.4031 -0.636E+00        -97.14  0.4212 -0.861E+00        -90.85  0.4403 -0.952E+00
        242.0000     -160.08  0.3898 -0.185E-01       -153.21  0.4116 -0.698E-01       -139.83  0.3817 -0.212E+00       -125.02  0.3964 -0.393E+00       -106.67  0.4166 -0.599E+00        -93.01  0.4391 -0.807E+00
        243.0000     -169.56  0.3866 -0.748E-01       -164.20  0.4076 -0.103E+00       -152.09  0.3766 -0.179E+00       -136.47  0.3917 -0.305E+00       -115.97  0.4121 -0.465E+00        -98.50  0.4362 -0.683E+00
        244.0000     -185.84  0.3810 -0.470E-02       -178.60  0.4023 -0.398E-01       -163.87  0.3724 -0.124E+00       -146.41  0.3876 -0.240E+00       -124.39  0.4083 -0.384E+00       -105.37  0.4328 -0.595E+00
        245.0000     -196.11  0.3778 -0.118E-01       -189.07  0.3985 -0.362E-01       -174.15  0.3687 -0.102E+00       -155.66  0.3840 -0.194E+00       -132.48  0.4048 -0.324E+00       -112.39  0.4293 -0.518E+00
        246.0000     -203.21  0.3757 -0.295E-01       -196.89  0.3960 -0.456E-01       -182.59  0.3656 -0.943E-01       -163.92  0.3810 -0.171E+00       -140.15  0.4015 -0.280E+00       -119.22  0.4259 -0.449E+00
        247.0000     -213.59  0.3728 -0.928E-02       -206.48  0.3931 -0.274E-01       -191.03  0.3626 -0.736E-01       -171.62  0.3783 -0.149E+00       -147.37  0.3983 -0.247E+00       -125.78  0.4230 -0.405E+00
        248.0000     -223.05  0.3701  0.931E-03       -215.45  0.3903 -0.167E-01       -199.20  0.3601 -0.603E-01       -179.03  0.3756 -0.129E+00       -154.14  0.3955 -0.219E+00       -132.25  0.4202 -0.369E+00
        249.0000     -229.24  0.3683 -0.895E-02       -222.14  0.3883 -0.224E-01       -206.31  0.3580 -0.574E-01       -185.93  0.3731 -0.114E+00       -160.55  0.3931 -0.199E+00       -138.38  0.4175 -0.336E+00
        250.0000     -228.89  0.3684 -0.489E-01       -223.92  0.3878 -0.539E-01       -210.84  0.3566 -0.713E-01       -191.58  0.3711 -0.109E+00       -166.25  0.3910 -0.183E+00       -143.94  0.4151 -0.307E+00
        251.0000      -68.51  0.4303 -0.281E+01        -78.87  0.4475 -0.266E+01       -107.90  0.3955 -0.209E+01       -152.39  0.3852 -0.102E+01       -164.65  0.3916 -0.350E+00       -148.93  0.4130 -0.286E+00
        252.0000      -36.50  0.4481 -0.425E+01        -40.05  0.4716 -0.420E+01        -48.62  0.4253 -0.398E+01        -70.04  0.4226 -0.340E+01       -105.36  0.4173 -0.201E+01       -144.06  0.4151 -0.477E+00
        253.0000      -64.78  0.4323 -0.177E+01        -66.61  0.4547 -0.179E+01        -69.29  0.4144 -0.186E+01        -73.80  0.4206 -0.195E+01        -77.43  0.4314 -0.193E+01       -104.35  0.4333 -0.126E+01
        254.0000     -106.66  0.4115 -0.432E+00       -104.28  0.4338 -0.505E+00        -98.58  0.3998 -0.696E+00        -92.26  0.4114 -0.968E+00        -82.55  0.4287 -0.124E+01        -83.58  0.4443 -0.129E+01
        255.0000     -142.57  0.3964 -0.346E-01       -136.00  0.4190 -0.109E+00       -123.36  0.3885 -0.291E+00       -110.09  0.4031 -0.546E+00        -93.71  0.4229 -0.807E+00        -82.31  0.4450 -0.105E+01
        256.0000      -57.22  0.4364 -0.269E+01        -62.27  0.4573 -0.261E+01        -72.91  0.4126 -0.232E+01        -87.16  0.4140 -0.180E+01        -90.79  0.4244 -0.125E+01        -85.76  0.4431 -0.975E+00
        257.0000     -102.24  0.4135 -0.579E+00       -101.14  0.4354 -0.639E+00        -97.79  0.4001 -0.797E+00        -93.84  0.4106 -0.101E+01        -85.40  0.4273 -0.118E+01        -81.14  0.4457 -0.116E+01
        258.0000     -142.26  0.3965 -0.343E-01       -135.70  0.4191 -0.112E+00       -123.24  0.3885 -0.299E+00       -110.34  0.4030 -0.554E+00        -94.20  0.4227 -0.801E+00        -82.09  0.4451 -0.103E+01
        259.0000     -161.91  0.3892 -0.790E-02       -154.73  0.4111 -0.567E-01       -140.63  0.3813 -0.191E+00       -124.65  0.3966 -0.366E+00       -104.88  0.4175 -0.579E+00        -88.56  0.4415 -0.845E+00
        260.0000     -176.58  0.3842 -0.382E-02       -169.26  0.4057 -0.409E-01       -154.22  0.3758 -0.134E+00       -136.62  0.3916 -0.277E+00       -114.85  0.4127 -0.452E+00        -96.03  0.4374 -0.694E+00
        261.0000     -186.21  0.3809 -0.239E-01       -179.54  0.4020 -0.504E-01       -165.04  0.3720 -0.118E+00       -146.86  0.3874 -0.223E+00       -123.88  0.4085 -0.371E+00       -103.68  0.4336 -0.601E+00
        262.0000     -198.09  0.3772 -0.536E-03       -190.60  0.3979 -0.258E-01       -175.04  0.3684 -0.937E-01       -155.95  0.3839 -0.185E+00       -132.22  0.4049 -0.316E+00       -111.40  0.4298 -0.521E+00
        263.0000      -94.85  0.4169 -0.164E+01       -104.57  0.4337 -0.153E+01       -125.69  0.3876 -0.117E+01       -142.77  0.3891 -0.667E+00       -135.43  0.4035 -0.414E+00       -118.09  0.4265 -0.464E+00
        264.0000     -160.16  0.3898 -0.434E-01       -154.30  0.4112 -0.122E+00       -145.38  0.3794 -0.317E+00       -139.51  0.3905 -0.497E+00       -130.22  0.4058 -0.533E+00       -121.12  0.4250 -0.488E+00
        265.0000     -182.64  0.3821 -0.109E-01       -175.81  0.4033 -0.589E-01       -163.14  0.3726 -0.173E+00       -150.46  0.3859 -0.310E+00       -134.49  0.4039 -0.424E+00       -123.11  0.4241 -0.485E+00
        266.0000     -198.98  0.3769  0.422E-02       -191.47  0.3976 -0.298E-01       -177.06  0.3676 -0.117E+00       -161.15  0.3820 -0.225E+00       -141.68  0.4008 -0.338E+00       -126.99  0.4225 -0.447E+00
        267.0000     -211.80  0.3733  0.341E-02       -204.18  0.3937 -0.204E-01       -188.64  0.3635 -0.838E-01       -170.78  0.3786 -0.176E+00       -149.08  0.3976 -0.277E+00       -131.88  0.4204 -0.403E+00
        268.0000     -221.62  0.3704  0.883E-03       -214.05  0.3907 -0.182E-01       -198.13  0.3604 -0.667E-01       -179.20  0.3755 -0.145E+00       -156.05  0.3948 -0.236E+00       -137.34  0.4180 -0.363E+00
        269.0000     -230.14  0.3680  0.247E-02       -222.47  0.3882 -0.146E-01       -206.21  0.3579 -0.574E-01       -186.40  0.3729 -0.123E+00       -162.21  0.3925 -0.208E+00       -142.31  0.4158 -0.329E+00
        270.0000     -237.33  0.3660 -0.533E-02       -230.08  0.3859 -0.187E-01       -214.16  0.3556 -0.533E-01       -193.89  0.3704 -0.104E+00       -168.85  0.3900 -0.184E+00       -147.82  0.4135 -0.295E+00
        271.0000     -245.50  0.3639  0.316E-02       -237.72  0.3836 -0.107E-01       -221.19  0.3535 -0.460E-01       -200.44  0.3684 -0.946E-01       -174.94  0.3878 -0.166E+00       -152.98  0.4113 -0.267E+00
        272.0000      -69.00  0.4300 -0.286E+01        -80.01  0.4468 -0.271E+01       -111.62  0.3938 -0.209E+01       -161.21  0.3820 -0.962E+00       -174.07  0.3881 -0.303E+00       -157.41  0.4097 -0.256E+00
        273.0000      -77.40  0.4256 -0.178E+01        -82.77  0.4453 -0.175E+01        -95.30  0.4013 -0.166E+01       -117.55  0.3997 -0.142E+01       -141.91  0.4007 -0.892E+00       -157.19  0.4098 -0.331E+00
        274.0000     -142.84  0.3962 -0.772E-01       -137.44  0.4184 -0.180E+00       -129.24  0.3860 -0.428E+00       -126.37  0.3959 -0.707E+00       -126.77  0.4073 -0.810E+00       -144.82  0.4148 -0.516E+00
        275.0000     -170.81  0.3861 -0.497E-02       -163.84  0.4077 -0.670E-01       -151.69  0.3767 -0.222E+00       -141.72  0.3895 -0.420E+00       -131.36  0.4053 -0.571E+00       -136.23  0.4185 -0.543E+00
        276.0000     -188.66  0.3800 -0.241E-02       -181.50  0.4012 -0.449E-01       -167.99  0.3709 -0.149E+00       -154.24  0.3845 -0.284E+00       -138.76  0.4021 -0.427E+00       -134.14  0.4194 -0.490E+00
        277.0000     -202.33  0.3760 -0.167E-02       -195.00  0.3965 -0.301E-01       -180.60  0.3663 -0.111E+00       -164.72  0.3807 -0.219E+00       -146.00  0.3989 -0.336E+00       -135.16  0.4190 -0.434E+00
        278.0000      -21.48  0.4565 -0.650E+01        -24.48  0.4819 -0.643E+01        -31.86  0.4343 -0.613E+01        -54.64  0.4307 -0.514E+01        -99.55  0.4200 -0.247E+01       -133.88  0.4195 -0.498E+00
        279.0000      -44.95  0.4433 -0.290E+01        -46.87  0.4671 -0.291E+01        -49.89  0.4247 -0.292E+01        -55.03  0.4305 -0.293E+01        -58.62  0.4416 -0.280E+01        -83.00  0.4447 -0.187E+01
        280.0000     -108.98  0.4104 -0.195E+00       -103.99  0.4339 -0.306E+00        -94.15  0.4019 -0.591E+00        -83.88  0.4156 -0.983E+00        -70.83  0.4349 -0.140E+01        -64.23  0.4556 -0.170E+01
        281.0000      -88.04  0.4203 -0.114E+01        -90.25  0.4412 -0.113E+01        -92.56  0.4027 -0.109E+01        -91.54  0.4118 -0.107E+01        -81.13  0.4295 -0.113E+01        -69.55  0.4524 -0.131E+01
        282.0000      -35.39  0.4487 -0.404E+01        -38.15  0.4728 -0.399E+01        -43.48  0.4281 -0.381E+01        -53.59  0.4313 -0.342E+01        -60.39  0.4407 -0.268E+01        -66.28  0.4543 -0.171E+01
        283.0000      -36.13  0.4484 -0.364E+01        -37.99  0.4730 -0.363E+01        -40.49  0.4297 -0.361E+01        -44.63  0.4361 -0.356E+01        -44.30  0.4497 -0.341E+01        -44.63  0.4680 -0.292E+01
        284.0000      -92.80  0.4179 -0.502E+00        -89.94  0.4413 -0.595E+00        -82.91  0.4075 -0.846E+00        -74.14  0.4205 -0.120E+01        -60.51  0.4406 -0.164E+01        -47.68  0.4660 -0.218E+01
        285.0000      -84.81  0.4219 -0.112E+01        -86.20  0.4434 -0.112E+01        -86.71  0.4056 -0.114E+01        -83.92  0.4156 -0.118E+01        -72.76  0.4339 -0.130E+01        -59.76  0.4583 -0.158E+01
        286.0000     -127.37  0.4025 -0.139E+00       -122.27  0.4250 -0.212E+00       -111.87  0.3936 -0.410E+00        -99.83  0.4078 -0.663E+00        -83.44  0.4283 -0.943E+00        -68.70  0.4529 -0.129E+01
        287.0000     -122.19  0.4045 -0.483E+00       -122.13  0.4250 -0.491E+00       -119.13  0.3903 -0.520E+00       -110.88  0.4027 -0.596E+00        -94.51  0.4225 -0.741E+00        -78.20  0.4473 -0.101E+01
        288.0000     -157.26  0.3908 -0.230E-01       -150.53  0.4127 -0.807E-01       -137.53  0.3826 -0.227E+00       -122.94  0.3973 -0.401E+00       -103.97  0.4179 -0.596E+00        -87.04  0.4424 -0.853E+00
        289.0000     -175.70  0.3845  0.206E-02       -168.24  0.4061 -0.383E-01       -153.20  0.3762 -0.138E+00       -135.90  0.3919 -0.286E+00       -114.43  0.4129 -0.459E+00        -95.60  0.4376 -0.697E+00
        290.0000     -168.36  0.3870 -0.208E+00       -166.64  0.4067 -0.208E+00       -159.44  0.3740 -0.218E+00       -145.63  0.3879 -0.267E+00       -124.14  0.4084 -0.382E+00       -104.32  0.4333 -0.596E+00
        291.0000      -68.45  0.4303 -0.245E+01        -76.04  0.4490 -0.234E+01        -94.13  0.4019 -0.193E+01       -117.27  0.3998 -0.123E+01       -122.27  0.4092 -0.675E+00       -111.34  0.4298 -0.552E+00
        292.0000      -83.78  0.4224 -0.135E+01        -87.03  0.4429 -0.135E+01        -93.20  0.4024 -0.133E+01       -101.89  0.4069 -0.128E+01       -105.24  0.4173 -0.108E+01       -109.18  0.4309 -0.716E+00
        293.0000     -122.53  0.4044 -0.350E+00       -120.60  0.4257 -0.407E+00       -116.17  0.3917 -0.563E+00       -111.47  0.4025 -0.756E+00       -103.24  0.4183 -0.884E+00       -102.70  0.4341 -0.822E+00
        294.0000     -154.49  0.3918 -0.496E-01       -148.46  0.4136 -0.113E+00       -136.95  0.3829 -0.268E+00       -124.89  0.3965 -0.457E+00       -109.73  0.4151 -0.643E+00       -100.69  0.4351 -0.762E+00
        295.0000     -139.83  0.3975 -0.442E+00       -141.01  0.4169 -0.434E+00       -139.99  0.3816 -0.423E+00       -132.95  0.3932 -0.444E+00       -117.42  0.4114 -0.525E+00       -103.85  0.4335 -0.666E+00
        296.0000     -173.95  0.3851 -0.759E-02       -167.01  0.4066 -0.644E-01       -154.43  0.3758 -0.193E+00       -141.35  0.3897 -0.336E+00       -123.52  0.4086 -0.455E+00       -108.50  0.4312 -0.597E+00
        297.0000     -191.14  0.3792  0.671E-02       -183.58  0.4005 -0.315E-01       -168.82  0.3706 -0.123E+00       -152.18  0.3853 -0.237E+00       -131.48  0.4052 -0.368E+00       -114.47  0.4283 -0.524E+00
        298.0000     -202.85  0.3758 -0.592E-02       -195.59  0.3963 -0.282E-01       -180.40  0.3664 -0.943E-01       -162.13  0.3817 -0.186E+00       -139.50  0.4017 -0.302E+00       -120.44  0.4253 -0.453E+00
        299.0000      -14.75  0.4601 -0.787E+01        -16.37  0.4870 -0.784E+01        -19.55  0.4403 -0.766E+01        -33.82  0.4417 -0.701E+01        -68.75  0.4361 -0.438E+01       -119.36  0.4258 -0.669E+00
        300.0000     -101.76  0.4137 -0.209E+00        -96.71  0.4375 -0.343E+00        -87.13  0.4053 -0.700E+00        -77.87  0.4186 -0.117E+01        -67.31  0.4369 -0.167E+01        -70.42  0.4520 -0.186E+01
        301.0000      -84.05  0.4223 -0.121E+01        -86.06  0.4435 -0.120E+01        -88.03  0.4050 -0.119E+01        -87.22  0.4139 -0.119E+01        -78.03  0.4311 -0.126E+01        -69.05  0.4527 -0.139E+01
        302.0000     -135.28  0.3992 -0.188E-01       -128.43  0.4223 -0.113E+00       -116.05  0.3917 -0.350E+00       -103.67  0.4061 -0.633E+00        -87.84  0.4260 -0.893E+00        -74.64  0.4493 -0.115E+01
        303.0000      -41.38  0.4454 -0.373E+01        -44.98  0.4683 -0.366E+01        -53.05  0.4230 -0.338E+01        -67.24  0.4241 -0.277E+01        -76.11  0.4321 -0.189E+01        -77.62  0.4476 -0.120E+01
        304.0000      -24.86  0.4547 -0.523E+01        -26.30  0.4807 -0.522E+01        -28.09  0.4361 -0.516E+01        -33.24  0.4421 -0.501E+01        -36.30  0.4540 -0.458E+01        -44.94  0.4678 -0.329E+01
        305.0000      -93.81  0.4174 -0.393E+00        -90.06  0.4412 -0.506E+00        -81.65  0.4081 -0.799E+00        -71.82  0.4217 -0.121E+01        -57.59  0.4422 -0.172E+01        -44.32  0.4682 -0.239E+01
        306.0000     -130.17  0.4013 -0.158E-01       -123.13  0.4246 -0.104E+00       -109.73  0.3946 -0.336E+00        -95.06  0.4100 -0.637E+00        -76.60  0.4318 -0.100E+01        -59.66  0.4583 -0.152E+01
        307.0000      -29.17  0.4522 -0.483E+01        -31.68  0.4771 -0.477E+01        -36.66  0.4317 -0.456E+01        -47.48  0.4346 -0.407E+01        -56.26  0.4430 -0.308E+01        -62.51  0.4566 -0.182E+01
        308.0000      -41.08  0.4455 -0.315E+01        -42.69  0.4699 -0.315E+01        -44.57  0.4275 -0.316E+01        -47.42  0.4346 -0.316E+01        -45.11  0.4492 -0.314E+01        -42.70  0.4693 -0.293E+01
        309.0000      -72.55  0.4281 -0.123E+01        -72.63  0.4511 -0.127E+01        -70.85  0.4136 -0.141E+01        -67.00  0.4242 -0.164E+01        -56.86  0.4426 -0.193E+01        -46.12  0.4670 -0.233E+01
        310.0000      -99.16  0.4149 -0.580E+00        -97.68  0.4371 -0.628E+00        -92.88  0.4025 -0.773E+00        -85.08  0.4150 -0.994E+00        -71.15  0.4348 -0.127E+01        -57.41  0.4598 -0.168E+01
        311.0000     -129.71  0.4015 -0.170E+00       -125.13  0.4237 -0.227E+00       -115.11  0.3922 -0.387E+00       -102.56  0.4066 -0.609E+00        -85.09  0.4274 -0.874E+00        -68.97  0.4527 -0.125E+01
        312.0000     -156.67  0.3910 -0.138E-02       -149.38  0.4132 -0.596E-01       -135.18  0.3836 -0.205E+00       -119.07  0.3989 -0.391E+00        -98.72  0.4204 -0.621E+00        -80.48  0.4460 -0.951E+00
        313.0000     -175.61  0.3845  0.127E-01       -167.80  0.4063 -0.271E-01       -152.03  0.3766 -0.128E+00       -133.82  0.3928 -0.277E+00       -111.47  0.4143 -0.464E+00        -91.77  0.4397 -0.746E+00
        314.0000     -142.45  0.3965 -0.521E+00       -145.67  0.4148 -0.487E+00       -147.71  0.3784 -0.407E+00       -140.24  0.3901 -0.357E+00       -121.00  0.4097 -0.416E+00       -101.22  0.4348 -0.621E+00
        315.0000      -89.89  0.4194 -0.156E+01        -97.01  0.4375 -0.148E+01       -111.29  0.3940 -0.124E+01       -124.42  0.3967 -0.868E+00       -120.82  0.4098 -0.606E+00       -107.86  0.4315 -0.585E+00
        316.0000     -105.99  0.4118 -0.852E+00       -108.64  0.4316 -0.858E+00       -112.83  0.3932 -0.872E+00       -116.83  0.4000 -0.866E+00       -113.97  0.4131 -0.783E+00       -109.41  0.4308 -0.648E+00
        317.0000     -154.54  0.3917 -0.120E-01       -147.86  0.4138 -0.101E+00       -137.01  0.3828 -0.309E+00       -128.12  0.3952 -0.516E+00       -116.71  0.4118 -0.636E+00       -109.58  0.4307 -0.658E+00
        318.0000     -177.89  0.3837  0.767E-02       -170.40  0.4053 -0.426E-01       -156.40  0.3750 -0.163E+00       -142.25  0.3893 -0.326E+00       -124.97  0.4080 -0.470E+00       -113.11  0.4290 -0.585E+00
        319.0000     -192.59  0.3787 -0.533E-02       -185.41  0.3998 -0.377E-01       -170.90  0.3698 -0.120E+00       -154.18  0.3845 -0.230E+00       -133.73  0.4042 -0.363E+00       -118.16  0.4264 -0.502E+00
        320.0000     -206.58  0.3748  0.132E-01       -198.56  0.3954 -0.141E-01       -182.66  0.3656 -0.871E-01       -164.31  0.3809 -0.183E+00       -142.10  0.4006 -0.300E+00       -124.00  0.4238 -0.440E+00
        321.0000     -213.50  0.3728 -0.288E-01       -207.26  0.3928 -0.424E-01       -192.89  0.3620 -0.795E-01       -174.17  0.3774 -0.152E+00       -150.61  0.3969 -0.246E+00       -130.68  0.4209 -0.391E+00
        322.0000     -227.43  0.3688 -0.387E-03       -219.92  0.3890 -0.182E-01       -203.99  0.3587 -0.609E-01       -184.16  0.3738 -0.124E+00       -159.61  0.3935 -0.209E+00       -138.65  0.4174 -0.342E+00
        323.0000     -243.13  0.3644  0.241E-01       -234.13  0.3847  0.370E-02       -216.26  0.3550 -0.411E-01       -194.87  0.3701 -0.956E-01       -169.15  0.3899 -0.177E+00       -147.17  0.4138 -0.294E+00
        324.0000     -256.28  0.3614  0.222E-01       -246.99  0.3811  0.105E-01       -227.95  0.3514 -0.282E-01       -205.44  0.3669 -0.787E-01       -178.68  0.3863 -0.150E+00       -155.59  0.4103 -0.253E+00
        325.0000     -266.13  0.3591  0.120E-01       -257.41  0.3785  0.468E-02       -238.36  0.3482 -0.218E-01       -215.25  0.3640 -0.669E-01       -187.78  0.3829 -0.129E+00       -164.22  0.4072 -0.230E+00
        326.0000     -271.38  0.3578  0.575E-03       -263.50  0.3770 -0.388E-02       -245.35  0.3463 -0.211E-01       -222.18  0.3618 -0.607E-01       -194.42  0.3805 -0.115E+00       -170.48  0.4048 -0.212E+00
        327.0000     -280.96  0.3558  0.152E-01       -271.99  0.3751  0.525E-02       -252.86  0.3445 -0.168E-01       -229.09  0.3598 -0.540E-01       -200.97  0.3785 -0.106E+00       -176.73  0.4026 -0.196E+00
        328.0000     -285.05  0.3548 -0.146E-01       -278.53  0.3735 -0.157E-01       -262.00  0.3422 -0.231E-01       -238.50  0.3570 -0.454E-01       -209.92  0.3757 -0.947E-01       -185.00  0.3996 -0.173E+00
        329.0000     -300.23  0.3512  0.195E-01       -290.64  0.3705  0.796E-02       -271.31  0.3399 -0.151E-01       -247.23  0.3546 -0.396E-01       -218.27  0.3731 -0.856E-01       -192.77  0.3968 -0.151E+00
        330.0000     -253.35  0.3621 -0.233E+00       -262.47  0.3774 -0.188E+00       -268.02  0.3407 -0.960E-01       -252.86  0.3532 -0.534E-01       -225.06  0.3709 -0.798E-01       -199.59  0.3948 -0.143E+00
        331.0000     -294.55  0.3525  0.185E-01       -286.16  0.3716 -0.129E-01       -273.86  0.3393 -0.565E-01       -258.06  0.3519 -0.637E-01       -232.43  0.3686 -0.791E-01       -207.71  0.3923 -0.134E+00
        332.0000     -311.66  0.3489  0.199E-01       -302.04  0.3677  0.408E-02       -284.98  0.3365 -0.297E-01       -265.72  0.3500 -0.542E-01       -239.86  0.3663 -0.738E-01       -215.73  0.3899 -0.124E+00
        333.0000     -326.20  0.3462  0.208E-01       -315.94  0.3649  0.114E-01       -296.00  0.3338 -0.153E-01       -274.18  0.3480 -0.437E-01       -247.38  0.3642 -0.670E-01       -223.30  0.3877 -0.115E+00
        334.0000     -338.97  0.3439  0.211E-01       -328.34  0.3625  0.135E-01       -306.88  0.3312 -0.576E-02       -283.06  0.3458 -0.348E-01       -255.19  0.3622 -0.607E-01       -230.67  0.3854 -0.106E+00
        335.0000     -353.42  0.3413  0.284E-01       -341.47  0.3600  0.194E-01       -318.19  0.3290  0.111E-02       -292.10  0.3435 -0.265E-01       -263.18  0.3601 -0.551E-01       -237.91  0.3833 -0.956E-01
        336.0000     -368.99  0.3384  0.289E-01       -356.34  0.3572  0.212E-01       -331.78  0.3264  0.478E-02       -303.66  0.3407 -0.174E-01       -273.49  0.3575 -0.489E-01       -247.47  0.3807 -0.841E-01
        337.0000     -383.98  0.3356  0.294E-01       -370.50  0.3544  0.224E-01       -344.72  0.3238  0.729E-02       -315.35  0.3383 -0.102E-01       -283.60  0.3549 -0.423E-01       -257.57  0.3783 -0.792E-01
        338.0000     -399.45  0.3333  0.290E-01       -385.14  0.3516  0.240E-01       -357.91  0.3212  0.933E-02       -327.55  0.3359 -0.745E-02       -294.31  0.3521 -0.351E-01       -267.71  0.3758 -0.728E-01
        339.0000     -414.67  0.3312  0.283E-01       -399.91  0.3494  0.253E-01       -370.66  0.3187  0.117E-01       -339.16  0.3336 -0.506E-02       -304.85  0.3494 -0.273E-01       -277.44  0.3734 -0.668E-01
        340.0000     -430.54  0.3289  0.295E-01       -414.99  0.3472  0.258E-01       -383.87  0.3161  0.153E-01       -350.77  0.3313 -0.273E-02       -315.79  0.3471 -0.221E-01       -287.03  0.3711 -0.605E-01
        341.0000     -447.21  0.3265  0.301E-01       -430.81  0.3448  0.262E-01       -398.43  0.3138  0.182E-01       -363.02  0.3289 -0.732E-04       -327.35  0.3447 -0.202E-01       -297.03  0.3687 -0.537E-01
        342.0000     -459.93  0.3246  0.224E-01       -444.70  0.3427  0.218E-01       -412.89  0.3115  0.168E-01       -375.75  0.3264  0.297E-02       -339.25  0.3423 -0.185E-01       -307.61  0.3663 -0.455E-01
        343.0000     -471.01  0.3231  0.225E-01       -455.43  0.3411  0.209E-01       -423.49  0.3099  0.159E-01       -385.76  0.3244  0.589E-02       -348.28  0.3404 -0.167E-01       -316.89  0.3645 -0.431E-01
        344.0000     -487.55  0.3208  0.294E-01       -469.28  0.3391  0.241E-01       -435.43  0.3081  0.162E-01       -397.09  0.3227  0.737E-02       -358.24  0.3384 -0.146E-01       -326.63  0.3626 -0.408E-01
        345.0000     -506.14  0.3187  0.288E-01       -486.40  0.3366  0.254E-01       -450.39  0.3058  0.165E-01       -411.20  0.3205  0.788E-02       -370.57  0.3359 -0.116E-01       -338.78  0.3603 -0.378E-01
        346.0000     -525.91  0.3165  0.303E-01       -504.57  0.3345  0.277E-01       -464.76  0.3036  0.176E-01       -424.34  0.3185  0.801E-02       -382.48  0.3334 -0.736E-02       -349.86  0.3582 -0.348E-01
        347.0000     -544.15  0.3145  0.270E-01       -523.00  0.3324  0.258E-01       -481.04  0.3011  0.192E-01       -438.76  0.3163  0.839E-02       -396.27  0.3311 -0.357E-02       -361.93  0.3559 -0.316E-01
        348.0000     -563.17  0.3124  0.288E-01       -540.34  0.3304  0.262E-01       -496.53  0.2991  0.213E-01       -451.47  0.3143  0.887E-02       -408.71  0.3290 -0.386E-02       -372.38  0.3538 -0.284E-01
        349.0000     -588.68  0.3097  0.344E-01       -561.73  0.3280  0.287E-01       -514.67  0.2970  0.217E-01       -466.15  0.3121  0.101E-01       -422.63  0.3268 -0.379E-02       -384.46  0.3516 -0.241E-01
        350.0000     -615.39  0.3067  0.335E-01       -585.81  0.3252  0.284E-01       -536.00  0.2945  0.214E-01       -484.13  0.3093  0.126E-01       -438.94  0.3242 -0.344E-02       -401.09  0.3491 -0.206E-01
        351.0000     -262.17  0.3600 -0.812E+00       -335.80  0.3611 -0.598E+00       -492.95  0.2995 -0.108E+00       -488.50  0.3087  0.859E-02       -443.58  0.3235 -0.299E-02       -405.41  0.3484 -0.206E-01
        352.0000      -77.70  0.4255 -0.327E+01        -97.15  0.4373 -0.308E+01       -185.61  0.3645 -0.212E+01       -444.27  0.3154 -0.224E+00       -452.12  0.3221 -0.448E-02       -414.49  0.3471 -0.200E-01
        353.0000     -155.02  0.3915 -0.555E+00       -163.10  0.4080 -0.618E+00       -192.72  0.3621 -0.763E+00       -294.94  0.3430 -0.655E+00       -443.58  0.3234 -0.793E-01       -424.37  0.3456 -0.192E-01
        354.0000     -220.07  0.3709 -0.666E-01       -217.80  0.3896 -0.148E+00       -225.76  0.3521 -0.335E+00       -279.20  0.3467 -0.464E+00       -402.79  0.3300 -0.203E+00       -435.16  0.3440 -0.197E-01
        355.0000     -264.77  0.3594  0.146E-01       -258.02  0.3785 -0.481E-01       -257.66  0.3433 -0.190E+00       -290.86  0.3439 -0.314E+00       -377.22  0.3345 -0.219E+00       -445.13  0.3425 -0.251E-01
        356.0000     -298.06  0.3517  0.211E-01       -289.97  0.3706 -0.219E-01       -284.96  0.3365 -0.121E+00       -307.56  0.3398 -0.225E+00       -369.31  0.3362 -0.197E+00       -452.64  0.3414 -0.334E-01
        357.0000     -327.14  0.3461  0.228E-01       -317.86  0.3646 -0.590E-02       -309.24  0.3308 -0.823E-01       -325.23  0.3363 -0.166E+00       -369.55  0.3361 -0.167E+00       -457.79  0.3406 -0.413E-01
        358.0000     -353.60  0.3411  0.241E-01       -343.57  0.3596 -0.901E-03       -332.90  0.3261 -0.605E-01       -342.05  0.3330 -0.127E+00       -375.19  0.3350 -0.141E+00       -461.72  0.3401 -0.464E-01
        359.0000     -377.85  0.3367  0.246E-01       -366.87  0.3551  0.405E-02       -353.96  0.3219 -0.445E-01       -358.07  0.3299 -0.990E-01       -383.15  0.3333 -0.120E+00       -466.23  0.3394 -0.490E-01
        360.0000     -283.25  0.3552 -0.341E+00       -310.01  0.3661 -0.266E+00       -350.15  0.3227 -0.128E+00       -366.69  0.3282 -0.897E-01       -386.16  0.3327 -0.105E+00       -463.11  0.3399 -0.529E-01
        361.0000     -124.65  0.4035 -0.175E+01       -149.99  0.4129 -0.157E+01       -236.63  0.3488 -0.932E+00       -350.61  0.3313 -0.223E+00       -389.35  0.3322 -0.987E-01       -460.65  0.3402 -0.547E-01
        362.0000     -223.48  0.3699 -0.100E+00       -223.62  0.3878 -0.188E+00       -240.65  0.3476 -0.371E+00       -306.27  0.3401 -0.365E+00       -385.97  0.3327 -0.136E+00       -462.89  0.3399 -0.538E-01
        363.0000     -274.30  0.3572  0.129E-01       -267.95  0.3760 -0.529E-01       -270.29  0.3402 -0.190E+00       -307.55  0.3399 -0.273E+00       -376.16  0.3347 -0.171E+00       -467.92  0.3391 -0.531E-01
        364.0000     -308.45  0.3495  0.225E-01       -300.15  0.3682 -0.201E-01       -296.09  0.3338 -0.115E+00       -321.01  0.3372 -0.200E+00       -373.63  0.3353 -0.166E+00       -474.03  0.3382 -0.543E-01
        365.0000     -285.34  0.3547 -0.165E+00       -294.11  0.3697 -0.149E+00       -309.48  0.3307 -0.135E+00       -332.37  0.3349 -0.158E+00       -372.09  0.3355 -0.151E+00       -474.75  0.3381 -0.575E-01
end
