 ******* Program HYDRUS
 ******* 
 Welcome to HYDRUS-1D                                                    
 Date:  17. 6.    Time:   0: 6:38
 Units: L = cm   , T = days , M = mmol 


    TLevel      Time          dt      Iter    ItCum  KodT  KodB  Convergency

       23  0.1000000E+01  0.19523E+00    2       46    -4    -5     T
       26  0.2000000E+01  0.37500E+00    2       52    -4    -5     T
       28  0.3000000E+01  0.50000E+00    2       56    -4    -5     T
       50  0.4000000E+01  0.19550E+00    2      100    -4    -5     T
       53  0.5000000E+01  0.37500E+00    2      106    -4    -5     T
       55  0.6000000E+01  0.50000E+00    2      110    -4    -5     T
       57  0.7000000E+01  0.50000E+00    2      114    -4    -5     T
       58  0.8000000E+01  0.10000E+01    2      116    -4    -5     T
       59  0.9000000E+01  0.10000E+01    2      118    -4    -5     T
       60  0.1000000E+02  0.10000E+01    2      120    -4    -5     T
       61  0.1100000E+02  0.10000E+01    2      122    -4    -5     T
       62  0.1200000E+02  0.10000E+01    2      124    -4    -5     T
       63  0.1300000E+02  0.10000E+01    2      126    -4    -5     T
       64  0.1400000E+02  0.10000E+01    2      128    -4    -5     T
       65  0.1500000E+02  0.10000E+01    2      130    -4    -5     T
       66  0.1600000E+02  0.10000E+01    2      132    -4    -5     T
       67  0.1700000E+02  0.10000E+01    2      134    -4    -5     T
       68  0.1800000E+02  0.10000E+01    2      136    -4    -5     T
       69  0.1900000E+02  0.10000E+01    2      138    -4    -5     T
       70  0.2000000E+02  0.10000E+01    2      140    -4    -5     T
       71  0.2100000E+02  0.10000E+01    2      142    -4    -5     T
       72  0.2200000E+02  0.10000E+01    2      144    -4    -5     T
       73  0.2300000E+02  0.10000E+01    2      146    -4    -5     T
       74  0.2400000E+02  0.10000E+01    2      148    -4    -5     T
       75  0.2500000E+02  0.10000E+01    2      150    -4    -5     T
       76  0.2600000E+02  0.10000E+01    3      153    -4    -5     T
      100  0.2700000E+02  0.15636E+00    4      214    -4    -5     T
      105  0.2800000E+02  0.25714E+00    4      232    -4    -5     T
      109  0.2900000E+02  0.25000E+00    2      243    -4    -5     T
      111  0.3000000E+02  0.50000E+00    2      247    -4    -5     T
      113  0.3100000E+02  0.50000E+00    2      251    -4    -5     T
      114  0.3200000E+02  0.10000E+01    2      253    -4    -5     T
      115  0.3300000E+02  0.10000E+01    2      255    -4    -5     T
      116  0.3400000E+02  0.10000E+01    2      257    -4    -5     T
      117  0.3500000E+02  0.10000E+01    2      259    -4    -5     T
      118  0.3600000E+02  0.10000E+01    3      262    -4    -5     T
      119  0.3700000E+02  0.10000E+01    3      265    -4    -5     T
      120  0.3800000E+02  0.10000E+01    2      267    -4    -5     T
      121  0.3900000E+02  0.10000E+01    3      270    -4    -5     T
      143  0.4000000E+02  0.19550E+00    2      316    -4    -5     T
      147  0.4100000E+02  0.25000E+00    2      326    -4    -5     T
      175  0.4200000E+02  0.11724E+00    4      411    -4    -5     T
      181  0.4300000E+02  0.35556E+00    3      432    -4    -5     T
      184  0.4400000E+02  0.33333E+00    2      439    -4    -5     T
      186  0.4500000E+02  0.50000E+00    2      443    -4    -5     T
      187  0.4600000E+02  0.10000E+01    2      445    -4    -5     T
      188  0.4700000E+02  0.10000E+01    3      448    -4    -5     T
      189  0.4800000E+02  0.10000E+01    3      451    -4    -5     T
      190  0.4900000E+02  0.10000E+01    3      454    -4    -5     T
      191  0.5000000E+02  0.10000E+01    3      457    -4    -5     T
      192  0.5100000E+02  0.10000E+01    3      460    -4    -5     T
      214  0.5200000E+02  0.19550E+00    2      504    -4    -5     T
      217  0.5300000E+02  0.37500E+00    2      511    -4    -5     T
      219  0.5400000E+02  0.50000E+00    2      515    -4    -5     T
      221  0.5500000E+02  0.50000E+00    2      519    -4    -5     T
      243  0.5600000E+02  0.19550E+00    2      563    -4    -5     T
      246  0.5700000E+02  0.37500E+00    2      570    -4    -5     T
      248  0.5800000E+02  0.50000E+00    2      575    -4    -5     T
      250  0.5900000E+02  0.50000E+00    2      580    -4    -5     T
      251  0.6000000E+02  0.10000E+01    3      583    -4    -5     T
      252  0.6100000E+02  0.10000E+01    4      587    -4    -5     T
      253  0.6200000E+02  0.10000E+01    6      593    -4    -5     T
      254  0.6300000E+02  0.10000E+01    4      597     4    -5     T
      255  0.6400000E+02  0.10000E+01    3      600     4    -5     T
      256  0.6500000E+02  0.10000E+01    2      602     4    -5     T
      257  0.6600000E+02  0.10000E+01    2      604     4    -5     T
      258  0.6700000E+02  0.10000E+01    2      606     4    -5     T
      259  0.6800000E+02  0.10000E+01    2      608     4    -5     T
      260  0.6900000E+02  0.10000E+01    2      610     4    -5     T
      261  0.7000000E+02  0.10000E+01    2      612     4    -5     T
      262  0.7100000E+02  0.10000E+01    2      614     4    -5     T
      263  0.7200000E+02  0.10000E+01    2      616     4    -5     T
      264  0.7300000E+02  0.10000E+01    2      618     4    -5     T
      288  0.7400000E+02  0.11916E+00    3      678    -4    -5     T
      310  0.7500000E+02  0.27805E+00    6      732    -4    -5     T
      314  0.7600000E+02  0.30000E+00    3      746    -4    -5     T
      317  0.7700000E+02  0.33333E+00    3      755    -4    -5     T
      319  0.7800000E+02  0.50000E+00    3      761    -4    -5     T
      320  0.7900000E+02  0.10000E+01    4      765     4    -5     T
      321  0.8000000E+02  0.10000E+01    3      768     4    -5     T
      322  0.8100000E+02  0.10000E+01    2      770     4    -5     T
      323  0.8200000E+02  0.10000E+01    2      772     4    -5     T
      324  0.8300000E+02  0.10000E+01    2      774     4    -5     T
      325  0.8400000E+02  0.10000E+01    2      776     4    -5     T
      326  0.8500000E+02  0.10000E+01    2      778     4    -5     T
      327  0.8600000E+02  0.10000E+01    2      780     4    -5     T
      328  0.8700000E+02  0.10000E+01    2      782     4    -5     T
      329  0.8800000E+02  0.10000E+01    2      784     4    -5     T
      330  0.8900000E+02  0.10000E+01    2      786     4    -5     T
      331  0.9000000E+02  0.10000E+01    2      788     4    -5     T
      332  0.9100000E+02  0.10000E+01    2      790     4    -5     T
      333  0.9200000E+02  0.10000E+01    2      792     4    -5     T
      334  0.9300000E+02  0.10000E+01    2      794     4    -5     T
      335  0.9400000E+02  0.10000E+01    2      796     4    -5     T
      336  0.9500000E+02  0.10000E+01    2      798     4    -5     T
      337  0.9600000E+02  0.10000E+01    2      800     4    -5     T
      338  0.9700000E+02  0.10000E+01    2      802     4    -5     T
      339  0.9800000E+02  0.10000E+01    2      804     4    -5     T
      340  0.9900000E+02  0.10000E+01    2      806     4    -5     T
      341  0.1000000E+03  0.10000E+01    2      808     4    -5     T
      342  0.1010000E+03  0.10000E+01    2      810     4    -5     T
      343  0.1020000E+03  0.10000E+01    2      812     4    -5     T
      344  0.1030000E+03  0.10000E+01    2      814     4    -5     T
      345  0.1040000E+03  0.10000E+01    2      816     4    -5     T
      346  0.1050000E+03  0.10000E+01    2      818     4    -5     T
      347  0.1060000E+03  0.10000E+01    2      820     4    -5     T
      348  0.1070000E+03  0.10000E+01    2      822     4    -5     T
      349  0.1080000E+03  0.10000E+01    2      824     4    -5     T
      350  0.1090000E+03  0.10000E+01    2      826     4    -5     T
      351  0.1100000E+03  0.10000E+01    2      828     4    -5     T
      352  0.1110000E+03  0.10000E+01    2      830     4    -5     T
      353  0.1120000E+03  0.10000E+01    2      832     4    -5     T
      354  0.1130000E+03  0.10000E+01    2      834     4    -5     T
      355  0.1140000E+03  0.10000E+01    2      836     4    -5     T
      356  0.1150000E+03  0.10000E+01    2      838     4    -5     T
      378  0.1160000E+03  0.19550E+00    2      882    -4    -5     T
      402  0.1170000E+03  0.12506E+00    3      941    -4    -5     T
      434  0.1180000E+03  0.70619E-01    5     1048    -4    -5     T
      442  0.1190000E+03  0.21673E+00    3     1075    -4    -5     T
      445  0.1200000E+03  0.37500E+00    3     1084    -4    -5     T
      467  0.1210000E+03  0.19550E+00    2     1128    -4    -5     T
      490  0.1220000E+03  0.21450E+00    5     1187    -4    -5     T
      496  0.1230000E+03  0.19048E+00    2     1206    -4    -5     T
      499  0.1240000E+03  0.33333E+00    2     1213    -4    -5     T
      501  0.1250000E+03  0.50000E+00    2     1218    -4    -5     T
      523  0.1260000E+03  0.19550E+00    2     1262    -4    -5     T
      527  0.1270000E+03  0.25000E+00    2     1272    -4    -5     T
      529  0.1280000E+03  0.50000E+00    2     1276    -4    -5     T
      531  0.1290000E+03  0.50000E+00    2     1281    -4    -5     T
      532  0.1300000E+03  0.10000E+01    2     1283    -4    -5     T
      533  0.1310000E+03  0.10000E+01    2     1285    -4    -5     T
      534  0.1320000E+03  0.10000E+01    3     1288    -4    -5     T
      535  0.1330000E+03  0.10000E+01    3     1291    -4    -5     T
      536  0.1340000E+03  0.10000E+01    4     1295    -4    -5     T
      537  0.1350000E+03  0.10000E+01    4     1299    -4    -5     T
      538  0.1360000E+03  0.10000E+01    2     1301    -4    -5     T
      539  0.1370000E+03  0.10000E+01    3     1304    -4    -5     T
      568  0.1380000E+03  0.87188E-01    4     1393    -4    -5     T
      575  0.1390000E+03  0.18903E+00    2     1413    -4    -5     T
      578  0.1400000E+03  0.33333E+00    2     1419    -4    -5     T
      580  0.1410000E+03  0.50000E+00    2     1423    -4    -5     T
      581  0.1420000E+03  0.10000E+01    3     1426    -4    -5     T
      582  0.1430000E+03  0.10000E+01    2     1428    -4    -5     T
      583  0.1440000E+03  0.10000E+01    3     1431    -4    -5     T
      584  0.1450000E+03  0.10000E+01    3     1434    -4    -5     T
      609  0.1460000E+03  0.12119E+00    4     1503    -4    -5     T
      631  0.1470000E+03  0.19550E+00    2     1547    -4    -5     T
      635  0.1480000E+03  0.25000E+00    2     1557    -4    -5     T
      637  0.1490000E+03  0.50000E+00    2     1561    -4    -5     T
      639  0.1500000E+03  0.50000E+00    2     1565    -4    -5     T
      661  0.1510000E+03  0.19550E+00    4     1617    -4    -5     T
      683  0.1520000E+03  0.19550E+00    2     1661    -4    -5     T
      686  0.1530000E+03  0.37500E+00    2     1667    -4    -5     T
      708  0.1540000E+03  0.19550E+00    2     1711    -4    -5     T
      711  0.1550000E+03  0.37500E+00    2     1717    -4    -5     T
      713  0.1560000E+03  0.50000E+00    2     1721    -4    -5     T
      715  0.1570000E+03  0.50000E+00    2     1725    -4    -5     T
      716  0.1580000E+03  0.10000E+01    3     1728    -4    -5     T
      717  0.1590000E+03  0.10000E+01    3     1731    -4    -5     T
      718  0.1600000E+03  0.10000E+01    3     1734    -4    -5     T
      740  0.1610000E+03  0.19550E+00    2     1778    -4    -5     T
      769  0.1620000E+03  0.80154E-01    4     1870    -4    -5     T
      776  0.1630000E+03  0.18903E+00    3     1893    -4    -5     T
      779  0.1640000E+03  0.33333E+00    2     1901    -4    -5     T
      781  0.1650000E+03  0.50000E+00    2     1905    -4    -5     T
      782  0.1660000E+03  0.10000E+01    4     1909    -4    -5     T
      783  0.1670000E+03  0.10000E+01    3     1912    -4    -5     T
      808  0.1680000E+03  0.20153E+00    5     1983    -4    -5     T
      879  0.1690000E+03  0.17477E-01    6     2316    -4    -5     T
      928  0.1700000E+03  0.40947E-01    4     2492    -4    -5     T
      958  0.1710000E+03  0.80612E-01    5     2586    -4    -5     T
      969  0.1720000E+03  0.13004E+00    5     2630    -4    -5     T
      976  0.1730000E+03  0.15556E+00    4     2659    -4    -5     T
      982  0.1740000E+03  0.19048E+00    3     2681    -4    -5     T
      986  0.1750000E+03  0.25000E+00    4     2698    -4    -5     T
      990  0.1760000E+03  0.25000E+00    3     2711    -4    -5     T
      992  0.1770000E+03  0.50000E+00    5     2721    -4    -5     T
      994  0.1780000E+03  0.50000E+00    5     2731    -4    -5     T
     1016  0.1790000E+03  0.19550E+00    2     2775    -4    -5     T
     1019  0.1800000E+03  0.37500E+00    3     2782    -4    -5     T
     1021  0.1810000E+03  0.50000E+00    3     2788    -4    -5     T
     1023  0.1820000E+03  0.50000E+00    3     2794    -4    -5     T
     1024  0.1830000E+03  0.10000E+01    4     2798    -4    -5     T
     1046  0.1840000E+03  0.19550E+00    2     2842    -4    -5     T
     1068  0.1850000E+03  0.19550E+00    2     2886    -4    -5     T
     1090  0.1860000E+03  0.19550E+00    2     2930    -4    -5     T
     1112  0.1870000E+03  0.19550E+00    2     2974    -4    -5     T
     1134  0.1880000E+03  0.19550E+00    2     3018    -4    -5     T
     1156  0.1890000E+03  0.19550E+00    2     3062    -4    -5     T
     1178  0.1900000E+03  0.19550E+00    2     3106    -4    -5     T
     1200  0.1910000E+03  0.19550E+00    2     3150    -4    -5     T
     1260  0.1920000E+03  0.24408E-01    4     3380    -4    -5     T
     1295  0.1930000E+03  0.79492E-01    5     3495    -4    -5     T
     1321  0.1940000E+03  0.83371E-01    4     3570    -4    -5     T
     1346  0.1950000E+03  0.89373E-01    4     3637    -4    -5     T
     1370  0.1960000E+03  0.10427E+00    4     3700    -4    -5     T
     1395  0.1970000E+03  0.89373E-01    4     3767    -4    -5     T
     1419  0.1980000E+03  0.10427E+00    4     3829    -4    -5     T
     1428  0.1990000E+03  0.11111E+00    3     3864    -4    -5     T
     1435  0.2000000E+03  0.14286E+00    4     3892    -4    -5     T
     1457  0.2010000E+03  0.19550E+00    4     3942    -4    -5     T
     1479  0.2020000E+03  0.19550E+00    4     3991    -4    -5     T
     1501  0.2030000E+03  0.26067E+00    5     4045    -4    -5     T
     1523  0.2040000E+03  0.19550E+00    3     4091    -4    -5     T
     1545  0.2050000E+03  0.19550E+00    4     4138    -4    -5     T
     1567  0.2060000E+03  0.19550E+00    4     4186    -4    -5     T
     1589  0.2070000E+03  0.19550E+00    4     4236    -4    -5     T
     1611  0.2080000E+03  0.19550E+00    4     4285    -4    -5     T
     1633  0.2090000E+03  0.19550E+00    4     4334    -4    -5     T
     1660  0.2100000E+03  0.16755E+00    7     4420    -4    -5     T
     1683  0.2110000E+03  0.20554E+00    4     4473    -4    -5     T
     1705  0.2120000E+03  0.19550E+00    6     4526    -4    -5     T
     1712  0.2130000E+03  0.13333E+00    5     4561    -4    -5     T
     1720  0.2140000E+03  0.12500E+00    4     4595    -4    -5     T
     1725  0.2150000E+03  0.23333E+00    3     4610    -4    -5     T
     1727  0.2160000E+03  0.66667E+00    4     4617    -4    -5     T
     1729  0.2170000E+03  0.50000E+00    2     4622    -4    -5     T
     1731  0.2180000E+03  0.50000E+00    2     4626    -4    -5     T
     1753  0.2190000E+03  0.19550E+00    2     4670    -4    -5     T
     1756  0.2200000E+03  0.37500E+00    2     4676    -4    -5     T
     1778  0.2210000E+03  0.19550E+00    2     4720    -4    -5     T
     1800  0.2220000E+03  0.19550E+00    3     4766    -4    -5     T
     1823  0.2230000E+03  0.14300E+00    4     4825    -4    -5     T
     1845  0.2240000E+03  0.19550E+00    3     4871    -4    -5     T
     1849  0.2250000E+03  0.25000E+00    3     4885    -4    -5     T
     1871  0.2260000E+03  0.19550E+00    2     4929    -4    -5     T
     1893  0.2270000E+03  0.19550E+00    2     4973    -4    -5     T
     1915  0.2280000E+03  0.19550E+00    2     5017    -4    -5     T
     1937  0.2290000E+03  0.19550E+00    2     5061    -4    -5     T
     1959  0.2300000E+03  0.19550E+00    2     5105    -4    -5     T
     1962  0.2310000E+03  0.37500E+00    2     5111    -4    -5     T
     1964  0.2320000E+03  0.50000E+00    2     5115    -4    -5     T
     1986  0.2330000E+03  0.19550E+00    2     5159    -4    -5     T
     2008  0.2340000E+03  0.19550E+00    2     5203    -4    -5     T
     2030  0.2350000E+03  0.19550E+00    2     5247    -4    -5     T
     2052  0.2360000E+03  0.19550E+00    3     5293    -4    -5     T
     2074  0.2370000E+03  0.19550E+00    2     5337    -4    -5     T
     2096  0.2380000E+03  0.19550E+00    2     5381    -4    -5     T
     2118  0.2390000E+03  0.19550E+00    3     5430    -4    -5     T
     2140  0.2400000E+03  0.19550E+00    2     5474    -4    -5     T
     2162  0.2410000E+03  0.19550E+00    2     5518    -4    -5     T
     2184  0.2420000E+03  0.19550E+00    2     5562    -4    -5     T
     2206  0.2430000E+03  0.19550E+00    2     5606    -4    -5     T
     2209  0.2440000E+03  0.37500E+00    2     5612    -4    -5     T
     2231  0.2450000E+03  0.19550E+00    2     5656    -4    -5     T
     2253  0.2460000E+03  0.19550E+00    2     5700    -4    -5     T
     2275  0.2470000E+03  0.19550E+00    2     5744    -4    -5     T
     2278  0.2480000E+03  0.37500E+00    2     5750    -4    -5     T
     2300  0.2490000E+03  0.19550E+00    2     5794    -4    -5     T
     2322  0.2500000E+03  0.19550E+00    2     5838    -4    -5     T
     2345  0.2510000E+03  0.14300E+00    3     5895    -4    -5     T
     2367  0.2520000E+03  0.19550E+00    4     5946    -4    -5     T
     2389  0.2530000E+03  0.19550E+00    2     5990    -4    -5     T
     2411  0.2540000E+03  0.19550E+00    2     6034    -4    -5     T
     2433  0.2550000E+03  0.19550E+00    2     6078    -4    -5     T
     2455  0.2560000E+03  0.19550E+00    3     6127    -4    -5     T
     2477  0.2570000E+03  0.19550E+00    2     6171    -4    -5     T
     2499  0.2580000E+03  0.19550E+00    2     6215    -4    -5     T
     2502  0.2590000E+03  0.37500E+00    2     6221    -4    -5     T
     2504  0.2600000E+03  0.50000E+00    2     6225    -4    -5     T
     2526  0.2610000E+03  0.19550E+00    2     6269    -4    -5     T
     2529  0.2620000E+03  0.37500E+00    2     6275    -4    -5     T
     2551  0.2630000E+03  0.19550E+00    3     6321    -4    -5     T
     2573  0.2640000E+03  0.19550E+00    2     6365    -4    -5     T
     2576  0.2650000E+03  0.37500E+00    2     6371    -4    -5     T
     2578  0.2660000E+03  0.50000E+00    2     6375    -4    -5     T
     2580  0.2670000E+03  0.50000E+00    2     6379    -4    -5     T
     2581  0.2680000E+03  0.10000E+01    2     6381    -4    -5     T
     2582  0.2690000E+03  0.10000E+01    2     6383    -4    -5     T
     2604  0.2700000E+03  0.19550E+00    2     6427    -4    -5     T
     2607  0.2710000E+03  0.37500E+00    2     6433    -4    -5     T
     2630  0.2720000E+03  0.14300E+00    3     6491    -4    -5     T
     2652  0.2730000E+03  0.19550E+00    2     6535    -4    -5     T
     2674  0.2740000E+03  0.19550E+00    2     6579    -4    -5     T
     2677  0.2750000E+03  0.37500E+00    2     6585    -4    -5     T
     2679  0.2760000E+03  0.50000E+00    2     6589    -4    -5     T
     2681  0.2770000E+03  0.50000E+00    2     6593    -4    -5     T
     2709  0.2780000E+03  0.16728E+00    6     6682    -4    -5     T
     2731  0.2790000E+03  0.19550E+00    3     6728    -4    -5     T
     2753  0.2800000E+03  0.19550E+00    2     6772    -4    -5     T
     2775  0.2810000E+03  0.19550E+00    2     6816    -4    -5     T
     2797  0.2820000E+03  0.19550E+00    3     6866    -4    -5     T
     2801  0.2830000E+03  0.25000E+00    2     6879    -4    -5     T
     2823  0.2840000E+03  0.19550E+00    2     6923    -4    -5     T
     2845  0.2850000E+03  0.19550E+00    2     6967    -4    -5     T
     2867  0.2860000E+03  0.19550E+00    2     7011    -4    -5     T
     2889  0.2870000E+03  0.19550E+00    2     7055    -4    -5     T
     2911  0.2880000E+03  0.19550E+00    2     7099    -4    -5     T
     2914  0.2890000E+03  0.37500E+00    2     7105    -4    -5     T
     2936  0.2900000E+03  0.19550E+00    2     7149    -4    -5     T
     2958  0.2910000E+03  0.19550E+00    3     7198    -4    -5     T
     2980  0.2920000E+03  0.19550E+00    2     7242    -4    -5     T
     3002  0.2930000E+03  0.19550E+00    2     7286    -4    -5     T
     3024  0.2940000E+03  0.19550E+00    2     7330    -4    -5     T
     3046  0.2950000E+03  0.19550E+00    2     7374    -4    -5     T
     3049  0.2960000E+03  0.37500E+00    2     7380    -4    -5     T
     3051  0.2970000E+03  0.50000E+00    2     7384    -4    -5     T
     3073  0.2980000E+03  0.19550E+00    2     7428    -4    -5     T
     3103  0.2990000E+03  0.90004E-01    4     7527    -4    -5     T
     3125  0.3000000E+03  0.19550E+00    2     7575    -4    -5     T
     3147  0.3010000E+03  0.19550E+00    2     7619    -4    -5     T
     3151  0.3020000E+03  0.25000E+00    2     7629    -4    -5     T
     3173  0.3030000E+03  0.19550E+00    4     7682    -4    -5     T
     3195  0.3040000E+03  0.19550E+00    4     7731    -4    -5     T
     3217  0.3050000E+03  0.19550E+00    2     7775    -4    -5     T
     3220  0.3060000E+03  0.37500E+00    2     7781    -4    -5     T
     3243  0.3070000E+03  0.14300E+00    3     7840    -4    -5     T
     3265  0.3080000E+03  0.19550E+00    2     7884    -4    -5     T
     3287  0.3090000E+03  0.19550E+00    2     7928    -4    -5     T
     3309  0.3100000E+03  0.19550E+00    2     7972    -4    -5     T
     3331  0.3110000E+03  0.19550E+00    2     8016    -4    -5     T
     3334  0.3120000E+03  0.37500E+00    2     8022    -4    -5     T
     3336  0.3130000E+03  0.50000E+00    2     8026    -4    -5     T
     3358  0.3140000E+03  0.19550E+00    2     8070    -4    -5     T
     3380  0.3150000E+03  0.19550E+00    2     8114    -4    -5     T
     3402  0.3160000E+03  0.19550E+00    2     8158    -4    -5     T
     3405  0.3170000E+03  0.37500E+00    2     8164    -4    -5     T
     3407  0.3180000E+03  0.50000E+00    2     8168    -4    -5     T
     3409  0.3190000E+03  0.50000E+00    2     8172    -4    -5     T
     3410  0.3200000E+03  0.10000E+01    2     8174    -4    -5     T
     3432  0.3210000E+03  0.19550E+00    2     8218    -4    -5     T
     3435  0.3220000E+03  0.37500E+00    2     8224    -4    -5     T
     3437  0.3230000E+03  0.50000E+00    2     8228    -4    -5     T
     3439  0.3240000E+03  0.50000E+00    2     8232    -4    -5     T
     3440  0.3250000E+03  0.10000E+01    2     8234    -4    -5     T
     3441  0.3260000E+03  0.10000E+01    2     8236    -4    -5     T
     3442  0.3270000E+03  0.10000E+01    2     8238    -4    -5     T
     3464  0.3280000E+03  0.19550E+00    2     8282    -4    -5     T
     3467  0.3290000E+03  0.37500E+00    2     8288    -4    -5     T
     3489  0.3300000E+03  0.19550E+00    2     8332    -4    -5     T
     3492  0.3310000E+03  0.37500E+00    2     8339    -4    -5     T
     3494  0.3320000E+03  0.50000E+00    2     8343    -4    -5     T
     3496  0.3330000E+03  0.50000E+00    2     8347    -4    -5     T
     3497  0.3340000E+03  0.10000E+01    2     8349    -4    -5     T
     3498  0.3350000E+03  0.10000E+01    2     8351    -4    -5     T
     3499  0.3360000E+03  0.10000E+01    2     8353    -4    -5     T
     3500  0.3370000E+03  0.10000E+01    2     8355    -4    -5     T
     3501  0.3380000E+03  0.10000E+01    2     8357    -4    -5     T
     3502  0.3390000E+03  0.10000E+01    2     8359    -4    -5     T
     3503  0.3400000E+03  0.10000E+01    2     8361    -4    -5     T
     3504  0.3410000E+03  0.10000E+01    2     8363    -4    -5     T
     3505  0.3420000E+03  0.10000E+01    2     8365    -4    -5     T
     3506  0.3430000E+03  0.10000E+01    2     8367    -4    -5     T
     3507  0.3440000E+03  0.10000E+01    2     8369    -4    -5     T
     3508  0.3450000E+03  0.10000E+01    2     8371    -4    -5     T
     3509  0.3460000E+03  0.10000E+01    2     8373    -4    -5     T
     3510  0.3470000E+03  0.10000E+01    2     8375    -4    -5     T
     3511  0.3480000E+03  0.10000E+01    2     8377    -4    -5     T
     3512  0.3490000E+03  0.10000E+01    2     8379    -4    -5     T
     3513  0.3500000E+03  0.10000E+01    2     8381    -4    -5     T
     3535  0.3510000E+03  0.19550E+00    3     8432    -4    -5     T
     3560  0.3520000E+03  0.13276E+00    4     8503    -4    -5     T
     3582  0.3530000E+03  0.19550E+00    2     8548    -4    -5     T
     3604  0.3540000E+03  0.19550E+00    2     8592    -4    -5     T
     3607  0.3550000E+03  0.37500E+00    2     8598    -4    -5     T
     3609  0.3560000E+03  0.50000E+00    2     8602    -4    -5     T
     3611  0.3570000E+03  0.50000E+00    2     8606    -4    -5     T
     3612  0.3580000E+03  0.10000E+01    2     8608    -4    -5     T
     3613  0.3590000E+03  0.10000E+01    2     8610    -4    -5     T
     3635  0.3600000E+03  0.19550E+00    2     8654    -4    -5     T
     3657  0.3610000E+03  0.19550E+00    4     8705    -4    -5     T
     3679  0.3620000E+03  0.19550E+00    2     8749    -4    -5     T
     3682  0.3630000E+03  0.37500E+00    2     8755    -4    -5     T
     3684  0.3640000E+03  0.50000E+00    2     8759    -4    -5     T
     3706  0.3650000E+03  0.19550E+00    2     8803    -4    -5     T
end
